2021-10-02 16:23:35,523 - INFO - root - Hello! This is Joey-NMT (version 1.3).
2021-10-02 16:23:35,586 - INFO - joeynmt.data - Loading training data...
2021-10-02 16:23:39,873 - INFO - joeynmt.data - Building vocabulary...
2021-10-02 16:29:47,881 - INFO - joeynmt.data - Loading dev data...
2021-10-02 16:29:47,959 - INFO - joeynmt.data - Loading test data...
2021-10-02 16:29:48,045 - INFO - joeynmt.data - Data loaded.
2021-10-02 16:29:48,045 - INFO - joeynmt.model - Building an encoder-decoder model...
2021-10-02 16:29:51,573 - INFO - joeynmt.model - Enc-dec model built.
2021-10-02 16:29:51,584 - INFO - joeynmt.training - Total params: 157995000
2021-10-02 16:29:56,477 - INFO - joeynmt.helpers - cfg.name                           : test_big_boi
2021-10-02 16:29:56,478 - INFO - joeynmt.helpers - cfg.data.src                       : tr
2021-10-02 16:29:56,478 - INFO - joeynmt.helpers - cfg.data.trg                       : en
2021-10-02 16:29:56,478 - INFO - joeynmt.helpers - cfg.data.train                     : ../2DL4NLP/all_data/train_big
2021-10-02 16:29:56,478 - INFO - joeynmt.helpers - cfg.data.dev                       : ../2DL4NLP/all_data/val_big
2021-10-02 16:29:56,478 - INFO - joeynmt.helpers - cfg.data.test                      : ../2DL4NLP/all_data/test_big
2021-10-02 16:29:56,478 - INFO - joeynmt.helpers - cfg.data.level                     : bpe
2021-10-02 16:29:56,478 - INFO - joeynmt.helpers - cfg.data.lowercase                 : False
2021-10-02 16:29:56,478 - INFO - joeynmt.helpers - cfg.data.max_sent_length           : 50
2021-10-02 16:29:56,478 - INFO - joeynmt.helpers - cfg.data.src_voc_min_freq          : 0
2021-10-02 16:29:56,478 - INFO - joeynmt.helpers - cfg.data.src_voc_limit             : 100000
2021-10-02 16:29:56,478 - INFO - joeynmt.helpers - cfg.data.trg_voc_min_freq          : 0
2021-10-02 16:29:56,478 - INFO - joeynmt.helpers - cfg.data.trg_voc_limit             : 100000
2021-10-02 16:29:56,478 - INFO - joeynmt.helpers - cfg.testing.beam_size              : 5
2021-10-02 16:29:56,479 - INFO - joeynmt.helpers - cfg.testing.alpha                  : 1.0
2021-10-02 16:29:56,479 - INFO - joeynmt.helpers - cfg.training.random_seed           : 42
2021-10-02 16:29:56,479 - INFO - joeynmt.helpers - cfg.training.optimizer             : adam
2021-10-02 16:29:56,479 - INFO - joeynmt.helpers - cfg.training.learning_rate         : 0.0003
2021-10-02 16:29:56,479 - INFO - joeynmt.helpers - cfg.training.learning_rate_min     : 5e-07
2021-10-02 16:29:56,479 - INFO - joeynmt.helpers - cfg.training.weight_decay          : 0.0
2021-10-02 16:29:56,479 - INFO - joeynmt.helpers - cfg.training.clip_grad_norm        : 1.0
2021-10-02 16:29:56,479 - INFO - joeynmt.helpers - cfg.training.batch_size            : 80
2021-10-02 16:29:56,479 - INFO - joeynmt.helpers - cfg.training.scheduling            : plateau
2021-10-02 16:29:56,479 - INFO - joeynmt.helpers - cfg.training.patience              : 10
2021-10-02 16:29:56,479 - INFO - joeynmt.helpers - cfg.training.decrease_factor       : 0.5
2021-10-02 16:29:56,479 - INFO - joeynmt.helpers - cfg.training.early_stopping_metric : eval_metric
2021-10-02 16:29:56,479 - INFO - joeynmt.helpers - cfg.training.epochs                : 20
2021-10-02 16:29:56,479 - INFO - joeynmt.helpers - cfg.training.validation_freq       : 100
2021-10-02 16:29:56,479 - INFO - joeynmt.helpers - cfg.training.logging_freq          : 1000
2021-10-02 16:29:56,480 - INFO - joeynmt.helpers - cfg.training.eval_metric           : bleu
2021-10-02 16:29:56,480 - INFO - joeynmt.helpers - cfg.training.model_dir             : models/test_big_boi_tr_en
2021-10-02 16:29:56,480 - INFO - joeynmt.helpers - cfg.training.overwrite             : True
2021-10-02 16:29:56,480 - INFO - joeynmt.helpers - cfg.training.shuffle               : True
2021-10-02 16:29:56,480 - INFO - joeynmt.helpers - cfg.training.use_cuda              : True
2021-10-02 16:29:56,480 - INFO - joeynmt.helpers - cfg.training.max_output_length     : 100
2021-10-02 16:29:56,480 - INFO - joeynmt.helpers - cfg.training.print_valid_sents     : [0, 1, 2]
2021-10-02 16:29:56,480 - INFO - joeynmt.helpers - cfg.model.encoder.rnn_type         : lstm
2021-10-02 16:29:56,480 - INFO - joeynmt.helpers - cfg.model.encoder.embeddings.embedding_dim : 500
2021-10-02 16:29:56,480 - INFO - joeynmt.helpers - cfg.model.encoder.embeddings.scale : False
2021-10-02 16:29:56,480 - INFO - joeynmt.helpers - cfg.model.encoder.hidden_size      : 500
2021-10-02 16:29:56,480 - INFO - joeynmt.helpers - cfg.model.encoder.bidirectional    : False
2021-10-02 16:29:56,480 - INFO - joeynmt.helpers - cfg.model.encoder.dropout          : 0.2
2021-10-02 16:29:56,480 - INFO - joeynmt.helpers - cfg.model.encoder.num_layers       : 1
2021-10-02 16:29:56,481 - INFO - joeynmt.helpers - cfg.model.decoder.rnn_type         : lstm
2021-10-02 16:29:56,481 - INFO - joeynmt.helpers - cfg.model.decoder.embeddings.embedding_dim : 500
2021-10-02 16:29:56,481 - INFO - joeynmt.helpers - cfg.model.decoder.embeddings.scale : False
2021-10-02 16:29:56,481 - INFO - joeynmt.helpers - cfg.model.decoder.emb_scale        : False
2021-10-02 16:29:56,481 - INFO - joeynmt.helpers - cfg.model.decoder.hidden_size      : 1000
2021-10-02 16:29:56,481 - INFO - joeynmt.helpers - cfg.model.decoder.dropout          : 0.2
2021-10-02 16:29:56,481 - INFO - joeynmt.helpers - cfg.model.decoder.hidden_dropout   : 0.2
2021-10-02 16:29:56,481 - INFO - joeynmt.helpers - cfg.model.decoder.num_layers       : 1
2021-10-02 16:29:56,481 - INFO - joeynmt.helpers - cfg.model.decoder.input_feeding    : True
2021-10-02 16:29:56,481 - INFO - joeynmt.helpers - cfg.model.decoder.init_hidden      : bridge
2021-10-02 16:29:56,481 - INFO - joeynmt.helpers - cfg.model.decoder.attention        : bahdanau
2021-10-02 16:29:56,481 - INFO - joeynmt.helpers - Data set sizes: 
	train 174418,
	valid 4046,
	test 5030
2021-10-02 16:29:56,481 - INFO - joeynmt.helpers - First training example:
	[SRC] tr
	[TRG] en
2021-10-02 16:29:56,481 - INFO - joeynmt.helpers - First 10 words (src): (0) <unk> (1) <pad> (2) <s> (3) </s> (4) , (5) . (6) ." (7) bir (8) ve (9) bu
2021-10-02 16:29:56,482 - INFO - joeynmt.helpers - First 10 words (trg): (0) <unk> (1) <pad> (2) <s> (3) </s> (4) , (5) the (6) ." (7) . (8) to (9) of
2021-10-02 16:29:56,482 - INFO - joeynmt.helpers - Number of Src words (types): 100004
2021-10-02 16:29:56,482 - INFO - joeynmt.helpers - Number of Trg words (types): 61652
2021-10-02 16:29:56,482 - INFO - joeynmt.training - Model(
	encoder=RecurrentEncoder(LSTM(500, 500, batch_first=True)),
	decoder=RecurrentDecoder(rnn=LSTM(1500, 1000, batch_first=True), attention=BahdanauAttention),
	src_embed=Embeddings(embedding_dim=500, vocab_size=100004),
	trg_embed=Embeddings(embedding_dim=500, vocab_size=61652))
2021-10-02 16:29:56,634 - INFO - joeynmt.training - Train stats:
	device: cuda
	n_gpu: 1
	16-bits training: False
	gradient accumulation: 1
	batch size per device: 80
	total batch size (w. parallel & accumulation): 80
2021-10-02 16:29:56,634 - INFO - joeynmt.training - EPOCH 1
2021-10-02 16:31:01,918 - INFO - joeynmt.training - Hooray! New best validation result [eval_metric]!
2021-10-02 16:31:07,855 - INFO - joeynmt.training - Example #0
2021-10-02 16:31:07,855 - INFO - joeynmt.training - 	Source:     tr
2021-10-02 16:31:07,855 - INFO - joeynmt.training - 	Reference:  en
2021-10-02 16:31:07,855 - INFO - joeynmt.training - 	Hypothesis: ,
2021-10-02 16:31:07,856 - INFO - joeynmt.training - Example #1
--- Logging error ---
Traceback (most recent call last):
  File "/sw/arch/Debian10/EB_production/2019/software/Anaconda3/2018.12/lib/python3.7/logging/__init__.py", line 1036, in emit
    stream.write(msg)
UnicodeEncodeError: 'latin-1' codec can't encode characters in position 80-81: ordinal not in range(256)
Call stack:
  File "/sw/arch/Debian10/EB_production/2019/software/Anaconda3/2018.12/lib/python3.7/runpy.py", line 193, in _run_module_as_main
    "__main__", mod_spec)
  File "/sw/arch/Debian10/EB_production/2019/software/Anaconda3/2018.12/lib/python3.7/runpy.py", line 85, in _run_code
    exec(code, run_globals)
  File "/home/lcur0007/joeynmt/joeynmt/__main__.py", line 48, in <module>
    main()
  File "/home/lcur0007/joeynmt/joeynmt/__main__.py", line 35, in main
    train(cfg_file=args.config_path, skip_test=args.skip_test)
  File "/home/lcur0007/joeynmt/joeynmt/training.py", line 846, in train
    trainer.train_and_validate(train_data=train_data, valid_data=dev_data)
  File "/home/lcur0007/joeynmt/joeynmt/training.py", line 497, in train_and_validate
    valid_duration = self._validate(valid_data, epoch_no)
  File "/home/lcur0007/joeynmt/joeynmt/training.py", line 642, in _validate
    references=valid_references)
  File "/home/lcur0007/joeynmt/joeynmt/training.py", line 731, in _log_examples
    logger.debug("\tRaw source:     %s", sources_raw[p])
Message: '\tRaw source:     %s'
Arguments: (['11', 'ya\u015f\u0131ndayken', 'bir', 'sabah', 'evimdeki', 'sevinç', 'ç\u0131\u011fl\u0131klar\u0131yla', 'uyand\u0131\u011f\u0131m\u0131', 'hat\u0131rl\u0131yorum', '.'],)
--- Logging error ---
Traceback (most recent call last):
  File "/sw/arch/Debian10/EB_production/2019/software/Anaconda3/2018.12/lib/python3.7/logging/__init__.py", line 1036, in emit
    stream.write(msg)
UnicodeEncodeError: 'latin-1' codec can't encode characters in position 70-71: ordinal not in range(256)
Call stack:
  File "/sw/arch/Debian10/EB_production/2019/software/Anaconda3/2018.12/lib/python3.7/runpy.py", line 193, in _run_module_as_main
    "__main__", mod_spec)
  File "/sw/arch/Debian10/EB_production/2019/software/Anaconda3/2018.12/lib/python3.7/runpy.py", line 85, in _run_code
    exec(code, run_globals)
  File "/home/lcur0007/joeynmt/joeynmt/__main__.py", line 48, in <module>
    main()
  File "/home/lcur0007/joeynmt/joeynmt/__main__.py", line 35, in main
    train(cfg_file=args.config_path, skip_test=args.skip_test)
  File "/home/lcur0007/joeynmt/joeynmt/training.py", line 846, in train
    trainer.train_and_validate(train_data=train_data, valid_data=dev_data)
  File "/home/lcur0007/joeynmt/joeynmt/training.py", line 497, in train_and_validate
    valid_duration = self._validate(valid_data, epoch_no)
  File "/home/lcur0007/joeynmt/joeynmt/training.py", line 642, in _validate
    references=valid_references)
  File "/home/lcur0007/joeynmt/joeynmt/training.py", line 737, in _log_examples
    logger.info("\tSource:     %s", sources[p])
Message: '\tSource:     %s'
Arguments: ('11 ya\u015f\u0131ndayken bir sabah evimdeki sevinç ç\u0131\u011fl\u0131klar\u0131yla uyand\u0131\u011f\u0131m\u0131 hat\u0131rl\u0131yorum .',)
2021-10-02 16:31:07,861 - INFO - joeynmt.training - 	Source:     11 ya\u015f\u0131ndayken bir sabah evimdeki sevinç ç\u0131\u011fl\u0131klar\u0131yla uyand\u0131\u011f\u0131m\u0131 hat\u0131rl\u0131yorum .
2021-10-02 16:31:07,861 - INFO - joeynmt.training - 	Reference:  "When I was 11 , I remember waking up one morning to the sound of joy in my house ."
2021-10-02 16:31:07,861 - INFO - joeynmt.training - 	Hypothesis: "And , , , , , , , , , , ,
2021-10-02 16:31:07,861 - INFO - joeynmt.training - Example #2
--- Logging error ---
Traceback (most recent call last):
  File "/sw/arch/Debian10/EB_production/2019/software/Anaconda3/2018.12/lib/python3.7/logging/__init__.py", line 1036, in emit
    stream.write(msg)
UnicodeEncodeError: 'latin-1' codec can't encode character '\u0131' in position 103: ordinal not in range(256)
Call stack:
  File "/sw/arch/Debian10/EB_production/2019/software/Anaconda3/2018.12/lib/python3.7/runpy.py", line 193, in _run_module_as_main
    "__main__", mod_spec)
  File "/sw/arch/Debian10/EB_production/2019/software/Anaconda3/2018.12/lib/python3.7/runpy.py", line 85, in _run_code
    exec(code, run_globals)
  File "/home/lcur0007/joeynmt/joeynmt/__main__.py", line 48, in <module>
    main()
  File "/home/lcur0007/joeynmt/joeynmt/__main__.py", line 35, in main
    train(cfg_file=args.config_path, skip_test=args.skip_test)
  File "/home/lcur0007/joeynmt/joeynmt/training.py", line 846, in train
    trainer.train_and_validate(train_data=train_data, valid_data=dev_data)
  File "/home/lcur0007/joeynmt/joeynmt/training.py", line 497, in train_and_validate
    valid_duration = self._validate(valid_data, epoch_no)
  File "/home/lcur0007/joeynmt/joeynmt/training.py", line 642, in _validate
    references=valid_references)
  File "/home/lcur0007/joeynmt/joeynmt/training.py", line 731, in _log_examples
    logger.debug("\tRaw source:     %s", sources_raw[p])
Message: '\tRaw source:     %s'
Arguments: (['"Babam', 'BBC', 'Haber', 'kanal\u0131n\u0131', 'dinliyordu', ';', 'o', 'ufak', ',', 'gri', 'radyosundan', '."'],)
--- Logging error ---
Traceback (most recent call last):
  File "/sw/arch/Debian10/EB_production/2019/software/Anaconda3/2018.12/lib/python3.7/logging/__init__.py", line 1036, in emit
    stream.write(msg)
UnicodeEncodeError: 'latin-1' codec can't encode character '\u0131' in position 87: ordinal not in range(256)
Call stack:
  File "/sw/arch/Debian10/EB_production/2019/software/Anaconda3/2018.12/lib/python3.7/runpy.py", line 193, in _run_module_as_main
    "__main__", mod_spec)
  File "/sw/arch/Debian10/EB_production/2019/software/Anaconda3/2018.12/lib/python3.7/runpy.py", line 85, in _run_code
    exec(code, run_globals)
  File "/home/lcur0007/joeynmt/joeynmt/__main__.py", line 48, in <module>
    main()
  File "/home/lcur0007/joeynmt/joeynmt/__main__.py", line 35, in main
    train(cfg_file=args.config_path, skip_test=args.skip_test)
  File "/home/lcur0007/joeynmt/joeynmt/training.py", line 846, in train
    trainer.train_and_validate(train_data=train_data, valid_data=dev_data)
  File "/home/lcur0007/joeynmt/joeynmt/training.py", line 497, in train_and_validate
    valid_duration = self._validate(valid_data, epoch_no)
  File "/home/lcur0007/joeynmt/joeynmt/training.py", line 642, in _validate
    references=valid_references)
  File "/home/lcur0007/joeynmt/joeynmt/training.py", line 737, in _log_examples
    logger.info("\tSource:     %s", sources[p])
Message: '\tSource:     %s'
Arguments: ('"Babam BBC Haber kanal\u0131n\u0131 dinliyordu ; o ufak , gri radyosundan ."',)
2021-10-02 16:31:07,862 - INFO - joeynmt.training - 	Source:     "Babam BBC Haber kanal\u0131n\u0131 dinliyordu ; o ufak , gri radyosundan ."
2021-10-02 16:31:07,862 - INFO - joeynmt.training - 	Reference:  "My father was listening to BBC News on his small , gray radio ."
2021-10-02 16:31:07,862 - INFO - joeynmt.training - 	Hypothesis: "And , , , , , , , , , , , , ,
2021-10-02 16:31:07,862 - INFO - joeynmt.training - Validation result (greedy) at epoch   1, step      100: bleu:   0.07, loss: 563916.6875, ppl: 704.8135, duration: 31.1274s
2021-10-02 16:32:21,860 - WARNING - sacrebleu - That's 100 lines that end in a tokenized period ('.')
2021-10-02 16:32:21,860 - WARNING - sacrebleu - It looks like you forgot to detokenize your test data, which may hurt your score.
2021-10-02 16:32:21,860 - WARNING - sacrebleu - If you insist your data is detokenized, or don't care, you can suppress this message with the `force` parameter.
2021-10-02 16:32:21,894 - INFO - joeynmt.training - Example #0
2021-10-02 16:32:21,895 - INFO - joeynmt.training - 	Source:     tr
2021-10-02 16:32:21,895 - INFO - joeynmt.training - 	Reference:  en
2021-10-02 16:32:21,895 - INFO - joeynmt.training - 	Hypothesis: And .
2021-10-02 16:32:21,895 - INFO - joeynmt.training - Example #1
--- Logging error ---
Traceback (most recent call last):
  File "/sw/arch/Debian10/EB_production/2019/software/Anaconda3/2018.12/lib/python3.7/logging/__init__.py", line 1036, in emit
    stream.write(msg)
UnicodeEncodeError: 'latin-1' codec can't encode characters in position 80-81: ordinal not in range(256)
Call stack:
  File "/sw/arch/Debian10/EB_production/2019/software/Anaconda3/2018.12/lib/python3.7/runpy.py", line 193, in _run_module_as_main
    "__main__", mod_spec)
  File "/sw/arch/Debian10/EB_production/2019/software/Anaconda3/2018.12/lib/python3.7/runpy.py", line 85, in _run_code
    exec(code, run_globals)
  File "/home/lcur0007/joeynmt/joeynmt/__main__.py", line 48, in <module>
    main()
  File "/home/lcur0007/joeynmt/joeynmt/__main__.py", line 35, in main
    train(cfg_file=args.config_path, skip_test=args.skip_test)
  File "/home/lcur0007/joeynmt/joeynmt/training.py", line 846, in train
    trainer.train_and_validate(train_data=train_data, valid_data=dev_data)
  File "/home/lcur0007/joeynmt/joeynmt/training.py", line 497, in train_and_validate
    valid_duration = self._validate(valid_data, epoch_no)
  File "/home/lcur0007/joeynmt/joeynmt/training.py", line 642, in _validate
    references=valid_references)
  File "/home/lcur0007/joeynmt/joeynmt/training.py", line 731, in _log_examples
    logger.debug("\tRaw source:     %s", sources_raw[p])
Message: '\tRaw source:     %s'
Arguments: (['11', 'ya\u015f\u0131ndayken', 'bir', 'sabah', 'evimdeki', 'sevinç', 'ç\u0131\u011fl\u0131klar\u0131yla', 'uyand\u0131\u011f\u0131m\u0131', 'hat\u0131rl\u0131yorum', '.'],)
--- Logging error ---
Traceback (most recent call last):
  File "/sw/arch/Debian10/EB_production/2019/software/Anaconda3/2018.12/lib/python3.7/logging/__init__.py", line 1036, in emit
    stream.write(msg)
UnicodeEncodeError: 'latin-1' codec can't encode characters in position 70-71: ordinal not in range(256)
Call stack:
  File "/sw/arch/Debian10/EB_production/2019/software/Anaconda3/2018.12/lib/python3.7/runpy.py", line 193, in _run_module_as_main
    "__main__", mod_spec)
  File "/sw/arch/Debian10/EB_production/2019/software/Anaconda3/2018.12/lib/python3.7/runpy.py", line 85, in _run_code
    exec(code, run_globals)
  File "/home/lcur0007/joeynmt/joeynmt/__main__.py", line 48, in <module>
    main()
  File "/home/lcur0007/joeynmt/joeynmt/__main__.py", line 35, in main
    train(cfg_file=args.config_path, skip_test=args.skip_test)
  File "/home/lcur0007/joeynmt/joeynmt/training.py", line 846, in train
    trainer.train_and_validate(train_data=train_data, valid_data=dev_data)
  File "/home/lcur0007/joeynmt/joeynmt/training.py", line 497, in train_and_validate
    valid_duration = self._validate(valid_data, epoch_no)
  File "/home/lcur0007/joeynmt/joeynmt/training.py", line 642, in _validate
    references=valid_references)
  File "/home/lcur0007/joeynmt/joeynmt/training.py", line 737, in _log_examples
    logger.info("\tSource:     %s", sources[p])
Message: '\tSource:     %s'
Arguments: ('11 ya\u015f\u0131ndayken bir sabah evimdeki sevinç ç\u0131\u011fl\u0131klar\u0131yla uyand\u0131\u011f\u0131m\u0131 hat\u0131rl\u0131yorum .',)
2021-10-02 16:32:21,898 - INFO - joeynmt.training - 	Source:     11 ya\u015f\u0131ndayken bir sabah evimdeki sevinç ç\u0131\u011fl\u0131klar\u0131yla uyand\u0131\u011f\u0131m\u0131 hat\u0131rl\u0131yorum .
2021-10-02 16:32:21,899 - INFO - joeynmt.training - 	Reference:  "When I was 11 , I remember waking up one morning to the sound of joy in my house ."
2021-10-02 16:32:21,899 - INFO - joeynmt.training - 	Hypothesis: "And , , , , , , , , , , , , , , , , .
2021-10-02 16:32:21,899 - INFO - joeynmt.training - Example #2
--- Logging error ---
Traceback (most recent call last):
  File "/sw/arch/Debian10/EB_production/2019/software/Anaconda3/2018.12/lib/python3.7/logging/__init__.py", line 1036, in emit
    stream.write(msg)
UnicodeEncodeError: 'latin-1' codec can't encode character '\u0131' in position 103: ordinal not in range(256)
Call stack:
  File "/sw/arch/Debian10/EB_production/2019/software/Anaconda3/2018.12/lib/python3.7/runpy.py", line 193, in _run_module_as_main
    "__main__", mod_spec)
  File "/sw/arch/Debian10/EB_production/2019/software/Anaconda3/2018.12/lib/python3.7/runpy.py", line 85, in _run_code
    exec(code, run_globals)
  File "/home/lcur0007/joeynmt/joeynmt/__main__.py", line 48, in <module>
    main()
  File "/home/lcur0007/joeynmt/joeynmt/__main__.py", line 35, in main
    train(cfg_file=args.config_path, skip_test=args.skip_test)
  File "/home/lcur0007/joeynmt/joeynmt/training.py", line 846, in train
    trainer.train_and_validate(train_data=train_data, valid_data=dev_data)
  File "/home/lcur0007/joeynmt/joeynmt/training.py", line 497, in train_and_validate
    valid_duration = self._validate(valid_data, epoch_no)
  File "/home/lcur0007/joeynmt/joeynmt/training.py", line 642, in _validate
    references=valid_references)
  File "/home/lcur0007/joeynmt/joeynmt/training.py", line 731, in _log_examples
    logger.debug("\tRaw source:     %s", sources_raw[p])
Message: '\tRaw source:     %s'
Arguments: (['"Babam', 'BBC', 'Haber', 'kanal\u0131n\u0131', 'dinliyordu', ';', 'o', 'ufak', ',', 'gri', 'radyosundan', '."'],)
--- Logging error ---
Traceback (most recent call last):
  File "/sw/arch/Debian10/EB_production/2019/software/Anaconda3/2018.12/lib/python3.7/logging/__init__.py", line 1036, in emit
    stream.write(msg)
UnicodeEncodeError: 'latin-1' codec can't encode character '\u0131' in position 87: ordinal not in range(256)
Call stack:
  File "/sw/arch/Debian10/EB_production/2019/software/Anaconda3/2018.12/lib/python3.7/runpy.py", line 193, in _run_module_as_main
    "__main__", mod_spec)
  File "/sw/arch/Debian10/EB_production/2019/software/Anaconda3/2018.12/lib/python3.7/runpy.py", line 85, in _run_code
    exec(code, run_globals)
  File "/home/lcur0007/joeynmt/joeynmt/__main__.py", line 48, in <module>
    main()
  File "/home/lcur0007/joeynmt/joeynmt/__main__.py", line 35, in main
    train(cfg_file=args.config_path, skip_test=args.skip_test)
  File "/home/lcur0007/joeynmt/joeynmt/training.py", line 846, in train
    trainer.train_and_validate(train_data=train_data, valid_data=dev_data)
  File "/home/lcur0007/joeynmt/joeynmt/training.py", line 497, in train_and_validate
    valid_duration = self._validate(valid_data, epoch_no)
  File "/home/lcur0007/joeynmt/joeynmt/training.py", line 642, in _validate
    references=valid_references)
  File "/home/lcur0007/joeynmt/joeynmt/training.py", line 737, in _log_examples
    logger.info("\tSource:     %s", sources[p])
Message: '\tSource:     %s'
Arguments: ('"Babam BBC Haber kanal\u0131n\u0131 dinliyordu ; o ufak , gri radyosundan ."',)
2021-10-02 16:32:21,900 - INFO - joeynmt.training - 	Source:     "Babam BBC Haber kanal\u0131n\u0131 dinliyordu ; o ufak , gri radyosundan ."
2021-10-02 16:32:21,900 - INFO - joeynmt.training - 	Reference:  "My father was listening to BBC News on his small , gray radio ."
2021-10-02 16:32:21,900 - INFO - joeynmt.training - 	Hypothesis: "And , , , , , , , , , , , , , , , , , , , , , , ."
2021-10-02 16:32:21,900 - INFO - joeynmt.training - Validation result (greedy) at epoch   1, step      200: bleu:   0.07, loss: 542841.8750, ppl: 551.6143, duration: 32.4485s
2021-10-02 16:33:35,680 - WARNING - sacrebleu - That's 100 lines that end in a tokenized period ('.')
2021-10-02 16:33:35,680 - WARNING - sacrebleu - It looks like you forgot to detokenize your test data, which may hurt your score.
2021-10-02 16:33:35,680 - WARNING - sacrebleu - If you insist your data is detokenized, or don't care, you can suppress this message with the `force` parameter.
2021-10-02 16:33:35,708 - INFO - joeynmt.training - Hooray! New best validation result [eval_metric]!
2021-10-02 16:33:41,600 - INFO - joeynmt.training - Example #0
2021-10-02 16:33:41,601 - INFO - joeynmt.training - 	Source:     tr
2021-10-02 16:33:41,601 - INFO - joeynmt.training - 	Reference:  en
2021-10-02 16:33:41,602 - INFO - joeynmt.training - 	Hypothesis: And &apos;s .
2021-10-02 16:33:41,602 - INFO - joeynmt.training - Example #1
--- Logging error ---
Traceback (most recent call last):
  File "/sw/arch/Debian10/EB_production/2019/software/Anaconda3/2018.12/lib/python3.7/logging/__init__.py", line 1036, in emit
    stream.write(msg)
UnicodeEncodeError: 'latin-1' codec can't encode characters in position 80-81: ordinal not in range(256)
Call stack:
  File "/sw/arch/Debian10/EB_production/2019/software/Anaconda3/2018.12/lib/python3.7/runpy.py", line 193, in _run_module_as_main
    "__main__", mod_spec)
  File "/sw/arch/Debian10/EB_production/2019/software/Anaconda3/2018.12/lib/python3.7/runpy.py", line 85, in _run_code
    exec(code, run_globals)
  File "/home/lcur0007/joeynmt/joeynmt/__main__.py", line 48, in <module>
    main()
  File "/home/lcur0007/joeynmt/joeynmt/__main__.py", line 35, in main
    train(cfg_file=args.config_path, skip_test=args.skip_test)
  File "/home/lcur0007/joeynmt/joeynmt/training.py", line 846, in train
    trainer.train_and_validate(train_data=train_data, valid_data=dev_data)
  File "/home/lcur0007/joeynmt/joeynmt/training.py", line 497, in train_and_validate
    valid_duration = self._validate(valid_data, epoch_no)
  File "/home/lcur0007/joeynmt/joeynmt/training.py", line 642, in _validate
    references=valid_references)
  File "/home/lcur0007/joeynmt/joeynmt/training.py", line 731, in _log_examples
    logger.debug("\tRaw source:     %s", sources_raw[p])
Message: '\tRaw source:     %s'
Arguments: (['11', 'ya\u015f\u0131ndayken', 'bir', 'sabah', 'evimdeki', 'sevinç', 'ç\u0131\u011fl\u0131klar\u0131yla', 'uyand\u0131\u011f\u0131m\u0131', 'hat\u0131rl\u0131yorum', '.'],)
--- Logging error ---
Traceback (most recent call last):
  File "/sw/arch/Debian10/EB_production/2019/software/Anaconda3/2018.12/lib/python3.7/logging/__init__.py", line 1036, in emit
    stream.write(msg)
UnicodeEncodeError: 'latin-1' codec can't encode characters in position 70-71: ordinal not in range(256)
Call stack:
  File "/sw/arch/Debian10/EB_production/2019/software/Anaconda3/2018.12/lib/python3.7/runpy.py", line 193, in _run_module_as_main
    "__main__", mod_spec)
  File "/sw/arch/Debian10/EB_production/2019/software/Anaconda3/2018.12/lib/python3.7/runpy.py", line 85, in _run_code
    exec(code, run_globals)
  File "/home/lcur0007/joeynmt/joeynmt/__main__.py", line 48, in <module>
    main()
  File "/home/lcur0007/joeynmt/joeynmt/__main__.py", line 35, in main
    train(cfg_file=args.config_path, skip_test=args.skip_test)
  File "/home/lcur0007/joeynmt/joeynmt/training.py", line 846, in train
    trainer.train_and_validate(train_data=train_data, valid_data=dev_data)
  File "/home/lcur0007/joeynmt/joeynmt/training.py", line 497, in train_and_validate
    valid_duration = self._validate(valid_data, epoch_no)
  File "/home/lcur0007/joeynmt/joeynmt/training.py", line 642, in _validate
    references=valid_references)
  File "/home/lcur0007/joeynmt/joeynmt/training.py", line 737, in _log_examples
    logger.info("\tSource:     %s", sources[p])
Message: '\tSource:     %s'
Arguments: ('11 ya\u015f\u0131ndayken bir sabah evimdeki sevinç ç\u0131\u011fl\u0131klar\u0131yla uyand\u0131\u011f\u0131m\u0131 hat\u0131rl\u0131yorum .',)
2021-10-02 16:33:41,605 - INFO - joeynmt.training - 	Source:     11 ya\u015f\u0131ndayken bir sabah evimdeki sevinç ç\u0131\u011fl\u0131klar\u0131yla uyand\u0131\u011f\u0131m\u0131 hat\u0131rl\u0131yorum .
2021-10-02 16:33:41,605 - INFO - joeynmt.training - 	Reference:  "When I was 11 , I remember waking up one morning to the sound of joy in my house ."
2021-10-02 16:33:41,605 - INFO - joeynmt.training - 	Hypothesis: "And &apos;s the I I the I the I the the the the the the the the the the the the the the the the the the the the the the the the the the the the the the the the the the the the the the the the the the the the the the the the the the the the the the the the the the the the the the the the the the the the the the the the the the the the the the the the the the the the the the the the the the the
2021-10-02 16:33:41,606 - INFO - joeynmt.training - Example #2
--- Logging error ---
Traceback (most recent call last):
  File "/sw/arch/Debian10/EB_production/2019/software/Anaconda3/2018.12/lib/python3.7/logging/__init__.py", line 1036, in emit
    stream.write(msg)
UnicodeEncodeError: 'latin-1' codec can't encode character '\u0131' in position 103: ordinal not in range(256)
Call stack:
  File "/sw/arch/Debian10/EB_production/2019/software/Anaconda3/2018.12/lib/python3.7/runpy.py", line 193, in _run_module_as_main
    "__main__", mod_spec)
  File "/sw/arch/Debian10/EB_production/2019/software/Anaconda3/2018.12/lib/python3.7/runpy.py", line 85, in _run_code
    exec(code, run_globals)
  File "/home/lcur0007/joeynmt/joeynmt/__main__.py", line 48, in <module>
    main()
  File "/home/lcur0007/joeynmt/joeynmt/__main__.py", line 35, in main
    train(cfg_file=args.config_path, skip_test=args.skip_test)
  File "/home/lcur0007/joeynmt/joeynmt/training.py", line 846, in train
    trainer.train_and_validate(train_data=train_data, valid_data=dev_data)
  File "/home/lcur0007/joeynmt/joeynmt/training.py", line 497, in train_and_validate
    valid_duration = self._validate(valid_data, epoch_no)
  File "/home/lcur0007/joeynmt/joeynmt/training.py", line 642, in _validate
    references=valid_references)
  File "/home/lcur0007/joeynmt/joeynmt/training.py", line 731, in _log_examples
    logger.debug("\tRaw source:     %s", sources_raw[p])
Message: '\tRaw source:     %s'
Arguments: (['"Babam', 'BBC', 'Haber', 'kanal\u0131n\u0131', 'dinliyordu', ';', 'o', 'ufak', ',', 'gri', 'radyosundan', '."'],)
--- Logging error ---
Traceback (most recent call last):
  File "/sw/arch/Debian10/EB_production/2019/software/Anaconda3/2018.12/lib/python3.7/logging/__init__.py", line 1036, in emit
    stream.write(msg)
UnicodeEncodeError: 'latin-1' codec can't encode character '\u0131' in position 87: ordinal not in range(256)
Call stack:
  File "/sw/arch/Debian10/EB_production/2019/software/Anaconda3/2018.12/lib/python3.7/runpy.py", line 193, in _run_module_as_main
    "__main__", mod_spec)
  File "/sw/arch/Debian10/EB_production/2019/software/Anaconda3/2018.12/lib/python3.7/runpy.py", line 85, in _run_code
    exec(code, run_globals)
  File "/home/lcur0007/joeynmt/joeynmt/__main__.py", line 48, in <module>
    main()
  File "/home/lcur0007/joeynmt/joeynmt/__main__.py", line 35, in main
    train(cfg_file=args.config_path, skip_test=args.skip_test)
  File "/home/lcur0007/joeynmt/joeynmt/training.py", line 846, in train
    trainer.train_and_validate(train_data=train_data, valid_data=dev_data)
  File "/home/lcur0007/joeynmt/joeynmt/training.py", line 497, in train_and_validate
    valid_duration = self._validate(valid_data, epoch_no)
  File "/home/lcur0007/joeynmt/joeynmt/training.py", line 642, in _validate
    references=valid_references)
  File "/home/lcur0007/joeynmt/joeynmt/training.py", line 737, in _log_examples
    logger.info("\tSource:     %s", sources[p])
Message: '\tSource:     %s'
Arguments: ('"Babam BBC Haber kanal\u0131n\u0131 dinliyordu ; o ufak , gri radyosundan ."',)
2021-10-02 16:33:41,606 - INFO - joeynmt.training - 	Source:     "Babam BBC Haber kanal\u0131n\u0131 dinliyordu ; o ufak , gri radyosundan ."
2021-10-02 16:33:41,607 - INFO - joeynmt.training - 	Reference:  "My father was listening to BBC News on his small , gray radio ."
2021-10-02 16:33:41,607 - INFO - joeynmt.training - 	Hypothesis: "And &apos;s the I I the I the I the I the the the the the the the the the the the the the the the the the the the the the the the the the the the the the the the the the the the the the the the the the the the the the the the the the the the the the the the the the the the the the the the the the the the the the the the the the the the the the the the the the the the the the the the the the
2021-10-02 16:33:41,607 - INFO - joeynmt.training - Validation result (greedy) at epoch   1, step      300: bleu:   0.69, loss: 524048.3438, ppl: 443.3210, duration: 38.2525s
2021-10-02 16:34:59,064 - WARNING - sacrebleu - That's 100 lines that end in a tokenized period ('.')
2021-10-02 16:34:59,065 - WARNING - sacrebleu - It looks like you forgot to detokenize your test data, which may hurt your score.
2021-10-02 16:34:59,065 - WARNING - sacrebleu - If you insist your data is detokenized, or don't care, you can suppress this message with the `force` parameter.
2021-10-02 16:34:59,093 - INFO - joeynmt.training - Hooray! New best validation result [eval_metric]!
2021-10-02 16:35:05,245 - INFO - joeynmt.training - Example #0
2021-10-02 16:35:05,245 - INFO - joeynmt.training - 	Source:     tr
2021-10-02 16:35:05,245 - INFO - joeynmt.training - 	Reference:  en
2021-10-02 16:35:05,245 - INFO - joeynmt.training - 	Hypothesis: It &apos;s the &apos;re .
2021-10-02 16:35:05,246 - INFO - joeynmt.training - Example #1
--- Logging error ---
Traceback (most recent call last):
  File "/sw/arch/Debian10/EB_production/2019/software/Anaconda3/2018.12/lib/python3.7/logging/__init__.py", line 1036, in emit
    stream.write(msg)
UnicodeEncodeError: 'latin-1' codec can't encode characters in position 80-81: ordinal not in range(256)
Call stack:
  File "/sw/arch/Debian10/EB_production/2019/software/Anaconda3/2018.12/lib/python3.7/runpy.py", line 193, in _run_module_as_main
    "__main__", mod_spec)
  File "/sw/arch/Debian10/EB_production/2019/software/Anaconda3/2018.12/lib/python3.7/runpy.py", line 85, in _run_code
    exec(code, run_globals)
  File "/home/lcur0007/joeynmt/joeynmt/__main__.py", line 48, in <module>
    main()
  File "/home/lcur0007/joeynmt/joeynmt/__main__.py", line 35, in main
    train(cfg_file=args.config_path, skip_test=args.skip_test)
  File "/home/lcur0007/joeynmt/joeynmt/training.py", line 846, in train
    trainer.train_and_validate(train_data=train_data, valid_data=dev_data)
  File "/home/lcur0007/joeynmt/joeynmt/training.py", line 497, in train_and_validate
    valid_duration = self._validate(valid_data, epoch_no)
  File "/home/lcur0007/joeynmt/joeynmt/training.py", line 642, in _validate
    references=valid_references)
  File "/home/lcur0007/joeynmt/joeynmt/training.py", line 731, in _log_examples
    logger.debug("\tRaw source:     %s", sources_raw[p])
Message: '\tRaw source:     %s'
Arguments: (['11', 'ya\u015f\u0131ndayken', 'bir', 'sabah', 'evimdeki', 'sevinç', 'ç\u0131\u011fl\u0131klar\u0131yla', 'uyand\u0131\u011f\u0131m\u0131', 'hat\u0131rl\u0131yorum', '.'],)
--- Logging error ---
Traceback (most recent call last):
  File "/sw/arch/Debian10/EB_production/2019/software/Anaconda3/2018.12/lib/python3.7/logging/__init__.py", line 1036, in emit
    stream.write(msg)
UnicodeEncodeError: 'latin-1' codec can't encode characters in position 70-71: ordinal not in range(256)
Call stack:
  File "/sw/arch/Debian10/EB_production/2019/software/Anaconda3/2018.12/lib/python3.7/runpy.py", line 193, in _run_module_as_main
    "__main__", mod_spec)
  File "/sw/arch/Debian10/EB_production/2019/software/Anaconda3/2018.12/lib/python3.7/runpy.py", line 85, in _run_code
    exec(code, run_globals)
  File "/home/lcur0007/joeynmt/joeynmt/__main__.py", line 48, in <module>
    main()
  File "/home/lcur0007/joeynmt/joeynmt/__main__.py", line 35, in main
    train(cfg_file=args.config_path, skip_test=args.skip_test)
  File "/home/lcur0007/joeynmt/joeynmt/training.py", line 846, in train
    trainer.train_and_validate(train_data=train_data, valid_data=dev_data)
  File "/home/lcur0007/joeynmt/joeynmt/training.py", line 497, in train_and_validate
    valid_duration = self._validate(valid_data, epoch_no)
  File "/home/lcur0007/joeynmt/joeynmt/training.py", line 642, in _validate
    references=valid_references)
  File "/home/lcur0007/joeynmt/joeynmt/training.py", line 737, in _log_examples
    logger.info("\tSource:     %s", sources[p])
Message: '\tSource:     %s'
Arguments: ('11 ya\u015f\u0131ndayken bir sabah evimdeki sevinç ç\u0131\u011fl\u0131klar\u0131yla uyand\u0131\u011f\u0131m\u0131 hat\u0131rl\u0131yorum .',)
2021-10-02 16:35:05,249 - INFO - joeynmt.training - 	Source:     11 ya\u015f\u0131ndayken bir sabah evimdeki sevinç ç\u0131\u011fl\u0131klar\u0131yla uyand\u0131\u011f\u0131m\u0131 hat\u0131rl\u0131yorum .
2021-10-02 16:35:05,249 - INFO - joeynmt.training - 	Reference:  "When I was 11 , I remember waking up one morning to the sound of joy in my house ."
2021-10-02 16:35:05,249 - INFO - joeynmt.training - 	Hypothesis: "And I &apos;m a &apos;m a &apos;m a &apos;m a &apos;m a &apos;m the &apos;m the &apos;m the &apos;re the &apos;re the &apos;re the &apos;re the &apos;re the &apos;re the &apos;re the &apos;re the &apos;re the &apos;re the &apos;re the &apos;re the &apos;re the &apos;re the &apos;re the &apos;re the &apos;re the &apos;re the world ."
2021-10-02 16:35:05,249 - INFO - joeynmt.training - Example #2
--- Logging error ---
Traceback (most recent call last):
  File "/sw/arch/Debian10/EB_production/2019/software/Anaconda3/2018.12/lib/python3.7/logging/__init__.py", line 1036, in emit
    stream.write(msg)
UnicodeEncodeError: 'latin-1' codec can't encode character '\u0131' in position 103: ordinal not in range(256)
Call stack:
  File "/sw/arch/Debian10/EB_production/2019/software/Anaconda3/2018.12/lib/python3.7/runpy.py", line 193, in _run_module_as_main
    "__main__", mod_spec)
  File "/sw/arch/Debian10/EB_production/2019/software/Anaconda3/2018.12/lib/python3.7/runpy.py", line 85, in _run_code
    exec(code, run_globals)
  File "/home/lcur0007/joeynmt/joeynmt/__main__.py", line 48, in <module>
    main()
  File "/home/lcur0007/joeynmt/joeynmt/__main__.py", line 35, in main
    train(cfg_file=args.config_path, skip_test=args.skip_test)
  File "/home/lcur0007/joeynmt/joeynmt/training.py", line 846, in train
    trainer.train_and_validate(train_data=train_data, valid_data=dev_data)
  File "/home/lcur0007/joeynmt/joeynmt/training.py", line 497, in train_and_validate
    valid_duration = self._validate(valid_data, epoch_no)
  File "/home/lcur0007/joeynmt/joeynmt/training.py", line 642, in _validate
    references=valid_references)
  File "/home/lcur0007/joeynmt/joeynmt/training.py", line 731, in _log_examples
    logger.debug("\tRaw source:     %s", sources_raw[p])
Message: '\tRaw source:     %s'
Arguments: (['"Babam', 'BBC', 'Haber', 'kanal\u0131n\u0131', 'dinliyordu', ';', 'o', 'ufak', ',', 'gri', 'radyosundan', '."'],)
--- Logging error ---
Traceback (most recent call last):
  File "/sw/arch/Debian10/EB_production/2019/software/Anaconda3/2018.12/lib/python3.7/logging/__init__.py", line 1036, in emit
    stream.write(msg)
UnicodeEncodeError: 'latin-1' codec can't encode character '\u0131' in position 87: ordinal not in range(256)
Call stack:
  File "/sw/arch/Debian10/EB_production/2019/software/Anaconda3/2018.12/lib/python3.7/runpy.py", line 193, in _run_module_as_main
    "__main__", mod_spec)
  File "/sw/arch/Debian10/EB_production/2019/software/Anaconda3/2018.12/lib/python3.7/runpy.py", line 85, in _run_code
    exec(code, run_globals)
  File "/home/lcur0007/joeynmt/joeynmt/__main__.py", line 48, in <module>
    main()
  File "/home/lcur0007/joeynmt/joeynmt/__main__.py", line 35, in main
    train(cfg_file=args.config_path, skip_test=args.skip_test)
  File "/home/lcur0007/joeynmt/joeynmt/training.py", line 846, in train
    trainer.train_and_validate(train_data=train_data, valid_data=dev_data)
  File "/home/lcur0007/joeynmt/joeynmt/training.py", line 497, in train_and_validate
    valid_duration = self._validate(valid_data, epoch_no)
  File "/home/lcur0007/joeynmt/joeynmt/training.py", line 642, in _validate
    references=valid_references)
  File "/home/lcur0007/joeynmt/joeynmt/training.py", line 737, in _log_examples
    logger.info("\tSource:     %s", sources[p])
Message: '\tSource:     %s'
Arguments: ('"Babam BBC Haber kanal\u0131n\u0131 dinliyordu ; o ufak , gri radyosundan ."',)
2021-10-02 16:35:05,250 - INFO - joeynmt.training - 	Source:     "Babam BBC Haber kanal\u0131n\u0131 dinliyordu ; o ufak , gri radyosundan ."
2021-10-02 16:35:05,250 - INFO - joeynmt.training - 	Reference:  "My father was listening to BBC News on his small , gray radio ."
2021-10-02 16:35:05,251 - INFO - joeynmt.training - 	Hypothesis: "And I &apos;m a &apos;m a &apos;m a &apos;m a &apos;m a &apos;m the &apos;m the &apos;m the &apos;re the &apos;re the &apos;re the &apos;re the &apos;re the &apos;re the &apos;re the &apos;re the &apos;re the &apos;re the &apos;re the &apos;re the &apos;re the &apos;re the &apos;re the &apos;re the &apos;re the &apos;re the &apos;re ."
2021-10-02 16:35:05,251 - INFO - joeynmt.training - Validation result (greedy) at epoch   1, step      400: bleu:   0.81, loss: 513094.1250, ppl: 390.2957, duration: 38.8338s
2021-10-02 16:36:23,991 - WARNING - sacrebleu - That's 100 lines that end in a tokenized period ('.')
2021-10-02 16:36:23,992 - WARNING - sacrebleu - It looks like you forgot to detokenize your test data, which may hurt your score.
2021-10-02 16:36:23,992 - WARNING - sacrebleu - If you insist your data is detokenized, or don't care, you can suppress this message with the `force` parameter.
2021-10-02 16:36:30,177 - INFO - joeynmt.training - Example #0
2021-10-02 16:36:30,178 - INFO - joeynmt.training - 	Source:     tr
2021-10-02 16:36:30,178 - INFO - joeynmt.training - 	Reference:  en
2021-10-02 16:36:30,178 - INFO - joeynmt.training - 	Hypothesis: It &apos;s the world .
2021-10-02 16:36:30,178 - INFO - joeynmt.training - Example #1
--- Logging error ---
Traceback (most recent call last):
  File "/sw/arch/Debian10/EB_production/2019/software/Anaconda3/2018.12/lib/python3.7/logging/__init__.py", line 1036, in emit
    stream.write(msg)
UnicodeEncodeError: 'latin-1' codec can't encode characters in position 80-81: ordinal not in range(256)
Call stack:
  File "/sw/arch/Debian10/EB_production/2019/software/Anaconda3/2018.12/lib/python3.7/runpy.py", line 193, in _run_module_as_main
    "__main__", mod_spec)
  File "/sw/arch/Debian10/EB_production/2019/software/Anaconda3/2018.12/lib/python3.7/runpy.py", line 85, in _run_code
    exec(code, run_globals)
  File "/home/lcur0007/joeynmt/joeynmt/__main__.py", line 48, in <module>
    main()
  File "/home/lcur0007/joeynmt/joeynmt/__main__.py", line 35, in main
    train(cfg_file=args.config_path, skip_test=args.skip_test)
  File "/home/lcur0007/joeynmt/joeynmt/training.py", line 846, in train
    trainer.train_and_validate(train_data=train_data, valid_data=dev_data)
  File "/home/lcur0007/joeynmt/joeynmt/training.py", line 497, in train_and_validate
    valid_duration = self._validate(valid_data, epoch_no)
  File "/home/lcur0007/joeynmt/joeynmt/training.py", line 642, in _validate
    references=valid_references)
  File "/home/lcur0007/joeynmt/joeynmt/training.py", line 731, in _log_examples
    logger.debug("\tRaw source:     %s", sources_raw[p])
Message: '\tRaw source:     %s'
Arguments: (['11', 'ya\u015f\u0131ndayken', 'bir', 'sabah', 'evimdeki', 'sevinç', 'ç\u0131\u011fl\u0131klar\u0131yla', 'uyand\u0131\u011f\u0131m\u0131', 'hat\u0131rl\u0131yorum', '.'],)
--- Logging error ---
Traceback (most recent call last):
  File "/sw/arch/Debian10/EB_production/2019/software/Anaconda3/2018.12/lib/python3.7/logging/__init__.py", line 1036, in emit
    stream.write(msg)
UnicodeEncodeError: 'latin-1' codec can't encode characters in position 70-71: ordinal not in range(256)
Call stack:
  File "/sw/arch/Debian10/EB_production/2019/software/Anaconda3/2018.12/lib/python3.7/runpy.py", line 193, in _run_module_as_main
    "__main__", mod_spec)
  File "/sw/arch/Debian10/EB_production/2019/software/Anaconda3/2018.12/lib/python3.7/runpy.py", line 85, in _run_code
    exec(code, run_globals)
  File "/home/lcur0007/joeynmt/joeynmt/__main__.py", line 48, in <module>
    main()
  File "/home/lcur0007/joeynmt/joeynmt/__main__.py", line 35, in main
    train(cfg_file=args.config_path, skip_test=args.skip_test)
  File "/home/lcur0007/joeynmt/joeynmt/training.py", line 846, in train
    trainer.train_and_validate(train_data=train_data, valid_data=dev_data)
  File "/home/lcur0007/joeynmt/joeynmt/training.py", line 497, in train_and_validate
    valid_duration = self._validate(valid_data, epoch_no)
  File "/home/lcur0007/joeynmt/joeynmt/training.py", line 642, in _validate
    references=valid_references)
  File "/home/lcur0007/joeynmt/joeynmt/training.py", line 737, in _log_examples
    logger.info("\tSource:     %s", sources[p])
Message: '\tSource:     %s'
Arguments: ('11 ya\u015f\u0131ndayken bir sabah evimdeki sevinç ç\u0131\u011fl\u0131klar\u0131yla uyand\u0131\u011f\u0131m\u0131 hat\u0131rl\u0131yorum .',)
2021-10-02 16:36:30,182 - INFO - joeynmt.training - 	Source:     11 ya\u015f\u0131ndayken bir sabah evimdeki sevinç ç\u0131\u011fl\u0131klar\u0131yla uyand\u0131\u011f\u0131m\u0131 hat\u0131rl\u0131yorum .
2021-10-02 16:36:30,182 - INFO - joeynmt.training - 	Reference:  "When I was 11 , I remember waking up one morning to the sound of joy in my house ."
2021-10-02 16:36:30,182 - INFO - joeynmt.training - 	Hypothesis: "And I can &apos;t &apos;t &apos;t &apos;t &apos;t &apos;t &apos;t &apos;t &apos;t &apos;t &apos;t &apos;t &apos;t &apos;t &apos;t &apos;t &apos;t &apos;t &apos;t &apos;t &apos;t &apos;t &apos;t &apos;t &apos;t &apos;t &apos;t &apos;t &apos;t &apos;t &apos;t &apos;t &apos;t &apos;t &apos;t &apos;t &apos;t &apos;t &apos;t &apos;t &apos;t &apos;t &apos;t &apos;t &apos;t &apos;t &apos;t &apos;t &apos;t &apos;t &apos;t &apos;t &apos;t &apos;t &apos;t &apos;t &apos;t &apos;t &apos;t &apos;t &apos;t &apos;t &apos;t &apos;t &apos;t &apos;t &apos;t &apos;t &apos;t &apos;t &apos;t &apos;t &apos;t &apos;t &apos;t &apos;t &apos;t &apos;t &apos;t &apos;t &apos;t &apos;t &apos;t &apos;t &apos;t &apos;t &apos;t &apos;t &apos;t &apos;t &apos;t &apos;t &apos;t &apos;t &apos;t &apos;t &apos;t
2021-10-02 16:36:30,182 - INFO - joeynmt.training - Example #2
--- Logging error ---
Traceback (most recent call last):
  File "/sw/arch/Debian10/EB_production/2019/software/Anaconda3/2018.12/lib/python3.7/logging/__init__.py", line 1036, in emit
    stream.write(msg)
UnicodeEncodeError: 'latin-1' codec can't encode character '\u0131' in position 103: ordinal not in range(256)
Call stack:
  File "/sw/arch/Debian10/EB_production/2019/software/Anaconda3/2018.12/lib/python3.7/runpy.py", line 193, in _run_module_as_main
    "__main__", mod_spec)
  File "/sw/arch/Debian10/EB_production/2019/software/Anaconda3/2018.12/lib/python3.7/runpy.py", line 85, in _run_code
    exec(code, run_globals)
  File "/home/lcur0007/joeynmt/joeynmt/__main__.py", line 48, in <module>
    main()
  File "/home/lcur0007/joeynmt/joeynmt/__main__.py", line 35, in main
    train(cfg_file=args.config_path, skip_test=args.skip_test)
  File "/home/lcur0007/joeynmt/joeynmt/training.py", line 846, in train
    trainer.train_and_validate(train_data=train_data, valid_data=dev_data)
  File "/home/lcur0007/joeynmt/joeynmt/training.py", line 497, in train_and_validate
    valid_duration = self._validate(valid_data, epoch_no)
  File "/home/lcur0007/joeynmt/joeynmt/training.py", line 642, in _validate
    references=valid_references)
  File "/home/lcur0007/joeynmt/joeynmt/training.py", line 731, in _log_examples
    logger.debug("\tRaw source:     %s", sources_raw[p])
Message: '\tRaw source:     %s'
Arguments: (['"Babam', 'BBC', 'Haber', 'kanal\u0131n\u0131', 'dinliyordu', ';', 'o', 'ufak', ',', 'gri', 'radyosundan', '."'],)
--- Logging error ---
Traceback (most recent call last):
  File "/sw/arch/Debian10/EB_production/2019/software/Anaconda3/2018.12/lib/python3.7/logging/__init__.py", line 1036, in emit
    stream.write(msg)
UnicodeEncodeError: 'latin-1' codec can't encode character '\u0131' in position 87: ordinal not in range(256)
Call stack:
  File "/sw/arch/Debian10/EB_production/2019/software/Anaconda3/2018.12/lib/python3.7/runpy.py", line 193, in _run_module_as_main
    "__main__", mod_spec)
  File "/sw/arch/Debian10/EB_production/2019/software/Anaconda3/2018.12/lib/python3.7/runpy.py", line 85, in _run_code
    exec(code, run_globals)
  File "/home/lcur0007/joeynmt/joeynmt/__main__.py", line 48, in <module>
    main()
  File "/home/lcur0007/joeynmt/joeynmt/__main__.py", line 35, in main
    train(cfg_file=args.config_path, skip_test=args.skip_test)
  File "/home/lcur0007/joeynmt/joeynmt/training.py", line 846, in train
    trainer.train_and_validate(train_data=train_data, valid_data=dev_data)
  File "/home/lcur0007/joeynmt/joeynmt/training.py", line 497, in train_and_validate
    valid_duration = self._validate(valid_data, epoch_no)
  File "/home/lcur0007/joeynmt/joeynmt/training.py", line 642, in _validate
    references=valid_references)
  File "/home/lcur0007/joeynmt/joeynmt/training.py", line 737, in _log_examples
    logger.info("\tSource:     %s", sources[p])
Message: '\tSource:     %s'
Arguments: ('"Babam BBC Haber kanal\u0131n\u0131 dinliyordu ; o ufak , gri radyosundan ."',)
2021-10-02 16:36:30,183 - INFO - joeynmt.training - 	Source:     "Babam BBC Haber kanal\u0131n\u0131 dinliyordu ; o ufak , gri radyosundan ."
2021-10-02 16:36:30,183 - INFO - joeynmt.training - 	Reference:  "My father was listening to BBC News on his small , gray radio ."
2021-10-02 16:36:30,183 - INFO - joeynmt.training - 	Hypothesis: "And I can &apos;t &apos;t &apos;t &apos;t &apos;t &apos;t &apos;t &apos;t &apos;t &apos;t &apos;t &apos;t &apos;t &apos;t &apos;t &apos;t &apos;t &apos;t &apos;t &apos;t &apos;t &apos;t &apos;t &apos;t &apos;t &apos;t &apos;t &apos;t &apos;t &apos;t &apos;t &apos;t &apos;t &apos;t &apos;t &apos;t &apos;t &apos;t &apos;t &apos;t &apos;t &apos;t &apos;t &apos;t &apos;t &apos;t &apos;t &apos;t &apos;t &apos;t &apos;t &apos;t &apos;t &apos;t &apos;t &apos;t &apos;t &apos;t &apos;t &apos;t &apos;t &apos;t &apos;t &apos;t &apos;t &apos;t &apos;t &apos;t &apos;t &apos;t &apos;t &apos;t &apos;t &apos;t &apos;t &apos;t &apos;t &apos;t &apos;t &apos;t &apos;t &apos;t &apos;t &apos;t &apos;t &apos;t &apos;t &apos;t &apos;t &apos;t &apos;t &apos;t &apos;t &apos;t &apos;t &apos;t &apos;t
2021-10-02 16:36:30,183 - INFO - joeynmt.training - Validation result (greedy) at epoch   1, step      500: bleu:   0.23, loss: 502452.2812, ppl: 344.8632, duration: 41.2458s
2021-10-02 16:37:48,463 - WARNING - sacrebleu - That's 100 lines that end in a tokenized period ('.')
2021-10-02 16:37:48,463 - WARNING - sacrebleu - It looks like you forgot to detokenize your test data, which may hurt your score.
2021-10-02 16:37:48,463 - WARNING - sacrebleu - If you insist your data is detokenized, or don't care, you can suppress this message with the `force` parameter.
2021-10-02 16:37:54,726 - INFO - joeynmt.training - Example #0
2021-10-02 16:37:54,727 - INFO - joeynmt.training - 	Source:     tr
2021-10-02 16:37:54,727 - INFO - joeynmt.training - 	Reference:  en
2021-10-02 16:37:54,727 - INFO - joeynmt.training - 	Hypothesis: I have a world .
2021-10-02 16:37:54,728 - INFO - joeynmt.training - Example #1
--- Logging error ---
Traceback (most recent call last):
  File "/sw/arch/Debian10/EB_production/2019/software/Anaconda3/2018.12/lib/python3.7/logging/__init__.py", line 1036, in emit
    stream.write(msg)
UnicodeEncodeError: 'latin-1' codec can't encode characters in position 80-81: ordinal not in range(256)
Call stack:
  File "/sw/arch/Debian10/EB_production/2019/software/Anaconda3/2018.12/lib/python3.7/runpy.py", line 193, in _run_module_as_main
    "__main__", mod_spec)
  File "/sw/arch/Debian10/EB_production/2019/software/Anaconda3/2018.12/lib/python3.7/runpy.py", line 85, in _run_code
    exec(code, run_globals)
  File "/home/lcur0007/joeynmt/joeynmt/__main__.py", line 48, in <module>
    main()
  File "/home/lcur0007/joeynmt/joeynmt/__main__.py", line 35, in main
    train(cfg_file=args.config_path, skip_test=args.skip_test)
  File "/home/lcur0007/joeynmt/joeynmt/training.py", line 846, in train
    trainer.train_and_validate(train_data=train_data, valid_data=dev_data)
  File "/home/lcur0007/joeynmt/joeynmt/training.py", line 497, in train_and_validate
    valid_duration = self._validate(valid_data, epoch_no)
  File "/home/lcur0007/joeynmt/joeynmt/training.py", line 642, in _validate
    references=valid_references)
  File "/home/lcur0007/joeynmt/joeynmt/training.py", line 731, in _log_examples
    logger.debug("\tRaw source:     %s", sources_raw[p])
Message: '\tRaw source:     %s'
Arguments: (['11', 'ya\u015f\u0131ndayken', 'bir', 'sabah', 'evimdeki', 'sevinç', 'ç\u0131\u011fl\u0131klar\u0131yla', 'uyand\u0131\u011f\u0131m\u0131', 'hat\u0131rl\u0131yorum', '.'],)
--- Logging error ---
Traceback (most recent call last):
  File "/sw/arch/Debian10/EB_production/2019/software/Anaconda3/2018.12/lib/python3.7/logging/__init__.py", line 1036, in emit
    stream.write(msg)
UnicodeEncodeError: 'latin-1' codec can't encode characters in position 70-71: ordinal not in range(256)
Call stack:
  File "/sw/arch/Debian10/EB_production/2019/software/Anaconda3/2018.12/lib/python3.7/runpy.py", line 193, in _run_module_as_main
    "__main__", mod_spec)
  File "/sw/arch/Debian10/EB_production/2019/software/Anaconda3/2018.12/lib/python3.7/runpy.py", line 85, in _run_code
    exec(code, run_globals)
  File "/home/lcur0007/joeynmt/joeynmt/__main__.py", line 48, in <module>
    main()
  File "/home/lcur0007/joeynmt/joeynmt/__main__.py", line 35, in main
    train(cfg_file=args.config_path, skip_test=args.skip_test)
  File "/home/lcur0007/joeynmt/joeynmt/training.py", line 846, in train
    trainer.train_and_validate(train_data=train_data, valid_data=dev_data)
  File "/home/lcur0007/joeynmt/joeynmt/training.py", line 497, in train_and_validate
    valid_duration = self._validate(valid_data, epoch_no)
  File "/home/lcur0007/joeynmt/joeynmt/training.py", line 642, in _validate
    references=valid_references)
  File "/home/lcur0007/joeynmt/joeynmt/training.py", line 737, in _log_examples
    logger.info("\tSource:     %s", sources[p])
Message: '\tSource:     %s'
Arguments: ('11 ya\u015f\u0131ndayken bir sabah evimdeki sevinç ç\u0131\u011fl\u0131klar\u0131yla uyand\u0131\u011f\u0131m\u0131 hat\u0131rl\u0131yorum .',)
2021-10-02 16:37:54,731 - INFO - joeynmt.training - 	Source:     11 ya\u015f\u0131ndayken bir sabah evimdeki sevinç ç\u0131\u011fl\u0131klar\u0131yla uyand\u0131\u011f\u0131m\u0131 hat\u0131rl\u0131yorum .
2021-10-02 16:37:54,732 - INFO - joeynmt.training - 	Reference:  "When I was 11 , I remember waking up one morning to the sound of joy in my house ."
2021-10-02 16:37:54,732 - INFO - joeynmt.training - 	Hypothesis: "And I have the &quot; &quot; &quot; &quot; &quot; &quot; &quot; &quot; &quot; &quot; &quot; &quot; &quot; &quot; &quot; &quot; &quot; &quot; &quot; &quot; &quot; &quot; &quot; &quot; &quot; &quot; &quot; &quot; &quot; &quot; &quot; &quot; &quot; &quot; &quot; &quot; &quot; &quot; &quot; &quot; &quot; &quot; &quot; &quot; &quot; &quot; &quot; &quot; &quot; &quot; &quot; &quot; &quot; &quot; &quot; &quot; &quot; &quot; &quot; &quot; &quot; &quot; &quot; &quot; &quot; &quot; &quot; &quot; &quot; &quot; &quot; &quot; &quot; &quot; &quot; &quot; &quot; &quot; &quot; &quot; &quot; &quot; &quot; &quot; &quot; &quot; &quot; &quot; &quot; &quot; &quot; &quot; &quot; &quot; &quot; &quot;
2021-10-02 16:37:54,732 - INFO - joeynmt.training - Example #2
--- Logging error ---
Traceback (most recent call last):
  File "/sw/arch/Debian10/EB_production/2019/software/Anaconda3/2018.12/lib/python3.7/logging/__init__.py", line 1036, in emit
    stream.write(msg)
UnicodeEncodeError: 'latin-1' codec can't encode character '\u0131' in position 103: ordinal not in range(256)
Call stack:
  File "/sw/arch/Debian10/EB_production/2019/software/Anaconda3/2018.12/lib/python3.7/runpy.py", line 193, in _run_module_as_main
    "__main__", mod_spec)
  File "/sw/arch/Debian10/EB_production/2019/software/Anaconda3/2018.12/lib/python3.7/runpy.py", line 85, in _run_code
    exec(code, run_globals)
  File "/home/lcur0007/joeynmt/joeynmt/__main__.py", line 48, in <module>
    main()
  File "/home/lcur0007/joeynmt/joeynmt/__main__.py", line 35, in main
    train(cfg_file=args.config_path, skip_test=args.skip_test)
  File "/home/lcur0007/joeynmt/joeynmt/training.py", line 846, in train
    trainer.train_and_validate(train_data=train_data, valid_data=dev_data)
  File "/home/lcur0007/joeynmt/joeynmt/training.py", line 497, in train_and_validate
    valid_duration = self._validate(valid_data, epoch_no)
  File "/home/lcur0007/joeynmt/joeynmt/training.py", line 642, in _validate
    references=valid_references)
  File "/home/lcur0007/joeynmt/joeynmt/training.py", line 731, in _log_examples
    logger.debug("\tRaw source:     %s", sources_raw[p])
Message: '\tRaw source:     %s'
Arguments: (['"Babam', 'BBC', 'Haber', 'kanal\u0131n\u0131', 'dinliyordu', ';', 'o', 'ufak', ',', 'gri', 'radyosundan', '."'],)
--- Logging error ---
Traceback (most recent call last):
  File "/sw/arch/Debian10/EB_production/2019/software/Anaconda3/2018.12/lib/python3.7/logging/__init__.py", line 1036, in emit
    stream.write(msg)
UnicodeEncodeError: 'latin-1' codec can't encode character '\u0131' in position 87: ordinal not in range(256)
Call stack:
  File "/sw/arch/Debian10/EB_production/2019/software/Anaconda3/2018.12/lib/python3.7/runpy.py", line 193, in _run_module_as_main
    "__main__", mod_spec)
  File "/sw/arch/Debian10/EB_production/2019/software/Anaconda3/2018.12/lib/python3.7/runpy.py", line 85, in _run_code
    exec(code, run_globals)
  File "/home/lcur0007/joeynmt/joeynmt/__main__.py", line 48, in <module>
    main()
  File "/home/lcur0007/joeynmt/joeynmt/__main__.py", line 35, in main
    train(cfg_file=args.config_path, skip_test=args.skip_test)
  File "/home/lcur0007/joeynmt/joeynmt/training.py", line 846, in train
    trainer.train_and_validate(train_data=train_data, valid_data=dev_data)
  File "/home/lcur0007/joeynmt/joeynmt/training.py", line 497, in train_and_validate
    valid_duration = self._validate(valid_data, epoch_no)
  File "/home/lcur0007/joeynmt/joeynmt/training.py", line 642, in _validate
    references=valid_references)
  File "/home/lcur0007/joeynmt/joeynmt/training.py", line 737, in _log_examples
    logger.info("\tSource:     %s", sources[p])
Message: '\tSource:     %s'
Arguments: ('"Babam BBC Haber kanal\u0131n\u0131 dinliyordu ; o ufak , gri radyosundan ."',)
2021-10-02 16:37:54,732 - INFO - joeynmt.training - 	Source:     "Babam BBC Haber kanal\u0131n\u0131 dinliyordu ; o ufak , gri radyosundan ."
2021-10-02 16:37:54,733 - INFO - joeynmt.training - 	Reference:  "My father was listening to BBC News on his small , gray radio ."
2021-10-02 16:37:54,733 - INFO - joeynmt.training - 	Hypothesis: "And I have the lot of the lot of the world of the world of the world ."
2021-10-02 16:37:54,733 - INFO - joeynmt.training - Validation result (greedy) at epoch   1, step      600: bleu:   0.26, loss: 485571.4062, ppl: 283.3933, duration: 38.7912s
2021-10-02 16:39:11,441 - WARNING - sacrebleu - That's 100 lines that end in a tokenized period ('.')
2021-10-02 16:39:11,441 - WARNING - sacrebleu - It looks like you forgot to detokenize your test data, which may hurt your score.
2021-10-02 16:39:11,441 - WARNING - sacrebleu - If you insist your data is detokenized, or don't care, you can suppress this message with the `force` parameter.
2021-10-02 16:39:11,470 - INFO - joeynmt.training - Hooray! New best validation result [eval_metric]!
2021-10-02 16:39:17,634 - INFO - joeynmt.helpers - delete models/test_big_boi_tr_en/100.ckpt
2021-10-02 16:39:18,018 - INFO - joeynmt.training - Example #0
2021-10-02 16:39:18,018 - INFO - joeynmt.training - 	Source:     tr
2021-10-02 16:39:18,018 - INFO - joeynmt.training - 	Reference:  en
2021-10-02 16:39:18,018 - INFO - joeynmt.training - 	Hypothesis: I &apos;re a world .
2021-10-02 16:39:18,018 - INFO - joeynmt.training - Example #1
--- Logging error ---
Traceback (most recent call last):
  File "/sw/arch/Debian10/EB_production/2019/software/Anaconda3/2018.12/lib/python3.7/logging/__init__.py", line 1036, in emit
    stream.write(msg)
UnicodeEncodeError: 'latin-1' codec can't encode characters in position 80-81: ordinal not in range(256)
Call stack:
  File "/sw/arch/Debian10/EB_production/2019/software/Anaconda3/2018.12/lib/python3.7/runpy.py", line 193, in _run_module_as_main
    "__main__", mod_spec)
  File "/sw/arch/Debian10/EB_production/2019/software/Anaconda3/2018.12/lib/python3.7/runpy.py", line 85, in _run_code
    exec(code, run_globals)
  File "/home/lcur0007/joeynmt/joeynmt/__main__.py", line 48, in <module>
    main()
  File "/home/lcur0007/joeynmt/joeynmt/__main__.py", line 35, in main
    train(cfg_file=args.config_path, skip_test=args.skip_test)
  File "/home/lcur0007/joeynmt/joeynmt/training.py", line 846, in train
    trainer.train_and_validate(train_data=train_data, valid_data=dev_data)
  File "/home/lcur0007/joeynmt/joeynmt/training.py", line 497, in train_and_validate
    valid_duration = self._validate(valid_data, epoch_no)
  File "/home/lcur0007/joeynmt/joeynmt/training.py", line 642, in _validate
    references=valid_references)
  File "/home/lcur0007/joeynmt/joeynmt/training.py", line 731, in _log_examples
    logger.debug("\tRaw source:     %s", sources_raw[p])
Message: '\tRaw source:     %s'
Arguments: (['11', 'ya\u015f\u0131ndayken', 'bir', 'sabah', 'evimdeki', 'sevinç', 'ç\u0131\u011fl\u0131klar\u0131yla', 'uyand\u0131\u011f\u0131m\u0131', 'hat\u0131rl\u0131yorum', '.'],)
--- Logging error ---
Traceback (most recent call last):
  File "/sw/arch/Debian10/EB_production/2019/software/Anaconda3/2018.12/lib/python3.7/logging/__init__.py", line 1036, in emit
    stream.write(msg)
UnicodeEncodeError: 'latin-1' codec can't encode characters in position 70-71: ordinal not in range(256)
Call stack:
  File "/sw/arch/Debian10/EB_production/2019/software/Anaconda3/2018.12/lib/python3.7/runpy.py", line 193, in _run_module_as_main
    "__main__", mod_spec)
  File "/sw/arch/Debian10/EB_production/2019/software/Anaconda3/2018.12/lib/python3.7/runpy.py", line 85, in _run_code
    exec(code, run_globals)
  File "/home/lcur0007/joeynmt/joeynmt/__main__.py", line 48, in <module>
    main()
  File "/home/lcur0007/joeynmt/joeynmt/__main__.py", line 35, in main
    train(cfg_file=args.config_path, skip_test=args.skip_test)
  File "/home/lcur0007/joeynmt/joeynmt/training.py", line 846, in train
    trainer.train_and_validate(train_data=train_data, valid_data=dev_data)
  File "/home/lcur0007/joeynmt/joeynmt/training.py", line 497, in train_and_validate
    valid_duration = self._validate(valid_data, epoch_no)
  File "/home/lcur0007/joeynmt/joeynmt/training.py", line 642, in _validate
    references=valid_references)
  File "/home/lcur0007/joeynmt/joeynmt/training.py", line 737, in _log_examples
    logger.info("\tSource:     %s", sources[p])
Message: '\tSource:     %s'
Arguments: ('11 ya\u015f\u0131ndayken bir sabah evimdeki sevinç ç\u0131\u011fl\u0131klar\u0131yla uyand\u0131\u011f\u0131m\u0131 hat\u0131rl\u0131yorum .',)
2021-10-02 16:39:18,021 - INFO - joeynmt.training - 	Source:     11 ya\u015f\u0131ndayken bir sabah evimdeki sevinç ç\u0131\u011fl\u0131klar\u0131yla uyand\u0131\u011f\u0131m\u0131 hat\u0131rl\u0131yorum .
2021-10-02 16:39:18,021 - INFO - joeynmt.training - 	Reference:  "When I was 11 , I remember waking up one morning to the sound of joy in my house ."
2021-10-02 16:39:18,021 - INFO - joeynmt.training - 	Hypothesis: "So &apos;s the first , , we &apos;re a world , and we &apos;re a world .
2021-10-02 16:39:18,021 - INFO - joeynmt.training - Example #2
--- Logging error ---
Traceback (most recent call last):
  File "/sw/arch/Debian10/EB_production/2019/software/Anaconda3/2018.12/lib/python3.7/logging/__init__.py", line 1036, in emit
    stream.write(msg)
UnicodeEncodeError: 'latin-1' codec can't encode character '\u0131' in position 103: ordinal not in range(256)
Call stack:
  File "/sw/arch/Debian10/EB_production/2019/software/Anaconda3/2018.12/lib/python3.7/runpy.py", line 193, in _run_module_as_main
    "__main__", mod_spec)
  File "/sw/arch/Debian10/EB_production/2019/software/Anaconda3/2018.12/lib/python3.7/runpy.py", line 85, in _run_code
    exec(code, run_globals)
  File "/home/lcur0007/joeynmt/joeynmt/__main__.py", line 48, in <module>
    main()
  File "/home/lcur0007/joeynmt/joeynmt/__main__.py", line 35, in main
    train(cfg_file=args.config_path, skip_test=args.skip_test)
  File "/home/lcur0007/joeynmt/joeynmt/training.py", line 846, in train
    trainer.train_and_validate(train_data=train_data, valid_data=dev_data)
  File "/home/lcur0007/joeynmt/joeynmt/training.py", line 497, in train_and_validate
    valid_duration = self._validate(valid_data, epoch_no)
  File "/home/lcur0007/joeynmt/joeynmt/training.py", line 642, in _validate
    references=valid_references)
  File "/home/lcur0007/joeynmt/joeynmt/training.py", line 731, in _log_examples
    logger.debug("\tRaw source:     %s", sources_raw[p])
Message: '\tRaw source:     %s'
Arguments: (['"Babam', 'BBC', 'Haber', 'kanal\u0131n\u0131', 'dinliyordu', ';', 'o', 'ufak', ',', 'gri', 'radyosundan', '."'],)
--- Logging error ---
Traceback (most recent call last):
  File "/sw/arch/Debian10/EB_production/2019/software/Anaconda3/2018.12/lib/python3.7/logging/__init__.py", line 1036, in emit
    stream.write(msg)
UnicodeEncodeError: 'latin-1' codec can't encode character '\u0131' in position 87: ordinal not in range(256)
Call stack:
  File "/sw/arch/Debian10/EB_production/2019/software/Anaconda3/2018.12/lib/python3.7/runpy.py", line 193, in _run_module_as_main
    "__main__", mod_spec)
  File "/sw/arch/Debian10/EB_production/2019/software/Anaconda3/2018.12/lib/python3.7/runpy.py", line 85, in _run_code
    exec(code, run_globals)
  File "/home/lcur0007/joeynmt/joeynmt/__main__.py", line 48, in <module>
    main()
  File "/home/lcur0007/joeynmt/joeynmt/__main__.py", line 35, in main
    train(cfg_file=args.config_path, skip_test=args.skip_test)
  File "/home/lcur0007/joeynmt/joeynmt/training.py", line 846, in train
    trainer.train_and_validate(train_data=train_data, valid_data=dev_data)
  File "/home/lcur0007/joeynmt/joeynmt/training.py", line 497, in train_and_validate
    valid_duration = self._validate(valid_data, epoch_no)
  File "/home/lcur0007/joeynmt/joeynmt/training.py", line 642, in _validate
    references=valid_references)
  File "/home/lcur0007/joeynmt/joeynmt/training.py", line 737, in _log_examples
    logger.info("\tSource:     %s", sources[p])
Message: '\tSource:     %s'
Arguments: ('"Babam BBC Haber kanal\u0131n\u0131 dinliyordu ; o ufak , gri radyosundan ."',)
2021-10-02 16:39:18,022 - INFO - joeynmt.training - 	Source:     "Babam BBC Haber kanal\u0131n\u0131 dinliyordu ; o ufak , gri radyosundan ."
2021-10-02 16:39:18,022 - INFO - joeynmt.training - 	Reference:  "My father was listening to BBC News on his small , gray radio ."
2021-10-02 16:39:18,022 - INFO - joeynmt.training - 	Hypothesis: "So , we &apos;re a world , and we &apos;re a world of the world of the world ."
2021-10-02 16:39:18,022 - INFO - joeynmt.training - Validation result (greedy) at epoch   1, step      700: bleu:   1.05, loss: 472254.1562, ppl: 242.7340, duration: 39.6941s
2021-10-02 16:40:29,861 - WARNING - sacrebleu - That's 100 lines that end in a tokenized period ('.')
2021-10-02 16:40:29,861 - WARNING - sacrebleu - It looks like you forgot to detokenize your test data, which may hurt your score.
2021-10-02 16:40:29,861 - WARNING - sacrebleu - If you insist your data is detokenized, or don't care, you can suppress this message with the `force` parameter.
2021-10-02 16:40:29,891 - INFO - joeynmt.training - Hooray! New best validation result [eval_metric]!
2021-10-02 16:40:35,902 - INFO - joeynmt.helpers - delete models/test_big_boi_tr_en/500.ckpt
2021-10-02 16:40:36,232 - INFO - joeynmt.training - Example #0
2021-10-02 16:40:36,234 - INFO - joeynmt.training - 	Source:     tr
2021-10-02 16:40:36,234 - INFO - joeynmt.training - 	Reference:  en
2021-10-02 16:40:36,235 - INFO - joeynmt.training - 	Hypothesis: I &apos;re a world .
2021-10-02 16:40:36,235 - INFO - joeynmt.training - Example #1
--- Logging error ---
Traceback (most recent call last):
  File "/sw/arch/Debian10/EB_production/2019/software/Anaconda3/2018.12/lib/python3.7/logging/__init__.py", line 1036, in emit
    stream.write(msg)
UnicodeEncodeError: 'latin-1' codec can't encode characters in position 80-81: ordinal not in range(256)
Call stack:
  File "/sw/arch/Debian10/EB_production/2019/software/Anaconda3/2018.12/lib/python3.7/runpy.py", line 193, in _run_module_as_main
    "__main__", mod_spec)
  File "/sw/arch/Debian10/EB_production/2019/software/Anaconda3/2018.12/lib/python3.7/runpy.py", line 85, in _run_code
    exec(code, run_globals)
  File "/home/lcur0007/joeynmt/joeynmt/__main__.py", line 48, in <module>
    main()
  File "/home/lcur0007/joeynmt/joeynmt/__main__.py", line 35, in main
    train(cfg_file=args.config_path, skip_test=args.skip_test)
  File "/home/lcur0007/joeynmt/joeynmt/training.py", line 846, in train
    trainer.train_and_validate(train_data=train_data, valid_data=dev_data)
  File "/home/lcur0007/joeynmt/joeynmt/training.py", line 497, in train_and_validate
    valid_duration = self._validate(valid_data, epoch_no)
  File "/home/lcur0007/joeynmt/joeynmt/training.py", line 642, in _validate
    references=valid_references)
  File "/home/lcur0007/joeynmt/joeynmt/training.py", line 731, in _log_examples
    logger.debug("\tRaw source:     %s", sources_raw[p])
Message: '\tRaw source:     %s'
Arguments: (['11', 'ya\u015f\u0131ndayken', 'bir', 'sabah', 'evimdeki', 'sevinç', 'ç\u0131\u011fl\u0131klar\u0131yla', 'uyand\u0131\u011f\u0131m\u0131', 'hat\u0131rl\u0131yorum', '.'],)
--- Logging error ---
Traceback (most recent call last):
  File "/sw/arch/Debian10/EB_production/2019/software/Anaconda3/2018.12/lib/python3.7/logging/__init__.py", line 1036, in emit
    stream.write(msg)
UnicodeEncodeError: 'latin-1' codec can't encode characters in position 70-71: ordinal not in range(256)
Call stack:
  File "/sw/arch/Debian10/EB_production/2019/software/Anaconda3/2018.12/lib/python3.7/runpy.py", line 193, in _run_module_as_main
    "__main__", mod_spec)
  File "/sw/arch/Debian10/EB_production/2019/software/Anaconda3/2018.12/lib/python3.7/runpy.py", line 85, in _run_code
    exec(code, run_globals)
  File "/home/lcur0007/joeynmt/joeynmt/__main__.py", line 48, in <module>
    main()
  File "/home/lcur0007/joeynmt/joeynmt/__main__.py", line 35, in main
    train(cfg_file=args.config_path, skip_test=args.skip_test)
  File "/home/lcur0007/joeynmt/joeynmt/training.py", line 846, in train
    trainer.train_and_validate(train_data=train_data, valid_data=dev_data)
  File "/home/lcur0007/joeynmt/joeynmt/training.py", line 497, in train_and_validate
    valid_duration = self._validate(valid_data, epoch_no)
  File "/home/lcur0007/joeynmt/joeynmt/training.py", line 642, in _validate
    references=valid_references)
  File "/home/lcur0007/joeynmt/joeynmt/training.py", line 737, in _log_examples
    logger.info("\tSource:     %s", sources[p])
Message: '\tSource:     %s'
Arguments: ('11 ya\u015f\u0131ndayken bir sabah evimdeki sevinç ç\u0131\u011fl\u0131klar\u0131yla uyand\u0131\u011f\u0131m\u0131 hat\u0131rl\u0131yorum .',)
2021-10-02 16:40:36,239 - INFO - joeynmt.training - 	Source:     11 ya\u015f\u0131ndayken bir sabah evimdeki sevinç ç\u0131\u011fl\u0131klar\u0131yla uyand\u0131\u011f\u0131m\u0131 hat\u0131rl\u0131yorum .
2021-10-02 16:40:36,239 - INFO - joeynmt.training - 	Reference:  "When I was 11 , I remember waking up one morning to the sound of joy in my house ."
2021-10-02 16:40:36,239 - INFO - joeynmt.training - 	Hypothesis: "And the first , I &apos;re a world , and we &apos;re a world , and you &apos;re a world .
2021-10-02 16:40:36,239 - INFO - joeynmt.training - Example #2
--- Logging error ---
Traceback (most recent call last):
  File "/sw/arch/Debian10/EB_production/2019/software/Anaconda3/2018.12/lib/python3.7/logging/__init__.py", line 1036, in emit
    stream.write(msg)
UnicodeEncodeError: 'latin-1' codec can't encode character '\u0131' in position 103: ordinal not in range(256)
Call stack:
  File "/sw/arch/Debian10/EB_production/2019/software/Anaconda3/2018.12/lib/python3.7/runpy.py", line 193, in _run_module_as_main
    "__main__", mod_spec)
  File "/sw/arch/Debian10/EB_production/2019/software/Anaconda3/2018.12/lib/python3.7/runpy.py", line 85, in _run_code
    exec(code, run_globals)
  File "/home/lcur0007/joeynmt/joeynmt/__main__.py", line 48, in <module>
    main()
  File "/home/lcur0007/joeynmt/joeynmt/__main__.py", line 35, in main
    train(cfg_file=args.config_path, skip_test=args.skip_test)
  File "/home/lcur0007/joeynmt/joeynmt/training.py", line 846, in train
    trainer.train_and_validate(train_data=train_data, valid_data=dev_data)
  File "/home/lcur0007/joeynmt/joeynmt/training.py", line 497, in train_and_validate
    valid_duration = self._validate(valid_data, epoch_no)
  File "/home/lcur0007/joeynmt/joeynmt/training.py", line 642, in _validate
    references=valid_references)
  File "/home/lcur0007/joeynmt/joeynmt/training.py", line 731, in _log_examples
    logger.debug("\tRaw source:     %s", sources_raw[p])
Message: '\tRaw source:     %s'
Arguments: (['"Babam', 'BBC', 'Haber', 'kanal\u0131n\u0131', 'dinliyordu', ';', 'o', 'ufak', ',', 'gri', 'radyosundan', '."'],)
--- Logging error ---
Traceback (most recent call last):
  File "/sw/arch/Debian10/EB_production/2019/software/Anaconda3/2018.12/lib/python3.7/logging/__init__.py", line 1036, in emit
    stream.write(msg)
UnicodeEncodeError: 'latin-1' codec can't encode character '\u0131' in position 87: ordinal not in range(256)
Call stack:
  File "/sw/arch/Debian10/EB_production/2019/software/Anaconda3/2018.12/lib/python3.7/runpy.py", line 193, in _run_module_as_main
    "__main__", mod_spec)
  File "/sw/arch/Debian10/EB_production/2019/software/Anaconda3/2018.12/lib/python3.7/runpy.py", line 85, in _run_code
    exec(code, run_globals)
  File "/home/lcur0007/joeynmt/joeynmt/__main__.py", line 48, in <module>
    main()
  File "/home/lcur0007/joeynmt/joeynmt/__main__.py", line 35, in main
    train(cfg_file=args.config_path, skip_test=args.skip_test)
  File "/home/lcur0007/joeynmt/joeynmt/training.py", line 846, in train
    trainer.train_and_validate(train_data=train_data, valid_data=dev_data)
  File "/home/lcur0007/joeynmt/joeynmt/training.py", line 497, in train_and_validate
    valid_duration = self._validate(valid_data, epoch_no)
  File "/home/lcur0007/joeynmt/joeynmt/training.py", line 642, in _validate
    references=valid_references)
  File "/home/lcur0007/joeynmt/joeynmt/training.py", line 737, in _log_examples
    logger.info("\tSource:     %s", sources[p])
Message: '\tSource:     %s'
Arguments: ('"Babam BBC Haber kanal\u0131n\u0131 dinliyordu ; o ufak , gri radyosundan ."',)
2021-10-02 16:40:36,240 - INFO - joeynmt.training - 	Source:     "Babam BBC Haber kanal\u0131n\u0131 dinliyordu ; o ufak , gri radyosundan ."
2021-10-02 16:40:36,240 - INFO - joeynmt.training - 	Reference:  "My father was listening to BBC News on his small , gray radio ."
2021-10-02 16:40:36,240 - INFO - joeynmt.training - 	Hypothesis: "And the first , I &apos;re a world , and we &apos;re a world , and the world &apos;s the world ."
2021-10-02 16:40:36,240 - INFO - joeynmt.training - Validation result (greedy) at epoch   1, step      800: bleu:   3.48, loss: 462412.1562, ppl: 216.4828, duration: 36.1117s
2021-10-02 16:41:49,793 - WARNING - sacrebleu - That's 100 lines that end in a tokenized period ('.')
2021-10-02 16:41:49,793 - WARNING - sacrebleu - It looks like you forgot to detokenize your test data, which may hurt your score.
2021-10-02 16:41:49,793 - WARNING - sacrebleu - If you insist your data is detokenized, or don't care, you can suppress this message with the `force` parameter.
2021-10-02 16:41:49,822 - INFO - joeynmt.training - Hooray! New best validation result [eval_metric]!
2021-10-02 16:41:55,921 - INFO - joeynmt.helpers - delete models/test_big_boi_tr_en/600.ckpt
2021-10-02 16:41:56,296 - INFO - joeynmt.training - Example #0
2021-10-02 16:41:56,297 - INFO - joeynmt.training - 	Source:     tr
2021-10-02 16:41:56,297 - INFO - joeynmt.training - 	Reference:  en
2021-10-02 16:41:56,297 - INFO - joeynmt.training - 	Hypothesis: I &apos;m going
2021-10-02 16:41:56,297 - INFO - joeynmt.training - Example #1
--- Logging error ---
Traceback (most recent call last):
  File "/sw/arch/Debian10/EB_production/2019/software/Anaconda3/2018.12/lib/python3.7/logging/__init__.py", line 1036, in emit
    stream.write(msg)
UnicodeEncodeError: 'latin-1' codec can't encode characters in position 80-81: ordinal not in range(256)
Call stack:
  File "/sw/arch/Debian10/EB_production/2019/software/Anaconda3/2018.12/lib/python3.7/runpy.py", line 193, in _run_module_as_main
    "__main__", mod_spec)
  File "/sw/arch/Debian10/EB_production/2019/software/Anaconda3/2018.12/lib/python3.7/runpy.py", line 85, in _run_code
    exec(code, run_globals)
  File "/home/lcur0007/joeynmt/joeynmt/__main__.py", line 48, in <module>
    main()
  File "/home/lcur0007/joeynmt/joeynmt/__main__.py", line 35, in main
    train(cfg_file=args.config_path, skip_test=args.skip_test)
  File "/home/lcur0007/joeynmt/joeynmt/training.py", line 846, in train
    trainer.train_and_validate(train_data=train_data, valid_data=dev_data)
  File "/home/lcur0007/joeynmt/joeynmt/training.py", line 497, in train_and_validate
    valid_duration = self._validate(valid_data, epoch_no)
  File "/home/lcur0007/joeynmt/joeynmt/training.py", line 642, in _validate
    references=valid_references)
  File "/home/lcur0007/joeynmt/joeynmt/training.py", line 731, in _log_examples
    logger.debug("\tRaw source:     %s", sources_raw[p])
Message: '\tRaw source:     %s'
Arguments: (['11', 'ya\u015f\u0131ndayken', 'bir', 'sabah', 'evimdeki', 'sevinç', 'ç\u0131\u011fl\u0131klar\u0131yla', 'uyand\u0131\u011f\u0131m\u0131', 'hat\u0131rl\u0131yorum', '.'],)
--- Logging error ---
Traceback (most recent call last):
  File "/sw/arch/Debian10/EB_production/2019/software/Anaconda3/2018.12/lib/python3.7/logging/__init__.py", line 1036, in emit
    stream.write(msg)
UnicodeEncodeError: 'latin-1' codec can't encode characters in position 70-71: ordinal not in range(256)
Call stack:
  File "/sw/arch/Debian10/EB_production/2019/software/Anaconda3/2018.12/lib/python3.7/runpy.py", line 193, in _run_module_as_main
    "__main__", mod_spec)
  File "/sw/arch/Debian10/EB_production/2019/software/Anaconda3/2018.12/lib/python3.7/runpy.py", line 85, in _run_code
    exec(code, run_globals)
  File "/home/lcur0007/joeynmt/joeynmt/__main__.py", line 48, in <module>
    main()
  File "/home/lcur0007/joeynmt/joeynmt/__main__.py", line 35, in main
    train(cfg_file=args.config_path, skip_test=args.skip_test)
  File "/home/lcur0007/joeynmt/joeynmt/training.py", line 846, in train
    trainer.train_and_validate(train_data=train_data, valid_data=dev_data)
  File "/home/lcur0007/joeynmt/joeynmt/training.py", line 497, in train_and_validate
    valid_duration = self._validate(valid_data, epoch_no)
  File "/home/lcur0007/joeynmt/joeynmt/training.py", line 642, in _validate
    references=valid_references)
  File "/home/lcur0007/joeynmt/joeynmt/training.py", line 737, in _log_examples
    logger.info("\tSource:     %s", sources[p])
Message: '\tSource:     %s'
Arguments: ('11 ya\u015f\u0131ndayken bir sabah evimdeki sevinç ç\u0131\u011fl\u0131klar\u0131yla uyand\u0131\u011f\u0131m\u0131 hat\u0131rl\u0131yorum .',)
2021-10-02 16:41:56,300 - INFO - joeynmt.training - 	Source:     11 ya\u015f\u0131ndayken bir sabah evimdeki sevinç ç\u0131\u011fl\u0131klar\u0131yla uyand\u0131\u011f\u0131m\u0131 hat\u0131rl\u0131yorum .
2021-10-02 16:41:56,300 - INFO - joeynmt.training - 	Reference:  "When I was 11 , I remember waking up one morning to the sound of joy in my house ."
2021-10-02 16:41:56,300 - INFO - joeynmt.training - 	Hypothesis: And we &apos;re going to be the world , and you can &apos;t have a lot of the world .
2021-10-02 16:41:56,300 - INFO - joeynmt.training - Example #2
--- Logging error ---
Traceback (most recent call last):
  File "/sw/arch/Debian10/EB_production/2019/software/Anaconda3/2018.12/lib/python3.7/logging/__init__.py", line 1036, in emit
    stream.write(msg)
UnicodeEncodeError: 'latin-1' codec can't encode character '\u0131' in position 103: ordinal not in range(256)
Call stack:
  File "/sw/arch/Debian10/EB_production/2019/software/Anaconda3/2018.12/lib/python3.7/runpy.py", line 193, in _run_module_as_main
    "__main__", mod_spec)
  File "/sw/arch/Debian10/EB_production/2019/software/Anaconda3/2018.12/lib/python3.7/runpy.py", line 85, in _run_code
    exec(code, run_globals)
  File "/home/lcur0007/joeynmt/joeynmt/__main__.py", line 48, in <module>
    main()
  File "/home/lcur0007/joeynmt/joeynmt/__main__.py", line 35, in main
    train(cfg_file=args.config_path, skip_test=args.skip_test)
  File "/home/lcur0007/joeynmt/joeynmt/training.py", line 846, in train
    trainer.train_and_validate(train_data=train_data, valid_data=dev_data)
  File "/home/lcur0007/joeynmt/joeynmt/training.py", line 497, in train_and_validate
    valid_duration = self._validate(valid_data, epoch_no)
  File "/home/lcur0007/joeynmt/joeynmt/training.py", line 642, in _validate
    references=valid_references)
  File "/home/lcur0007/joeynmt/joeynmt/training.py", line 731, in _log_examples
    logger.debug("\tRaw source:     %s", sources_raw[p])
Message: '\tRaw source:     %s'
Arguments: (['"Babam', 'BBC', 'Haber', 'kanal\u0131n\u0131', 'dinliyordu', ';', 'o', 'ufak', ',', 'gri', 'radyosundan', '."'],)
--- Logging error ---
Traceback (most recent call last):
  File "/sw/arch/Debian10/EB_production/2019/software/Anaconda3/2018.12/lib/python3.7/logging/__init__.py", line 1036, in emit
    stream.write(msg)
UnicodeEncodeError: 'latin-1' codec can't encode character '\u0131' in position 87: ordinal not in range(256)
Call stack:
  File "/sw/arch/Debian10/EB_production/2019/software/Anaconda3/2018.12/lib/python3.7/runpy.py", line 193, in _run_module_as_main
    "__main__", mod_spec)
  File "/sw/arch/Debian10/EB_production/2019/software/Anaconda3/2018.12/lib/python3.7/runpy.py", line 85, in _run_code
    exec(code, run_globals)
  File "/home/lcur0007/joeynmt/joeynmt/__main__.py", line 48, in <module>
    main()
  File "/home/lcur0007/joeynmt/joeynmt/__main__.py", line 35, in main
    train(cfg_file=args.config_path, skip_test=args.skip_test)
  File "/home/lcur0007/joeynmt/joeynmt/training.py", line 846, in train
    trainer.train_and_validate(train_data=train_data, valid_data=dev_data)
  File "/home/lcur0007/joeynmt/joeynmt/training.py", line 497, in train_and_validate
    valid_duration = self._validate(valid_data, epoch_no)
  File "/home/lcur0007/joeynmt/joeynmt/training.py", line 642, in _validate
    references=valid_references)
  File "/home/lcur0007/joeynmt/joeynmt/training.py", line 737, in _log_examples
    logger.info("\tSource:     %s", sources[p])
Message: '\tSource:     %s'
Arguments: ('"Babam BBC Haber kanal\u0131n\u0131 dinliyordu ; o ufak , gri radyosundan ."',)
2021-10-02 16:41:56,301 - INFO - joeynmt.training - 	Source:     "Babam BBC Haber kanal\u0131n\u0131 dinliyordu ; o ufak , gri radyosundan ."
2021-10-02 16:41:56,301 - INFO - joeynmt.training - 	Reference:  "My father was listening to BBC News on his small , gray radio ."
2021-10-02 16:41:56,301 - INFO - joeynmt.training - 	Hypothesis: "And the first , we &apos;re going to be the world , and we &apos;re going to be the world ."
2021-10-02 16:41:56,301 - INFO - joeynmt.training - Validation result (greedy) at epoch   1, step      900: bleu:   3.56, loss: 454742.3125, ppl: 198.0097, duration: 37.7382s
2021-10-02 16:42:38,123 - INFO - joeynmt.training - Epoch   1, Step:     1000, Batch Loss:   123.945816, Tokens per Sec:     3663, Lr: 0.000300
2021-10-02 16:43:10,070 - WARNING - sacrebleu - That's 100 lines that end in a tokenized period ('.')
2021-10-02 16:43:10,070 - WARNING - sacrebleu - It looks like you forgot to detokenize your test data, which may hurt your score.
2021-10-02 16:43:10,071 - WARNING - sacrebleu - If you insist your data is detokenized, or don't care, you can suppress this message with the `force` parameter.
2021-10-02 16:43:16,135 - INFO - joeynmt.helpers - delete models/test_big_boi_tr_en/300.ckpt
2021-10-02 16:43:16,552 - INFO - joeynmt.training - Example #0
2021-10-02 16:43:16,552 - INFO - joeynmt.training - 	Source:     tr
2021-10-02 16:43:16,552 - INFO - joeynmt.training - 	Reference:  en
2021-10-02 16:43:16,554 - INFO - joeynmt.training - 	Hypothesis: We can &apos;t be a lot of the world .
2021-10-02 16:43:16,554 - INFO - joeynmt.training - Example #1
--- Logging error ---
Traceback (most recent call last):
  File "/sw/arch/Debian10/EB_production/2019/software/Anaconda3/2018.12/lib/python3.7/logging/__init__.py", line 1036, in emit
    stream.write(msg)
UnicodeEncodeError: 'latin-1' codec can't encode characters in position 80-81: ordinal not in range(256)
Call stack:
  File "/sw/arch/Debian10/EB_production/2019/software/Anaconda3/2018.12/lib/python3.7/runpy.py", line 193, in _run_module_as_main
    "__main__", mod_spec)
  File "/sw/arch/Debian10/EB_production/2019/software/Anaconda3/2018.12/lib/python3.7/runpy.py", line 85, in _run_code
    exec(code, run_globals)
  File "/home/lcur0007/joeynmt/joeynmt/__main__.py", line 48, in <module>
    main()
  File "/home/lcur0007/joeynmt/joeynmt/__main__.py", line 35, in main
    train(cfg_file=args.config_path, skip_test=args.skip_test)
  File "/home/lcur0007/joeynmt/joeynmt/training.py", line 846, in train
    trainer.train_and_validate(train_data=train_data, valid_data=dev_data)
  File "/home/lcur0007/joeynmt/joeynmt/training.py", line 497, in train_and_validate
    valid_duration = self._validate(valid_data, epoch_no)
  File "/home/lcur0007/joeynmt/joeynmt/training.py", line 642, in _validate
    references=valid_references)
  File "/home/lcur0007/joeynmt/joeynmt/training.py", line 731, in _log_examples
    logger.debug("\tRaw source:     %s", sources_raw[p])
Message: '\tRaw source:     %s'
Arguments: (['11', 'ya\u015f\u0131ndayken', 'bir', 'sabah', 'evimdeki', 'sevinç', 'ç\u0131\u011fl\u0131klar\u0131yla', 'uyand\u0131\u011f\u0131m\u0131', 'hat\u0131rl\u0131yorum', '.'],)
--- Logging error ---
Traceback (most recent call last):
  File "/sw/arch/Debian10/EB_production/2019/software/Anaconda3/2018.12/lib/python3.7/logging/__init__.py", line 1036, in emit
    stream.write(msg)
UnicodeEncodeError: 'latin-1' codec can't encode characters in position 70-71: ordinal not in range(256)
Call stack:
  File "/sw/arch/Debian10/EB_production/2019/software/Anaconda3/2018.12/lib/python3.7/runpy.py", line 193, in _run_module_as_main
    "__main__", mod_spec)
  File "/sw/arch/Debian10/EB_production/2019/software/Anaconda3/2018.12/lib/python3.7/runpy.py", line 85, in _run_code
    exec(code, run_globals)
  File "/home/lcur0007/joeynmt/joeynmt/__main__.py", line 48, in <module>
    main()
  File "/home/lcur0007/joeynmt/joeynmt/__main__.py", line 35, in main
    train(cfg_file=args.config_path, skip_test=args.skip_test)
  File "/home/lcur0007/joeynmt/joeynmt/training.py", line 846, in train
    trainer.train_and_validate(train_data=train_data, valid_data=dev_data)
  File "/home/lcur0007/joeynmt/joeynmt/training.py", line 497, in train_and_validate
    valid_duration = self._validate(valid_data, epoch_no)
  File "/home/lcur0007/joeynmt/joeynmt/training.py", line 642, in _validate
    references=valid_references)
  File "/home/lcur0007/joeynmt/joeynmt/training.py", line 737, in _log_examples
    logger.info("\tSource:     %s", sources[p])
Message: '\tSource:     %s'
Arguments: ('11 ya\u015f\u0131ndayken bir sabah evimdeki sevinç ç\u0131\u011fl\u0131klar\u0131yla uyand\u0131\u011f\u0131m\u0131 hat\u0131rl\u0131yorum .',)
2021-10-02 16:43:16,557 - INFO - joeynmt.training - 	Source:     11 ya\u015f\u0131ndayken bir sabah evimdeki sevinç ç\u0131\u011fl\u0131klar\u0131yla uyand\u0131\u011f\u0131m\u0131 hat\u0131rl\u0131yorum .
2021-10-02 16:43:16,557 - INFO - joeynmt.training - 	Reference:  "When I was 11 , I remember waking up one morning to the sound of joy in my house ."
2021-10-02 16:43:16,558 - INFO - joeynmt.training - 	Hypothesis: We &apos;ve got a lot of the world , and we &apos;re a lot of the world .
2021-10-02 16:43:16,558 - INFO - joeynmt.training - Example #2
--- Logging error ---
Traceback (most recent call last):
  File "/sw/arch/Debian10/EB_production/2019/software/Anaconda3/2018.12/lib/python3.7/logging/__init__.py", line 1036, in emit
    stream.write(msg)
UnicodeEncodeError: 'latin-1' codec can't encode character '\u0131' in position 103: ordinal not in range(256)
Call stack:
  File "/sw/arch/Debian10/EB_production/2019/software/Anaconda3/2018.12/lib/python3.7/runpy.py", line 193, in _run_module_as_main
    "__main__", mod_spec)
  File "/sw/arch/Debian10/EB_production/2019/software/Anaconda3/2018.12/lib/python3.7/runpy.py", line 85, in _run_code
    exec(code, run_globals)
  File "/home/lcur0007/joeynmt/joeynmt/__main__.py", line 48, in <module>
    main()
  File "/home/lcur0007/joeynmt/joeynmt/__main__.py", line 35, in main
    train(cfg_file=args.config_path, skip_test=args.skip_test)
  File "/home/lcur0007/joeynmt/joeynmt/training.py", line 846, in train
    trainer.train_and_validate(train_data=train_data, valid_data=dev_data)
  File "/home/lcur0007/joeynmt/joeynmt/training.py", line 497, in train_and_validate
    valid_duration = self._validate(valid_data, epoch_no)
  File "/home/lcur0007/joeynmt/joeynmt/training.py", line 642, in _validate
    references=valid_references)
  File "/home/lcur0007/joeynmt/joeynmt/training.py", line 731, in _log_examples
    logger.debug("\tRaw source:     %s", sources_raw[p])
Message: '\tRaw source:     %s'
Arguments: (['"Babam', 'BBC', 'Haber', 'kanal\u0131n\u0131', 'dinliyordu', ';', 'o', 'ufak', ',', 'gri', 'radyosundan', '."'],)
--- Logging error ---
Traceback (most recent call last):
  File "/sw/arch/Debian10/EB_production/2019/software/Anaconda3/2018.12/lib/python3.7/logging/__init__.py", line 1036, in emit
    stream.write(msg)
UnicodeEncodeError: 'latin-1' codec can't encode character '\u0131' in position 87: ordinal not in range(256)
Call stack:
  File "/sw/arch/Debian10/EB_production/2019/software/Anaconda3/2018.12/lib/python3.7/runpy.py", line 193, in _run_module_as_main
    "__main__", mod_spec)
  File "/sw/arch/Debian10/EB_production/2019/software/Anaconda3/2018.12/lib/python3.7/runpy.py", line 85, in _run_code
    exec(code, run_globals)
  File "/home/lcur0007/joeynmt/joeynmt/__main__.py", line 48, in <module>
    main()
  File "/home/lcur0007/joeynmt/joeynmt/__main__.py", line 35, in main
    train(cfg_file=args.config_path, skip_test=args.skip_test)
  File "/home/lcur0007/joeynmt/joeynmt/training.py", line 846, in train
    trainer.train_and_validate(train_data=train_data, valid_data=dev_data)
  File "/home/lcur0007/joeynmt/joeynmt/training.py", line 497, in train_and_validate
    valid_duration = self._validate(valid_data, epoch_no)
  File "/home/lcur0007/joeynmt/joeynmt/training.py", line 642, in _validate
    references=valid_references)
  File "/home/lcur0007/joeynmt/joeynmt/training.py", line 737, in _log_examples
    logger.info("\tSource:     %s", sources[p])
Message: '\tSource:     %s'
Arguments: ('"Babam BBC Haber kanal\u0131n\u0131 dinliyordu ; o ufak , gri radyosundan ."',)
2021-10-02 16:43:16,558 - INFO - joeynmt.training - 	Source:     "Babam BBC Haber kanal\u0131n\u0131 dinliyordu ; o ufak , gri radyosundan ."
2021-10-02 16:43:16,558 - INFO - joeynmt.training - 	Reference:  "My father was listening to BBC News on his small , gray radio ."
2021-10-02 16:43:16,558 - INFO - joeynmt.training - 	Hypothesis: "And the first thing is a lot of the world , and we &apos;re going to be a lot of the world ."
2021-10-02 16:43:16,559 - INFO - joeynmt.training - Validation result (greedy) at epoch   1, step     1000: bleu:   3.33, loss: 446500.3438, ppl: 179.9120, duration: 38.4353s
2021-10-02 16:44:30,935 - WARNING - sacrebleu - That's 100 lines that end in a tokenized period ('.')
2021-10-02 16:44:30,936 - WARNING - sacrebleu - It looks like you forgot to detokenize your test data, which may hurt your score.
2021-10-02 16:44:30,936 - WARNING - sacrebleu - If you insist your data is detokenized, or don't care, you can suppress this message with the `force` parameter.
2021-10-02 16:44:36,936 - INFO - joeynmt.helpers - delete models/test_big_boi_tr_en/400.ckpt
2021-10-02 16:44:37,265 - INFO - joeynmt.training - Example #0
2021-10-02 16:44:37,265 - INFO - joeynmt.training - 	Source:     tr
2021-10-02 16:44:37,265 - INFO - joeynmt.training - 	Reference:  en
2021-10-02 16:44:37,265 - INFO - joeynmt.training - 	Hypothesis: I &apos;m going to be .
2021-10-02 16:44:37,265 - INFO - joeynmt.training - Example #1
--- Logging error ---
Traceback (most recent call last):
  File "/sw/arch/Debian10/EB_production/2019/software/Anaconda3/2018.12/lib/python3.7/logging/__init__.py", line 1036, in emit
    stream.write(msg)
UnicodeEncodeError: 'latin-1' codec can't encode characters in position 80-81: ordinal not in range(256)
Call stack:
  File "/sw/arch/Debian10/EB_production/2019/software/Anaconda3/2018.12/lib/python3.7/runpy.py", line 193, in _run_module_as_main
    "__main__", mod_spec)
  File "/sw/arch/Debian10/EB_production/2019/software/Anaconda3/2018.12/lib/python3.7/runpy.py", line 85, in _run_code
    exec(code, run_globals)
  File "/home/lcur0007/joeynmt/joeynmt/__main__.py", line 48, in <module>
    main()
  File "/home/lcur0007/joeynmt/joeynmt/__main__.py", line 35, in main
    train(cfg_file=args.config_path, skip_test=args.skip_test)
  File "/home/lcur0007/joeynmt/joeynmt/training.py", line 846, in train
    trainer.train_and_validate(train_data=train_data, valid_data=dev_data)
  File "/home/lcur0007/joeynmt/joeynmt/training.py", line 497, in train_and_validate
    valid_duration = self._validate(valid_data, epoch_no)
  File "/home/lcur0007/joeynmt/joeynmt/training.py", line 642, in _validate
    references=valid_references)
  File "/home/lcur0007/joeynmt/joeynmt/training.py", line 731, in _log_examples
    logger.debug("\tRaw source:     %s", sources_raw[p])
Message: '\tRaw source:     %s'
Arguments: (['11', 'ya\u015f\u0131ndayken', 'bir', 'sabah', 'evimdeki', 'sevinç', 'ç\u0131\u011fl\u0131klar\u0131yla', 'uyand\u0131\u011f\u0131m\u0131', 'hat\u0131rl\u0131yorum', '.'],)
--- Logging error ---
Traceback (most recent call last):
  File "/sw/arch/Debian10/EB_production/2019/software/Anaconda3/2018.12/lib/python3.7/logging/__init__.py", line 1036, in emit
    stream.write(msg)
UnicodeEncodeError: 'latin-1' codec can't encode characters in position 70-71: ordinal not in range(256)
Call stack:
  File "/sw/arch/Debian10/EB_production/2019/software/Anaconda3/2018.12/lib/python3.7/runpy.py", line 193, in _run_module_as_main
    "__main__", mod_spec)
  File "/sw/arch/Debian10/EB_production/2019/software/Anaconda3/2018.12/lib/python3.7/runpy.py", line 85, in _run_code
    exec(code, run_globals)
  File "/home/lcur0007/joeynmt/joeynmt/__main__.py", line 48, in <module>
    main()
  File "/home/lcur0007/joeynmt/joeynmt/__main__.py", line 35, in main
    train(cfg_file=args.config_path, skip_test=args.skip_test)
  File "/home/lcur0007/joeynmt/joeynmt/training.py", line 846, in train
    trainer.train_and_validate(train_data=train_data, valid_data=dev_data)
  File "/home/lcur0007/joeynmt/joeynmt/training.py", line 497, in train_and_validate
    valid_duration = self._validate(valid_data, epoch_no)
  File "/home/lcur0007/joeynmt/joeynmt/training.py", line 642, in _validate
    references=valid_references)
  File "/home/lcur0007/joeynmt/joeynmt/training.py", line 737, in _log_examples
    logger.info("\tSource:     %s", sources[p])
Message: '\tSource:     %s'
Arguments: ('11 ya\u015f\u0131ndayken bir sabah evimdeki sevinç ç\u0131\u011fl\u0131klar\u0131yla uyand\u0131\u011f\u0131m\u0131 hat\u0131rl\u0131yorum .',)
2021-10-02 16:44:37,269 - INFO - joeynmt.training - 	Source:     11 ya\u015f\u0131ndayken bir sabah evimdeki sevinç ç\u0131\u011fl\u0131klar\u0131yla uyand\u0131\u011f\u0131m\u0131 hat\u0131rl\u0131yorum .
2021-10-02 16:44:37,269 - INFO - joeynmt.training - 	Reference:  "When I was 11 , I remember waking up one morning to the sound of joy in my house ."
2021-10-02 16:44:37,269 - INFO - joeynmt.training - 	Hypothesis: The first thing is the world that we &apos;re going to be able to be able to be a lot of the world .
2021-10-02 16:44:37,269 - INFO - joeynmt.training - Example #2
--- Logging error ---
Traceback (most recent call last):
  File "/sw/arch/Debian10/EB_production/2019/software/Anaconda3/2018.12/lib/python3.7/logging/__init__.py", line 1036, in emit
    stream.write(msg)
UnicodeEncodeError: 'latin-1' codec can't encode character '\u0131' in position 103: ordinal not in range(256)
Call stack:
  File "/sw/arch/Debian10/EB_production/2019/software/Anaconda3/2018.12/lib/python3.7/runpy.py", line 193, in _run_module_as_main
    "__main__", mod_spec)
  File "/sw/arch/Debian10/EB_production/2019/software/Anaconda3/2018.12/lib/python3.7/runpy.py", line 85, in _run_code
    exec(code, run_globals)
  File "/home/lcur0007/joeynmt/joeynmt/__main__.py", line 48, in <module>
    main()
  File "/home/lcur0007/joeynmt/joeynmt/__main__.py", line 35, in main
    train(cfg_file=args.config_path, skip_test=args.skip_test)
  File "/home/lcur0007/joeynmt/joeynmt/training.py", line 846, in train
    trainer.train_and_validate(train_data=train_data, valid_data=dev_data)
  File "/home/lcur0007/joeynmt/joeynmt/training.py", line 497, in train_and_validate
    valid_duration = self._validate(valid_data, epoch_no)
  File "/home/lcur0007/joeynmt/joeynmt/training.py", line 642, in _validate
    references=valid_references)
  File "/home/lcur0007/joeynmt/joeynmt/training.py", line 731, in _log_examples
    logger.debug("\tRaw source:     %s", sources_raw[p])
Message: '\tRaw source:     %s'
Arguments: (['"Babam', 'BBC', 'Haber', 'kanal\u0131n\u0131', 'dinliyordu', ';', 'o', 'ufak', ',', 'gri', 'radyosundan', '."'],)
--- Logging error ---
Traceback (most recent call last):
  File "/sw/arch/Debian10/EB_production/2019/software/Anaconda3/2018.12/lib/python3.7/logging/__init__.py", line 1036, in emit
    stream.write(msg)
UnicodeEncodeError: 'latin-1' codec can't encode character '\u0131' in position 87: ordinal not in range(256)
Call stack:
  File "/sw/arch/Debian10/EB_production/2019/software/Anaconda3/2018.12/lib/python3.7/runpy.py", line 193, in _run_module_as_main
    "__main__", mod_spec)
  File "/sw/arch/Debian10/EB_production/2019/software/Anaconda3/2018.12/lib/python3.7/runpy.py", line 85, in _run_code
    exec(code, run_globals)
  File "/home/lcur0007/joeynmt/joeynmt/__main__.py", line 48, in <module>
    main()
  File "/home/lcur0007/joeynmt/joeynmt/__main__.py", line 35, in main
    train(cfg_file=args.config_path, skip_test=args.skip_test)
  File "/home/lcur0007/joeynmt/joeynmt/training.py", line 846, in train
    trainer.train_and_validate(train_data=train_data, valid_data=dev_data)
  File "/home/lcur0007/joeynmt/joeynmt/training.py", line 497, in train_and_validate
    valid_duration = self._validate(valid_data, epoch_no)
  File "/home/lcur0007/joeynmt/joeynmt/training.py", line 642, in _validate
    references=valid_references)
  File "/home/lcur0007/joeynmt/joeynmt/training.py", line 737, in _log_examples
    logger.info("\tSource:     %s", sources[p])
Message: '\tSource:     %s'
Arguments: ('"Babam BBC Haber kanal\u0131n\u0131 dinliyordu ; o ufak , gri radyosundan ."',)
2021-10-02 16:44:37,269 - INFO - joeynmt.training - 	Source:     "Babam BBC Haber kanal\u0131n\u0131 dinliyordu ; o ufak , gri radyosundan ."
2021-10-02 16:44:37,270 - INFO - joeynmt.training - 	Reference:  "My father was listening to BBC News on his small , gray radio ."
2021-10-02 16:44:37,270 - INFO - joeynmt.training - 	Hypothesis: "And the first thing is a lot of the world , the way , the way , the way of the world ."
2021-10-02 16:44:37,270 - INFO - joeynmt.training - Validation result (greedy) at epoch   1, step     1100: bleu:   3.15, loss: 439438.8750, ppl: 165.7281, duration: 38.9021s
2021-10-02 16:45:50,951 - WARNING - sacrebleu - That's 100 lines that end in a tokenized period ('.')
2021-10-02 16:45:50,951 - WARNING - sacrebleu - It looks like you forgot to detokenize your test data, which may hurt your score.
2021-10-02 16:45:50,952 - WARNING - sacrebleu - If you insist your data is detokenized, or don't care, you can suppress this message with the `force` parameter.
2021-10-02 16:45:50,982 - INFO - joeynmt.training - Hooray! New best validation result [eval_metric]!
2021-10-02 16:45:56,937 - INFO - joeynmt.helpers - delete models/test_big_boi_tr_en/700.ckpt
2021-10-02 16:45:57,291 - INFO - joeynmt.training - Example #0
2021-10-02 16:45:57,291 - INFO - joeynmt.training - 	Source:     tr
2021-10-02 16:45:57,291 - INFO - joeynmt.training - 	Reference:  en
2021-10-02 16:45:57,291 - INFO - joeynmt.training - 	Hypothesis: I &apos;m going to be .
2021-10-02 16:45:57,291 - INFO - joeynmt.training - Example #1
--- Logging error ---
Traceback (most recent call last):
  File "/sw/arch/Debian10/EB_production/2019/software/Anaconda3/2018.12/lib/python3.7/logging/__init__.py", line 1036, in emit
    stream.write(msg)
UnicodeEncodeError: 'latin-1' codec can't encode characters in position 80-81: ordinal not in range(256)
Call stack:
  File "/sw/arch/Debian10/EB_production/2019/software/Anaconda3/2018.12/lib/python3.7/runpy.py", line 193, in _run_module_as_main
    "__main__", mod_spec)
  File "/sw/arch/Debian10/EB_production/2019/software/Anaconda3/2018.12/lib/python3.7/runpy.py", line 85, in _run_code
    exec(code, run_globals)
  File "/home/lcur0007/joeynmt/joeynmt/__main__.py", line 48, in <module>
    main()
  File "/home/lcur0007/joeynmt/joeynmt/__main__.py", line 35, in main
    train(cfg_file=args.config_path, skip_test=args.skip_test)
  File "/home/lcur0007/joeynmt/joeynmt/training.py", line 846, in train
    trainer.train_and_validate(train_data=train_data, valid_data=dev_data)
  File "/home/lcur0007/joeynmt/joeynmt/training.py", line 497, in train_and_validate
    valid_duration = self._validate(valid_data, epoch_no)
  File "/home/lcur0007/joeynmt/joeynmt/training.py", line 642, in _validate
    references=valid_references)
  File "/home/lcur0007/joeynmt/joeynmt/training.py", line 731, in _log_examples
    logger.debug("\tRaw source:     %s", sources_raw[p])
Message: '\tRaw source:     %s'
Arguments: (['11', 'ya\u015f\u0131ndayken', 'bir', 'sabah', 'evimdeki', 'sevinç', 'ç\u0131\u011fl\u0131klar\u0131yla', 'uyand\u0131\u011f\u0131m\u0131', 'hat\u0131rl\u0131yorum', '.'],)
--- Logging error ---
Traceback (most recent call last):
  File "/sw/arch/Debian10/EB_production/2019/software/Anaconda3/2018.12/lib/python3.7/logging/__init__.py", line 1036, in emit
    stream.write(msg)
UnicodeEncodeError: 'latin-1' codec can't encode characters in position 70-71: ordinal not in range(256)
Call stack:
  File "/sw/arch/Debian10/EB_production/2019/software/Anaconda3/2018.12/lib/python3.7/runpy.py", line 193, in _run_module_as_main
    "__main__", mod_spec)
  File "/sw/arch/Debian10/EB_production/2019/software/Anaconda3/2018.12/lib/python3.7/runpy.py", line 85, in _run_code
    exec(code, run_globals)
  File "/home/lcur0007/joeynmt/joeynmt/__main__.py", line 48, in <module>
    main()
  File "/home/lcur0007/joeynmt/joeynmt/__main__.py", line 35, in main
    train(cfg_file=args.config_path, skip_test=args.skip_test)
  File "/home/lcur0007/joeynmt/joeynmt/training.py", line 846, in train
    trainer.train_and_validate(train_data=train_data, valid_data=dev_data)
  File "/home/lcur0007/joeynmt/joeynmt/training.py", line 497, in train_and_validate
    valid_duration = self._validate(valid_data, epoch_no)
  File "/home/lcur0007/joeynmt/joeynmt/training.py", line 642, in _validate
    references=valid_references)
  File "/home/lcur0007/joeynmt/joeynmt/training.py", line 737, in _log_examples
    logger.info("\tSource:     %s", sources[p])
Message: '\tSource:     %s'
Arguments: ('11 ya\u015f\u0131ndayken bir sabah evimdeki sevinç ç\u0131\u011fl\u0131klar\u0131yla uyand\u0131\u011f\u0131m\u0131 hat\u0131rl\u0131yorum .',)
2021-10-02 16:45:57,294 - INFO - joeynmt.training - 	Source:     11 ya\u015f\u0131ndayken bir sabah evimdeki sevinç ç\u0131\u011fl\u0131klar\u0131yla uyand\u0131\u011f\u0131m\u0131 hat\u0131rl\u0131yorum .
2021-10-02 16:45:57,294 - INFO - joeynmt.training - 	Reference:  "When I was 11 , I remember waking up one morning to the sound of joy in my house ."
2021-10-02 16:45:57,294 - INFO - joeynmt.training - 	Hypothesis: The first thing is the world that we have a lot of the world .
2021-10-02 16:45:57,294 - INFO - joeynmt.training - Example #2
--- Logging error ---
Traceback (most recent call last):
  File "/sw/arch/Debian10/EB_production/2019/software/Anaconda3/2018.12/lib/python3.7/logging/__init__.py", line 1036, in emit
    stream.write(msg)
UnicodeEncodeError: 'latin-1' codec can't encode character '\u0131' in position 103: ordinal not in range(256)
Call stack:
  File "/sw/arch/Debian10/EB_production/2019/software/Anaconda3/2018.12/lib/python3.7/runpy.py", line 193, in _run_module_as_main
    "__main__", mod_spec)
  File "/sw/arch/Debian10/EB_production/2019/software/Anaconda3/2018.12/lib/python3.7/runpy.py", line 85, in _run_code
    exec(code, run_globals)
  File "/home/lcur0007/joeynmt/joeynmt/__main__.py", line 48, in <module>
    main()
  File "/home/lcur0007/joeynmt/joeynmt/__main__.py", line 35, in main
    train(cfg_file=args.config_path, skip_test=args.skip_test)
  File "/home/lcur0007/joeynmt/joeynmt/training.py", line 846, in train
    trainer.train_and_validate(train_data=train_data, valid_data=dev_data)
  File "/home/lcur0007/joeynmt/joeynmt/training.py", line 497, in train_and_validate
    valid_duration = self._validate(valid_data, epoch_no)
  File "/home/lcur0007/joeynmt/joeynmt/training.py", line 642, in _validate
    references=valid_references)
  File "/home/lcur0007/joeynmt/joeynmt/training.py", line 731, in _log_examples
    logger.debug("\tRaw source:     %s", sources_raw[p])
Message: '\tRaw source:     %s'
Arguments: (['"Babam', 'BBC', 'Haber', 'kanal\u0131n\u0131', 'dinliyordu', ';', 'o', 'ufak', ',', 'gri', 'radyosundan', '."'],)
--- Logging error ---
Traceback (most recent call last):
  File "/sw/arch/Debian10/EB_production/2019/software/Anaconda3/2018.12/lib/python3.7/logging/__init__.py", line 1036, in emit
    stream.write(msg)
UnicodeEncodeError: 'latin-1' codec can't encode character '\u0131' in position 87: ordinal not in range(256)
Call stack:
  File "/sw/arch/Debian10/EB_production/2019/software/Anaconda3/2018.12/lib/python3.7/runpy.py", line 193, in _run_module_as_main
    "__main__", mod_spec)
  File "/sw/arch/Debian10/EB_production/2019/software/Anaconda3/2018.12/lib/python3.7/runpy.py", line 85, in _run_code
    exec(code, run_globals)
  File "/home/lcur0007/joeynmt/joeynmt/__main__.py", line 48, in <module>
    main()
  File "/home/lcur0007/joeynmt/joeynmt/__main__.py", line 35, in main
    train(cfg_file=args.config_path, skip_test=args.skip_test)
  File "/home/lcur0007/joeynmt/joeynmt/training.py", line 846, in train
    trainer.train_and_validate(train_data=train_data, valid_data=dev_data)
  File "/home/lcur0007/joeynmt/joeynmt/training.py", line 497, in train_and_validate
    valid_duration = self._validate(valid_data, epoch_no)
  File "/home/lcur0007/joeynmt/joeynmt/training.py", line 642, in _validate
    references=valid_references)
  File "/home/lcur0007/joeynmt/joeynmt/training.py", line 737, in _log_examples
    logger.info("\tSource:     %s", sources[p])
Message: '\tSource:     %s'
Arguments: ('"Babam BBC Haber kanal\u0131n\u0131 dinliyordu ; o ufak , gri radyosundan ."',)
2021-10-02 16:45:57,295 - INFO - joeynmt.training - 	Source:     "Babam BBC Haber kanal\u0131n\u0131 dinliyordu ; o ufak , gri radyosundan ."
2021-10-02 16:45:57,295 - INFO - joeynmt.training - 	Reference:  "My father was listening to BBC News on his small , gray radio ."
2021-10-02 16:45:57,295 - INFO - joeynmt.training - 	Hypothesis: "In the world , I &apos;m a lot of the world , and it &apos;s a little bit ."
2021-10-02 16:45:57,295 - INFO - joeynmt.training - Validation result (greedy) at epoch   1, step     1200: bleu:   3.84, loss: 433240.1562, ppl: 154.2018, duration: 38.2935s
2021-10-02 16:47:10,895 - WARNING - sacrebleu - That's 100 lines that end in a tokenized period ('.')
2021-10-02 16:47:10,895 - WARNING - sacrebleu - It looks like you forgot to detokenize your test data, which may hurt your score.
2021-10-02 16:47:10,895 - WARNING - sacrebleu - If you insist your data is detokenized, or don't care, you can suppress this message with the `force` parameter.
2021-10-02 16:47:16,981 - INFO - joeynmt.helpers - delete models/test_big_boi_tr_en/1100.ckpt
2021-10-02 16:47:17,365 - INFO - joeynmt.training - Example #0
2021-10-02 16:47:17,365 - INFO - joeynmt.training - 	Source:     tr
2021-10-02 16:47:17,365 - INFO - joeynmt.training - 	Reference:  en
2021-10-02 16:47:17,365 - INFO - joeynmt.training - 	Hypothesis: I was not a lot of the world .
2021-10-02 16:47:17,365 - INFO - joeynmt.training - Example #1
--- Logging error ---
Traceback (most recent call last):
  File "/sw/arch/Debian10/EB_production/2019/software/Anaconda3/2018.12/lib/python3.7/logging/__init__.py", line 1036, in emit
    stream.write(msg)
UnicodeEncodeError: 'latin-1' codec can't encode characters in position 80-81: ordinal not in range(256)
Call stack:
  File "/sw/arch/Debian10/EB_production/2019/software/Anaconda3/2018.12/lib/python3.7/runpy.py", line 193, in _run_module_as_main
    "__main__", mod_spec)
  File "/sw/arch/Debian10/EB_production/2019/software/Anaconda3/2018.12/lib/python3.7/runpy.py", line 85, in _run_code
    exec(code, run_globals)
  File "/home/lcur0007/joeynmt/joeynmt/__main__.py", line 48, in <module>
    main()
  File "/home/lcur0007/joeynmt/joeynmt/__main__.py", line 35, in main
    train(cfg_file=args.config_path, skip_test=args.skip_test)
  File "/home/lcur0007/joeynmt/joeynmt/training.py", line 846, in train
    trainer.train_and_validate(train_data=train_data, valid_data=dev_data)
  File "/home/lcur0007/joeynmt/joeynmt/training.py", line 497, in train_and_validate
    valid_duration = self._validate(valid_data, epoch_no)
  File "/home/lcur0007/joeynmt/joeynmt/training.py", line 642, in _validate
    references=valid_references)
  File "/home/lcur0007/joeynmt/joeynmt/training.py", line 731, in _log_examples
    logger.debug("\tRaw source:     %s", sources_raw[p])
Message: '\tRaw source:     %s'
Arguments: (['11', 'ya\u015f\u0131ndayken', 'bir', 'sabah', 'evimdeki', 'sevinç', 'ç\u0131\u011fl\u0131klar\u0131yla', 'uyand\u0131\u011f\u0131m\u0131', 'hat\u0131rl\u0131yorum', '.'],)
--- Logging error ---
Traceback (most recent call last):
  File "/sw/arch/Debian10/EB_production/2019/software/Anaconda3/2018.12/lib/python3.7/logging/__init__.py", line 1036, in emit
    stream.write(msg)
UnicodeEncodeError: 'latin-1' codec can't encode characters in position 70-71: ordinal not in range(256)
Call stack:
  File "/sw/arch/Debian10/EB_production/2019/software/Anaconda3/2018.12/lib/python3.7/runpy.py", line 193, in _run_module_as_main
    "__main__", mod_spec)
  File "/sw/arch/Debian10/EB_production/2019/software/Anaconda3/2018.12/lib/python3.7/runpy.py", line 85, in _run_code
    exec(code, run_globals)
  File "/home/lcur0007/joeynmt/joeynmt/__main__.py", line 48, in <module>
    main()
  File "/home/lcur0007/joeynmt/joeynmt/__main__.py", line 35, in main
    train(cfg_file=args.config_path, skip_test=args.skip_test)
  File "/home/lcur0007/joeynmt/joeynmt/training.py", line 846, in train
    trainer.train_and_validate(train_data=train_data, valid_data=dev_data)
  File "/home/lcur0007/joeynmt/joeynmt/training.py", line 497, in train_and_validate
    valid_duration = self._validate(valid_data, epoch_no)
  File "/home/lcur0007/joeynmt/joeynmt/training.py", line 642, in _validate
    references=valid_references)
  File "/home/lcur0007/joeynmt/joeynmt/training.py", line 737, in _log_examples
    logger.info("\tSource:     %s", sources[p])
Message: '\tSource:     %s'
Arguments: ('11 ya\u015f\u0131ndayken bir sabah evimdeki sevinç ç\u0131\u011fl\u0131klar\u0131yla uyand\u0131\u011f\u0131m\u0131 hat\u0131rl\u0131yorum .',)
2021-10-02 16:47:17,368 - INFO - joeynmt.training - 	Source:     11 ya\u015f\u0131ndayken bir sabah evimdeki sevinç ç\u0131\u011fl\u0131klar\u0131yla uyand\u0131\u011f\u0131m\u0131 hat\u0131rl\u0131yorum .
2021-10-02 16:47:17,368 - INFO - joeynmt.training - 	Reference:  "When I was 11 , I remember waking up one morning to the sound of joy in my house ."
2021-10-02 16:47:17,368 - INFO - joeynmt.training - 	Hypothesis: We &apos;re a lot of the world , and the first is the first of the world , and the world &apos;s a lot of the world ."
2021-10-02 16:47:17,368 - INFO - joeynmt.training - Example #2
--- Logging error ---
Traceback (most recent call last):
  File "/sw/arch/Debian10/EB_production/2019/software/Anaconda3/2018.12/lib/python3.7/logging/__init__.py", line 1036, in emit
    stream.write(msg)
UnicodeEncodeError: 'latin-1' codec can't encode character '\u0131' in position 103: ordinal not in range(256)
Call stack:
  File "/sw/arch/Debian10/EB_production/2019/software/Anaconda3/2018.12/lib/python3.7/runpy.py", line 193, in _run_module_as_main
    "__main__", mod_spec)
  File "/sw/arch/Debian10/EB_production/2019/software/Anaconda3/2018.12/lib/python3.7/runpy.py", line 85, in _run_code
    exec(code, run_globals)
  File "/home/lcur0007/joeynmt/joeynmt/__main__.py", line 48, in <module>
    main()
  File "/home/lcur0007/joeynmt/joeynmt/__main__.py", line 35, in main
    train(cfg_file=args.config_path, skip_test=args.skip_test)
  File "/home/lcur0007/joeynmt/joeynmt/training.py", line 846, in train
    trainer.train_and_validate(train_data=train_data, valid_data=dev_data)
  File "/home/lcur0007/joeynmt/joeynmt/training.py", line 497, in train_and_validate
    valid_duration = self._validate(valid_data, epoch_no)
  File "/home/lcur0007/joeynmt/joeynmt/training.py", line 642, in _validate
    references=valid_references)
  File "/home/lcur0007/joeynmt/joeynmt/training.py", line 731, in _log_examples
    logger.debug("\tRaw source:     %s", sources_raw[p])
Message: '\tRaw source:     %s'
Arguments: (['"Babam', 'BBC', 'Haber', 'kanal\u0131n\u0131', 'dinliyordu', ';', 'o', 'ufak', ',', 'gri', 'radyosundan', '."'],)
--- Logging error ---
Traceback (most recent call last):
  File "/sw/arch/Debian10/EB_production/2019/software/Anaconda3/2018.12/lib/python3.7/logging/__init__.py", line 1036, in emit
    stream.write(msg)
UnicodeEncodeError: 'latin-1' codec can't encode character '\u0131' in position 87: ordinal not in range(256)
Call stack:
  File "/sw/arch/Debian10/EB_production/2019/software/Anaconda3/2018.12/lib/python3.7/runpy.py", line 193, in _run_module_as_main
    "__main__", mod_spec)
  File "/sw/arch/Debian10/EB_production/2019/software/Anaconda3/2018.12/lib/python3.7/runpy.py", line 85, in _run_code
    exec(code, run_globals)
  File "/home/lcur0007/joeynmt/joeynmt/__main__.py", line 48, in <module>
    main()
  File "/home/lcur0007/joeynmt/joeynmt/__main__.py", line 35, in main
    train(cfg_file=args.config_path, skip_test=args.skip_test)
  File "/home/lcur0007/joeynmt/joeynmt/training.py", line 846, in train
    trainer.train_and_validate(train_data=train_data, valid_data=dev_data)
  File "/home/lcur0007/joeynmt/joeynmt/training.py", line 497, in train_and_validate
    valid_duration = self._validate(valid_data, epoch_no)
  File "/home/lcur0007/joeynmt/joeynmt/training.py", line 642, in _validate
    references=valid_references)
  File "/home/lcur0007/joeynmt/joeynmt/training.py", line 737, in _log_examples
    logger.info("\tSource:     %s", sources[p])
Message: '\tSource:     %s'
Arguments: ('"Babam BBC Haber kanal\u0131n\u0131 dinliyordu ; o ufak , gri radyosundan ."',)
2021-10-02 16:47:17,369 - INFO - joeynmt.training - 	Source:     "Babam BBC Haber kanal\u0131n\u0131 dinliyordu ; o ufak , gri radyosundan ."
2021-10-02 16:47:17,369 - INFO - joeynmt.training - 	Reference:  "My father was listening to BBC News on his small , gray radio ."
2021-10-02 16:47:17,369 - INFO - joeynmt.training - 	Hypothesis: "In the first , I was a lot of the world , and the way , the way , the way , the way , it &apos;s a lot of the world ."
2021-10-02 16:47:17,369 - INFO - joeynmt.training - Validation result (greedy) at epoch   1, step     1300: bleu:   3.44, loss: 428826.7188, ppl: 146.4871, duration: 38.5733s
2021-10-02 16:48:30,928 - WARNING - sacrebleu - That's 100 lines that end in a tokenized period ('.')
2021-10-02 16:48:30,928 - WARNING - sacrebleu - It looks like you forgot to detokenize your test data, which may hurt your score.
2021-10-02 16:48:30,928 - WARNING - sacrebleu - If you insist your data is detokenized, or don't care, you can suppress this message with the `force` parameter.
2021-10-02 16:48:37,007 - INFO - joeynmt.helpers - delete models/test_big_boi_tr_en/1000.ckpt
2021-10-02 16:48:37,412 - INFO - joeynmt.training - Example #0
2021-10-02 16:48:37,412 - INFO - joeynmt.training - 	Source:     tr
2021-10-02 16:48:37,412 - INFO - joeynmt.training - 	Reference:  en
2021-10-02 16:48:37,413 - INFO - joeynmt.training - 	Hypothesis: I &apos;m going to be .
2021-10-02 16:48:37,413 - INFO - joeynmt.training - Example #1
--- Logging error ---
Traceback (most recent call last):
  File "/sw/arch/Debian10/EB_production/2019/software/Anaconda3/2018.12/lib/python3.7/logging/__init__.py", line 1036, in emit
    stream.write(msg)
UnicodeEncodeError: 'latin-1' codec can't encode characters in position 80-81: ordinal not in range(256)
Call stack:
  File "/sw/arch/Debian10/EB_production/2019/software/Anaconda3/2018.12/lib/python3.7/runpy.py", line 193, in _run_module_as_main
    "__main__", mod_spec)
  File "/sw/arch/Debian10/EB_production/2019/software/Anaconda3/2018.12/lib/python3.7/runpy.py", line 85, in _run_code
    exec(code, run_globals)
  File "/home/lcur0007/joeynmt/joeynmt/__main__.py", line 48, in <module>
    main()
  File "/home/lcur0007/joeynmt/joeynmt/__main__.py", line 35, in main
    train(cfg_file=args.config_path, skip_test=args.skip_test)
  File "/home/lcur0007/joeynmt/joeynmt/training.py", line 846, in train
    trainer.train_and_validate(train_data=train_data, valid_data=dev_data)
  File "/home/lcur0007/joeynmt/joeynmt/training.py", line 497, in train_and_validate
    valid_duration = self._validate(valid_data, epoch_no)
  File "/home/lcur0007/joeynmt/joeynmt/training.py", line 642, in _validate
    references=valid_references)
  File "/home/lcur0007/joeynmt/joeynmt/training.py", line 731, in _log_examples
    logger.debug("\tRaw source:     %s", sources_raw[p])
Message: '\tRaw source:     %s'
Arguments: (['11', 'ya\u015f\u0131ndayken', 'bir', 'sabah', 'evimdeki', 'sevinç', 'ç\u0131\u011fl\u0131klar\u0131yla', 'uyand\u0131\u011f\u0131m\u0131', 'hat\u0131rl\u0131yorum', '.'],)
--- Logging error ---
Traceback (most recent call last):
  File "/sw/arch/Debian10/EB_production/2019/software/Anaconda3/2018.12/lib/python3.7/logging/__init__.py", line 1036, in emit
    stream.write(msg)
UnicodeEncodeError: 'latin-1' codec can't encode characters in position 70-71: ordinal not in range(256)
Call stack:
  File "/sw/arch/Debian10/EB_production/2019/software/Anaconda3/2018.12/lib/python3.7/runpy.py", line 193, in _run_module_as_main
    "__main__", mod_spec)
  File "/sw/arch/Debian10/EB_production/2019/software/Anaconda3/2018.12/lib/python3.7/runpy.py", line 85, in _run_code
    exec(code, run_globals)
  File "/home/lcur0007/joeynmt/joeynmt/__main__.py", line 48, in <module>
    main()
  File "/home/lcur0007/joeynmt/joeynmt/__main__.py", line 35, in main
    train(cfg_file=args.config_path, skip_test=args.skip_test)
  File "/home/lcur0007/joeynmt/joeynmt/training.py", line 846, in train
    trainer.train_and_validate(train_data=train_data, valid_data=dev_data)
  File "/home/lcur0007/joeynmt/joeynmt/training.py", line 497, in train_and_validate
    valid_duration = self._validate(valid_data, epoch_no)
  File "/home/lcur0007/joeynmt/joeynmt/training.py", line 642, in _validate
    references=valid_references)
  File "/home/lcur0007/joeynmt/joeynmt/training.py", line 737, in _log_examples
    logger.info("\tSource:     %s", sources[p])
Message: '\tSource:     %s'
Arguments: ('11 ya\u015f\u0131ndayken bir sabah evimdeki sevinç ç\u0131\u011fl\u0131klar\u0131yla uyand\u0131\u011f\u0131m\u0131 hat\u0131rl\u0131yorum .',)
2021-10-02 16:48:37,415 - INFO - joeynmt.training - 	Source:     11 ya\u015f\u0131ndayken bir sabah evimdeki sevinç ç\u0131\u011fl\u0131klar\u0131yla uyand\u0131\u011f\u0131m\u0131 hat\u0131rl\u0131yorum .
2021-10-02 16:48:37,416 - INFO - joeynmt.training - 	Reference:  "When I was 11 , I remember waking up one morning to the sound of joy in my house ."
2021-10-02 16:48:37,416 - INFO - joeynmt.training - 	Hypothesis: We &apos;ve been a lot of the world , and the first States is a lot of the world ."
2021-10-02 16:48:37,416 - INFO - joeynmt.training - Example #2
--- Logging error ---
Traceback (most recent call last):
  File "/sw/arch/Debian10/EB_production/2019/software/Anaconda3/2018.12/lib/python3.7/logging/__init__.py", line 1036, in emit
    stream.write(msg)
UnicodeEncodeError: 'latin-1' codec can't encode character '\u0131' in position 103: ordinal not in range(256)
Call stack:
  File "/sw/arch/Debian10/EB_production/2019/software/Anaconda3/2018.12/lib/python3.7/runpy.py", line 193, in _run_module_as_main
    "__main__", mod_spec)
  File "/sw/arch/Debian10/EB_production/2019/software/Anaconda3/2018.12/lib/python3.7/runpy.py", line 85, in _run_code
    exec(code, run_globals)
  File "/home/lcur0007/joeynmt/joeynmt/__main__.py", line 48, in <module>
    main()
  File "/home/lcur0007/joeynmt/joeynmt/__main__.py", line 35, in main
    train(cfg_file=args.config_path, skip_test=args.skip_test)
  File "/home/lcur0007/joeynmt/joeynmt/training.py", line 846, in train
    trainer.train_and_validate(train_data=train_data, valid_data=dev_data)
  File "/home/lcur0007/joeynmt/joeynmt/training.py", line 497, in train_and_validate
    valid_duration = self._validate(valid_data, epoch_no)
  File "/home/lcur0007/joeynmt/joeynmt/training.py", line 642, in _validate
    references=valid_references)
  File "/home/lcur0007/joeynmt/joeynmt/training.py", line 731, in _log_examples
    logger.debug("\tRaw source:     %s", sources_raw[p])
Message: '\tRaw source:     %s'
Arguments: (['"Babam', 'BBC', 'Haber', 'kanal\u0131n\u0131', 'dinliyordu', ';', 'o', 'ufak', ',', 'gri', 'radyosundan', '."'],)
--- Logging error ---
Traceback (most recent call last):
  File "/sw/arch/Debian10/EB_production/2019/software/Anaconda3/2018.12/lib/python3.7/logging/__init__.py", line 1036, in emit
    stream.write(msg)
UnicodeEncodeError: 'latin-1' codec can't encode character '\u0131' in position 87: ordinal not in range(256)
Call stack:
  File "/sw/arch/Debian10/EB_production/2019/software/Anaconda3/2018.12/lib/python3.7/runpy.py", line 193, in _run_module_as_main
    "__main__", mod_spec)
  File "/sw/arch/Debian10/EB_production/2019/software/Anaconda3/2018.12/lib/python3.7/runpy.py", line 85, in _run_code
    exec(code, run_globals)
  File "/home/lcur0007/joeynmt/joeynmt/__main__.py", line 48, in <module>
    main()
  File "/home/lcur0007/joeynmt/joeynmt/__main__.py", line 35, in main
    train(cfg_file=args.config_path, skip_test=args.skip_test)
  File "/home/lcur0007/joeynmt/joeynmt/training.py", line 846, in train
    trainer.train_and_validate(train_data=train_data, valid_data=dev_data)
  File "/home/lcur0007/joeynmt/joeynmt/training.py", line 497, in train_and_validate
    valid_duration = self._validate(valid_data, epoch_no)
  File "/home/lcur0007/joeynmt/joeynmt/training.py", line 642, in _validate
    references=valid_references)
  File "/home/lcur0007/joeynmt/joeynmt/training.py", line 737, in _log_examples
    logger.info("\tSource:     %s", sources[p])
Message: '\tSource:     %s'
Arguments: ('"Babam BBC Haber kanal\u0131n\u0131 dinliyordu ; o ufak , gri radyosundan ."',)
2021-10-02 16:48:37,416 - INFO - joeynmt.training - 	Source:     "Babam BBC Haber kanal\u0131n\u0131 dinliyordu ; o ufak , gri radyosundan ."
2021-10-02 16:48:37,417 - INFO - joeynmt.training - 	Reference:  "My father was listening to BBC News on his small , gray radio ."
2021-10-02 16:48:37,417 - INFO - joeynmt.training - 	Hypothesis: "The first thing is a lot of the world , and it &apos;s a lot of the world ."
2021-10-02 16:48:37,417 - INFO - joeynmt.training - Validation result (greedy) at epoch   1, step     1400: bleu:   3.70, loss: 423871.0312, ppl: 138.2835, duration: 38.5521s
2021-10-02 16:49:50,832 - WARNING - sacrebleu - That's 100 lines that end in a tokenized period ('.')
2021-10-02 16:49:50,833 - WARNING - sacrebleu - It looks like you forgot to detokenize your test data, which may hurt your score.
2021-10-02 16:49:50,833 - WARNING - sacrebleu - If you insist your data is detokenized, or don't care, you can suppress this message with the `force` parameter.
2021-10-02 16:49:50,865 - INFO - joeynmt.training - Hooray! New best validation result [eval_metric]!
2021-10-02 16:49:56,996 - INFO - joeynmt.helpers - delete models/test_big_boi_tr_en/1300.ckpt
2021-10-02 16:49:57,339 - INFO - joeynmt.training - Example #0
2021-10-02 16:49:57,339 - INFO - joeynmt.training - 	Source:     tr
2021-10-02 16:49:57,339 - INFO - joeynmt.training - 	Reference:  en
2021-10-02 16:49:57,339 - INFO - joeynmt.training - 	Hypothesis: I &apos;m going to be .
2021-10-02 16:49:57,339 - INFO - joeynmt.training - Example #1
--- Logging error ---
Traceback (most recent call last):
  File "/sw/arch/Debian10/EB_production/2019/software/Anaconda3/2018.12/lib/python3.7/logging/__init__.py", line 1036, in emit
    stream.write(msg)
UnicodeEncodeError: 'latin-1' codec can't encode characters in position 80-81: ordinal not in range(256)
Call stack:
  File "/sw/arch/Debian10/EB_production/2019/software/Anaconda3/2018.12/lib/python3.7/runpy.py", line 193, in _run_module_as_main
    "__main__", mod_spec)
  File "/sw/arch/Debian10/EB_production/2019/software/Anaconda3/2018.12/lib/python3.7/runpy.py", line 85, in _run_code
    exec(code, run_globals)
  File "/home/lcur0007/joeynmt/joeynmt/__main__.py", line 48, in <module>
    main()
  File "/home/lcur0007/joeynmt/joeynmt/__main__.py", line 35, in main
    train(cfg_file=args.config_path, skip_test=args.skip_test)
  File "/home/lcur0007/joeynmt/joeynmt/training.py", line 846, in train
    trainer.train_and_validate(train_data=train_data, valid_data=dev_data)
  File "/home/lcur0007/joeynmt/joeynmt/training.py", line 497, in train_and_validate
    valid_duration = self._validate(valid_data, epoch_no)
  File "/home/lcur0007/joeynmt/joeynmt/training.py", line 642, in _validate
    references=valid_references)
  File "/home/lcur0007/joeynmt/joeynmt/training.py", line 731, in _log_examples
    logger.debug("\tRaw source:     %s", sources_raw[p])
Message: '\tRaw source:     %s'
Arguments: (['11', 'ya\u015f\u0131ndayken', 'bir', 'sabah', 'evimdeki', 'sevinç', 'ç\u0131\u011fl\u0131klar\u0131yla', 'uyand\u0131\u011f\u0131m\u0131', 'hat\u0131rl\u0131yorum', '.'],)
--- Logging error ---
Traceback (most recent call last):
  File "/sw/arch/Debian10/EB_production/2019/software/Anaconda3/2018.12/lib/python3.7/logging/__init__.py", line 1036, in emit
    stream.write(msg)
UnicodeEncodeError: 'latin-1' codec can't encode characters in position 70-71: ordinal not in range(256)
Call stack:
  File "/sw/arch/Debian10/EB_production/2019/software/Anaconda3/2018.12/lib/python3.7/runpy.py", line 193, in _run_module_as_main
    "__main__", mod_spec)
  File "/sw/arch/Debian10/EB_production/2019/software/Anaconda3/2018.12/lib/python3.7/runpy.py", line 85, in _run_code
    exec(code, run_globals)
  File "/home/lcur0007/joeynmt/joeynmt/__main__.py", line 48, in <module>
    main()
  File "/home/lcur0007/joeynmt/joeynmt/__main__.py", line 35, in main
    train(cfg_file=args.config_path, skip_test=args.skip_test)
  File "/home/lcur0007/joeynmt/joeynmt/training.py", line 846, in train
    trainer.train_and_validate(train_data=train_data, valid_data=dev_data)
  File "/home/lcur0007/joeynmt/joeynmt/training.py", line 497, in train_and_validate
    valid_duration = self._validate(valid_data, epoch_no)
  File "/home/lcur0007/joeynmt/joeynmt/training.py", line 642, in _validate
    references=valid_references)
  File "/home/lcur0007/joeynmt/joeynmt/training.py", line 737, in _log_examples
    logger.info("\tSource:     %s", sources[p])
Message: '\tSource:     %s'
Arguments: ('11 ya\u015f\u0131ndayken bir sabah evimdeki sevinç ç\u0131\u011fl\u0131klar\u0131yla uyand\u0131\u011f\u0131m\u0131 hat\u0131rl\u0131yorum .',)
2021-10-02 16:49:57,343 - INFO - joeynmt.training - 	Source:     11 ya\u015f\u0131ndayken bir sabah evimdeki sevinç ç\u0131\u011fl\u0131klar\u0131yla uyand\u0131\u011f\u0131m\u0131 hat\u0131rl\u0131yorum .
2021-10-02 16:49:57,343 - INFO - joeynmt.training - 	Reference:  "When I was 11 , I remember waking up one morning to the sound of joy in my house ."
2021-10-02 16:49:57,343 - INFO - joeynmt.training - 	Hypothesis: The first States was a little bit of the world of the world .
2021-10-02 16:49:57,343 - INFO - joeynmt.training - Example #2
--- Logging error ---
Traceback (most recent call last):
  File "/sw/arch/Debian10/EB_production/2019/software/Anaconda3/2018.12/lib/python3.7/logging/__init__.py", line 1036, in emit
    stream.write(msg)
UnicodeEncodeError: 'latin-1' codec can't encode character '\u0131' in position 103: ordinal not in range(256)
Call stack:
  File "/sw/arch/Debian10/EB_production/2019/software/Anaconda3/2018.12/lib/python3.7/runpy.py", line 193, in _run_module_as_main
    "__main__", mod_spec)
  File "/sw/arch/Debian10/EB_production/2019/software/Anaconda3/2018.12/lib/python3.7/runpy.py", line 85, in _run_code
    exec(code, run_globals)
  File "/home/lcur0007/joeynmt/joeynmt/__main__.py", line 48, in <module>
    main()
  File "/home/lcur0007/joeynmt/joeynmt/__main__.py", line 35, in main
    train(cfg_file=args.config_path, skip_test=args.skip_test)
  File "/home/lcur0007/joeynmt/joeynmt/training.py", line 846, in train
    trainer.train_and_validate(train_data=train_data, valid_data=dev_data)
  File "/home/lcur0007/joeynmt/joeynmt/training.py", line 497, in train_and_validate
    valid_duration = self._validate(valid_data, epoch_no)
  File "/home/lcur0007/joeynmt/joeynmt/training.py", line 642, in _validate
    references=valid_references)
  File "/home/lcur0007/joeynmt/joeynmt/training.py", line 731, in _log_examples
    logger.debug("\tRaw source:     %s", sources_raw[p])
Message: '\tRaw source:     %s'
Arguments: (['"Babam', 'BBC', 'Haber', 'kanal\u0131n\u0131', 'dinliyordu', ';', 'o', 'ufak', ',', 'gri', 'radyosundan', '."'],)
--- Logging error ---
Traceback (most recent call last):
  File "/sw/arch/Debian10/EB_production/2019/software/Anaconda3/2018.12/lib/python3.7/logging/__init__.py", line 1036, in emit
    stream.write(msg)
UnicodeEncodeError: 'latin-1' codec can't encode character '\u0131' in position 87: ordinal not in range(256)
Call stack:
  File "/sw/arch/Debian10/EB_production/2019/software/Anaconda3/2018.12/lib/python3.7/runpy.py", line 193, in _run_module_as_main
    "__main__", mod_spec)
  File "/sw/arch/Debian10/EB_production/2019/software/Anaconda3/2018.12/lib/python3.7/runpy.py", line 85, in _run_code
    exec(code, run_globals)
  File "/home/lcur0007/joeynmt/joeynmt/__main__.py", line 48, in <module>
    main()
  File "/home/lcur0007/joeynmt/joeynmt/__main__.py", line 35, in main
    train(cfg_file=args.config_path, skip_test=args.skip_test)
  File "/home/lcur0007/joeynmt/joeynmt/training.py", line 846, in train
    trainer.train_and_validate(train_data=train_data, valid_data=dev_data)
  File "/home/lcur0007/joeynmt/joeynmt/training.py", line 497, in train_and_validate
    valid_duration = self._validate(valid_data, epoch_no)
  File "/home/lcur0007/joeynmt/joeynmt/training.py", line 642, in _validate
    references=valid_references)
  File "/home/lcur0007/joeynmt/joeynmt/training.py", line 737, in _log_examples
    logger.info("\tSource:     %s", sources[p])
Message: '\tSource:     %s'
Arguments: ('"Babam BBC Haber kanal\u0131n\u0131 dinliyordu ; o ufak , gri radyosundan ."',)
2021-10-02 16:49:57,344 - INFO - joeynmt.training - 	Source:     "Babam BBC Haber kanal\u0131n\u0131 dinliyordu ; o ufak , gri radyosundan ."
2021-10-02 16:49:57,344 - INFO - joeynmt.training - 	Reference:  "My father was listening to BBC News on his small , gray radio ."
2021-10-02 16:49:57,344 - INFO - joeynmt.training - 	Hypothesis: "In the first , I was a little bit of the world , and it &apos;s a little bit of the world ."
2021-10-02 16:49:57,344 - INFO - joeynmt.training - Validation result (greedy) at epoch   1, step     1500: bleu:   4.11, loss: 418777.4375, ppl: 130.3302, duration: 38.7920s
2021-10-02 16:51:11,498 - WARNING - sacrebleu - That's 100 lines that end in a tokenized period ('.')
2021-10-02 16:51:11,498 - WARNING - sacrebleu - It looks like you forgot to detokenize your test data, which may hurt your score.
2021-10-02 16:51:11,498 - WARNING - sacrebleu - If you insist your data is detokenized, or don't care, you can suppress this message with the `force` parameter.
2021-10-02 16:51:11,529 - INFO - joeynmt.training - Hooray! New best validation result [eval_metric]!
2021-10-02 16:51:17,569 - INFO - joeynmt.helpers - delete models/test_big_boi_tr_en/800.ckpt
2021-10-02 16:51:17,957 - INFO - joeynmt.training - Example #0
2021-10-02 16:51:17,957 - INFO - joeynmt.training - 	Source:     tr
2021-10-02 16:51:17,957 - INFO - joeynmt.training - 	Reference:  en
2021-10-02 16:51:17,957 - INFO - joeynmt.training - 	Hypothesis: I was going to be .
2021-10-02 16:51:17,957 - INFO - joeynmt.training - Example #1
--- Logging error ---
Traceback (most recent call last):
  File "/sw/arch/Debian10/EB_production/2019/software/Anaconda3/2018.12/lib/python3.7/logging/__init__.py", line 1036, in emit
    stream.write(msg)
UnicodeEncodeError: 'latin-1' codec can't encode characters in position 80-81: ordinal not in range(256)
Call stack:
  File "/sw/arch/Debian10/EB_production/2019/software/Anaconda3/2018.12/lib/python3.7/runpy.py", line 193, in _run_module_as_main
    "__main__", mod_spec)
  File "/sw/arch/Debian10/EB_production/2019/software/Anaconda3/2018.12/lib/python3.7/runpy.py", line 85, in _run_code
    exec(code, run_globals)
  File "/home/lcur0007/joeynmt/joeynmt/__main__.py", line 48, in <module>
    main()
  File "/home/lcur0007/joeynmt/joeynmt/__main__.py", line 35, in main
    train(cfg_file=args.config_path, skip_test=args.skip_test)
  File "/home/lcur0007/joeynmt/joeynmt/training.py", line 846, in train
    trainer.train_and_validate(train_data=train_data, valid_data=dev_data)
  File "/home/lcur0007/joeynmt/joeynmt/training.py", line 497, in train_and_validate
    valid_duration = self._validate(valid_data, epoch_no)
  File "/home/lcur0007/joeynmt/joeynmt/training.py", line 642, in _validate
    references=valid_references)
  File "/home/lcur0007/joeynmt/joeynmt/training.py", line 731, in _log_examples
    logger.debug("\tRaw source:     %s", sources_raw[p])
Message: '\tRaw source:     %s'
Arguments: (['11', 'ya\u015f\u0131ndayken', 'bir', 'sabah', 'evimdeki', 'sevinç', 'ç\u0131\u011fl\u0131klar\u0131yla', 'uyand\u0131\u011f\u0131m\u0131', 'hat\u0131rl\u0131yorum', '.'],)
--- Logging error ---
Traceback (most recent call last):
  File "/sw/arch/Debian10/EB_production/2019/software/Anaconda3/2018.12/lib/python3.7/logging/__init__.py", line 1036, in emit
    stream.write(msg)
UnicodeEncodeError: 'latin-1' codec can't encode characters in position 70-71: ordinal not in range(256)
Call stack:
  File "/sw/arch/Debian10/EB_production/2019/software/Anaconda3/2018.12/lib/python3.7/runpy.py", line 193, in _run_module_as_main
    "__main__", mod_spec)
  File "/sw/arch/Debian10/EB_production/2019/software/Anaconda3/2018.12/lib/python3.7/runpy.py", line 85, in _run_code
    exec(code, run_globals)
  File "/home/lcur0007/joeynmt/joeynmt/__main__.py", line 48, in <module>
    main()
  File "/home/lcur0007/joeynmt/joeynmt/__main__.py", line 35, in main
    train(cfg_file=args.config_path, skip_test=args.skip_test)
  File "/home/lcur0007/joeynmt/joeynmt/training.py", line 846, in train
    trainer.train_and_validate(train_data=train_data, valid_data=dev_data)
  File "/home/lcur0007/joeynmt/joeynmt/training.py", line 497, in train_and_validate
    valid_duration = self._validate(valid_data, epoch_no)
  File "/home/lcur0007/joeynmt/joeynmt/training.py", line 642, in _validate
    references=valid_references)
  File "/home/lcur0007/joeynmt/joeynmt/training.py", line 737, in _log_examples
    logger.info("\tSource:     %s", sources[p])
Message: '\tSource:     %s'
Arguments: ('11 ya\u015f\u0131ndayken bir sabah evimdeki sevinç ç\u0131\u011fl\u0131klar\u0131yla uyand\u0131\u011f\u0131m\u0131 hat\u0131rl\u0131yorum .',)
2021-10-02 16:51:17,960 - INFO - joeynmt.training - 	Source:     11 ya\u015f\u0131ndayken bir sabah evimdeki sevinç ç\u0131\u011fl\u0131klar\u0131yla uyand\u0131\u011f\u0131m\u0131 hat\u0131rl\u0131yorum .
2021-10-02 16:51:17,961 - INFO - joeynmt.training - 	Reference:  "When I was 11 , I remember waking up one morning to the sound of joy in my house ."
2021-10-02 16:51:17,961 - INFO - joeynmt.training - 	Hypothesis: I was a few years of the New York .
2021-10-02 16:51:17,961 - INFO - joeynmt.training - Example #2
--- Logging error ---
Traceback (most recent call last):
  File "/sw/arch/Debian10/EB_production/2019/software/Anaconda3/2018.12/lib/python3.7/logging/__init__.py", line 1036, in emit
    stream.write(msg)
UnicodeEncodeError: 'latin-1' codec can't encode character '\u0131' in position 103: ordinal not in range(256)
Call stack:
  File "/sw/arch/Debian10/EB_production/2019/software/Anaconda3/2018.12/lib/python3.7/runpy.py", line 193, in _run_module_as_main
    "__main__", mod_spec)
  File "/sw/arch/Debian10/EB_production/2019/software/Anaconda3/2018.12/lib/python3.7/runpy.py", line 85, in _run_code
    exec(code, run_globals)
  File "/home/lcur0007/joeynmt/joeynmt/__main__.py", line 48, in <module>
    main()
  File "/home/lcur0007/joeynmt/joeynmt/__main__.py", line 35, in main
    train(cfg_file=args.config_path, skip_test=args.skip_test)
  File "/home/lcur0007/joeynmt/joeynmt/training.py", line 846, in train
    trainer.train_and_validate(train_data=train_data, valid_data=dev_data)
  File "/home/lcur0007/joeynmt/joeynmt/training.py", line 497, in train_and_validate
    valid_duration = self._validate(valid_data, epoch_no)
  File "/home/lcur0007/joeynmt/joeynmt/training.py", line 642, in _validate
    references=valid_references)
  File "/home/lcur0007/joeynmt/joeynmt/training.py", line 731, in _log_examples
    logger.debug("\tRaw source:     %s", sources_raw[p])
Message: '\tRaw source:     %s'
Arguments: (['"Babam', 'BBC', 'Haber', 'kanal\u0131n\u0131', 'dinliyordu', ';', 'o', 'ufak', ',', 'gri', 'radyosundan', '."'],)
--- Logging error ---
Traceback (most recent call last):
  File "/sw/arch/Debian10/EB_production/2019/software/Anaconda3/2018.12/lib/python3.7/logging/__init__.py", line 1036, in emit
    stream.write(msg)
UnicodeEncodeError: 'latin-1' codec can't encode character '\u0131' in position 87: ordinal not in range(256)
Call stack:
  File "/sw/arch/Debian10/EB_production/2019/software/Anaconda3/2018.12/lib/python3.7/runpy.py", line 193, in _run_module_as_main
    "__main__", mod_spec)
  File "/sw/arch/Debian10/EB_production/2019/software/Anaconda3/2018.12/lib/python3.7/runpy.py", line 85, in _run_code
    exec(code, run_globals)
  File "/home/lcur0007/joeynmt/joeynmt/__main__.py", line 48, in <module>
    main()
  File "/home/lcur0007/joeynmt/joeynmt/__main__.py", line 35, in main
    train(cfg_file=args.config_path, skip_test=args.skip_test)
  File "/home/lcur0007/joeynmt/joeynmt/training.py", line 846, in train
    trainer.train_and_validate(train_data=train_data, valid_data=dev_data)
  File "/home/lcur0007/joeynmt/joeynmt/training.py", line 497, in train_and_validate
    valid_duration = self._validate(valid_data, epoch_no)
  File "/home/lcur0007/joeynmt/joeynmt/training.py", line 642, in _validate
    references=valid_references)
  File "/home/lcur0007/joeynmt/joeynmt/training.py", line 737, in _log_examples
    logger.info("\tSource:     %s", sources[p])
Message: '\tSource:     %s'
Arguments: ('"Babam BBC Haber kanal\u0131n\u0131 dinliyordu ; o ufak , gri radyosundan ."',)
2021-10-02 16:51:17,962 - INFO - joeynmt.training - 	Source:     "Babam BBC Haber kanal\u0131n\u0131 dinliyordu ; o ufak , gri radyosundan ."
2021-10-02 16:51:17,963 - INFO - joeynmt.training - 	Reference:  "My father was listening to BBC News on his small , gray radio ."
2021-10-02 16:51:17,963 - INFO - joeynmt.training - 	Hypothesis: "We &apos;re going to be a little bit of the &quot; &quot; &quot; &quot; &quot; &quot; &quot; &quot; &quot; &quot; &quot; &quot; &quot; &quot; &quot; &quot; &quot; &quot; &quot; &quot; &quot; &quot; &quot; &quot; &quot; &quot; &quot; &quot; &quot; &quot; &quot; &quot; &quot; &quot; &quot; &quot; &quot; &quot; &quot; &quot; &quot; &quot; &quot; &quot; &quot; &quot; &quot; &quot; &quot; &quot; &quot; &quot; &quot; &quot; &quot; &quot; &quot; &quot; &quot; &quot; &quot; &quot; &quot; &quot; &quot; &quot; &quot; &quot; &quot; &quot; &quot; &quot; &quot; &quot; &quot; &quot; &quot; &quot; &quot; &quot; &quot; &quot; &quot; &quot; &quot; &quot; ."
2021-10-02 16:51:17,963 - INFO - joeynmt.training - Validation result (greedy) at epoch   1, step     1600: bleu:   4.11, loss: 414974.0312, ppl: 124.6912, duration: 38.6453s
2021-10-02 16:52:33,378 - WARNING - sacrebleu - That's 100 lines that end in a tokenized period ('.')
2021-10-02 16:52:33,379 - WARNING - sacrebleu - It looks like you forgot to detokenize your test data, which may hurt your score.
2021-10-02 16:52:33,379 - WARNING - sacrebleu - If you insist your data is detokenized, or don't care, you can suppress this message with the `force` parameter.
2021-10-02 16:52:33,415 - INFO - joeynmt.training - Example #0
2021-10-02 16:52:33,416 - INFO - joeynmt.training - 	Source:     tr
2021-10-02 16:52:33,416 - INFO - joeynmt.training - 	Reference:  en
2021-10-02 16:52:33,416 - INFO - joeynmt.training - 	Hypothesis: I was going to be able to be .
2021-10-02 16:52:33,417 - INFO - joeynmt.training - Example #1
--- Logging error ---
Traceback (most recent call last):
  File "/sw/arch/Debian10/EB_production/2019/software/Anaconda3/2018.12/lib/python3.7/logging/__init__.py", line 1036, in emit
    stream.write(msg)
UnicodeEncodeError: 'latin-1' codec can't encode characters in position 80-81: ordinal not in range(256)
Call stack:
  File "/sw/arch/Debian10/EB_production/2019/software/Anaconda3/2018.12/lib/python3.7/runpy.py", line 193, in _run_module_as_main
    "__main__", mod_spec)
  File "/sw/arch/Debian10/EB_production/2019/software/Anaconda3/2018.12/lib/python3.7/runpy.py", line 85, in _run_code
    exec(code, run_globals)
  File "/home/lcur0007/joeynmt/joeynmt/__main__.py", line 48, in <module>
    main()
  File "/home/lcur0007/joeynmt/joeynmt/__main__.py", line 35, in main
    train(cfg_file=args.config_path, skip_test=args.skip_test)
  File "/home/lcur0007/joeynmt/joeynmt/training.py", line 846, in train
    trainer.train_and_validate(train_data=train_data, valid_data=dev_data)
  File "/home/lcur0007/joeynmt/joeynmt/training.py", line 497, in train_and_validate
    valid_duration = self._validate(valid_data, epoch_no)
  File "/home/lcur0007/joeynmt/joeynmt/training.py", line 642, in _validate
    references=valid_references)
  File "/home/lcur0007/joeynmt/joeynmt/training.py", line 731, in _log_examples
    logger.debug("\tRaw source:     %s", sources_raw[p])
Message: '\tRaw source:     %s'
Arguments: (['11', 'ya\u015f\u0131ndayken', 'bir', 'sabah', 'evimdeki', 'sevinç', 'ç\u0131\u011fl\u0131klar\u0131yla', 'uyand\u0131\u011f\u0131m\u0131', 'hat\u0131rl\u0131yorum', '.'],)
--- Logging error ---
Traceback (most recent call last):
  File "/sw/arch/Debian10/EB_production/2019/software/Anaconda3/2018.12/lib/python3.7/logging/__init__.py", line 1036, in emit
    stream.write(msg)
UnicodeEncodeError: 'latin-1' codec can't encode characters in position 70-71: ordinal not in range(256)
Call stack:
  File "/sw/arch/Debian10/EB_production/2019/software/Anaconda3/2018.12/lib/python3.7/runpy.py", line 193, in _run_module_as_main
    "__main__", mod_spec)
  File "/sw/arch/Debian10/EB_production/2019/software/Anaconda3/2018.12/lib/python3.7/runpy.py", line 85, in _run_code
    exec(code, run_globals)
  File "/home/lcur0007/joeynmt/joeynmt/__main__.py", line 48, in <module>
    main()
  File "/home/lcur0007/joeynmt/joeynmt/__main__.py", line 35, in main
    train(cfg_file=args.config_path, skip_test=args.skip_test)
  File "/home/lcur0007/joeynmt/joeynmt/training.py", line 846, in train
    trainer.train_and_validate(train_data=train_data, valid_data=dev_data)
  File "/home/lcur0007/joeynmt/joeynmt/training.py", line 497, in train_and_validate
    valid_duration = self._validate(valid_data, epoch_no)
  File "/home/lcur0007/joeynmt/joeynmt/training.py", line 642, in _validate
    references=valid_references)
  File "/home/lcur0007/joeynmt/joeynmt/training.py", line 737, in _log_examples
    logger.info("\tSource:     %s", sources[p])
Message: '\tSource:     %s'
Arguments: ('11 ya\u015f\u0131ndayken bir sabah evimdeki sevinç ç\u0131\u011fl\u0131klar\u0131yla uyand\u0131\u011f\u0131m\u0131 hat\u0131rl\u0131yorum .',)
2021-10-02 16:52:33,420 - INFO - joeynmt.training - 	Source:     11 ya\u015f\u0131ndayken bir sabah evimdeki sevinç ç\u0131\u011fl\u0131klar\u0131yla uyand\u0131\u011f\u0131m\u0131 hat\u0131rl\u0131yorum .
2021-10-02 16:52:33,421 - INFO - joeynmt.training - 	Reference:  "When I was 11 , I remember waking up one morning to the sound of joy in my house ."
2021-10-02 16:52:33,421 - INFO - joeynmt.training - 	Hypothesis: I was a little bit of the New York of the University of the University of the University of the University of the University of the University of the University of the Internet .
2021-10-02 16:52:33,421 - INFO - joeynmt.training - Example #2
--- Logging error ---
Traceback (most recent call last):
  File "/sw/arch/Debian10/EB_production/2019/software/Anaconda3/2018.12/lib/python3.7/logging/__init__.py", line 1036, in emit
    stream.write(msg)
UnicodeEncodeError: 'latin-1' codec can't encode character '\u0131' in position 103: ordinal not in range(256)
Call stack:
  File "/sw/arch/Debian10/EB_production/2019/software/Anaconda3/2018.12/lib/python3.7/runpy.py", line 193, in _run_module_as_main
    "__main__", mod_spec)
  File "/sw/arch/Debian10/EB_production/2019/software/Anaconda3/2018.12/lib/python3.7/runpy.py", line 85, in _run_code
    exec(code, run_globals)
  File "/home/lcur0007/joeynmt/joeynmt/__main__.py", line 48, in <module>
    main()
  File "/home/lcur0007/joeynmt/joeynmt/__main__.py", line 35, in main
    train(cfg_file=args.config_path, skip_test=args.skip_test)
  File "/home/lcur0007/joeynmt/joeynmt/training.py", line 846, in train
    trainer.train_and_validate(train_data=train_data, valid_data=dev_data)
  File "/home/lcur0007/joeynmt/joeynmt/training.py", line 497, in train_and_validate
    valid_duration = self._validate(valid_data, epoch_no)
  File "/home/lcur0007/joeynmt/joeynmt/training.py", line 642, in _validate
    references=valid_references)
  File "/home/lcur0007/joeynmt/joeynmt/training.py", line 731, in _log_examples
    logger.debug("\tRaw source:     %s", sources_raw[p])
Message: '\tRaw source:     %s'
Arguments: (['"Babam', 'BBC', 'Haber', 'kanal\u0131n\u0131', 'dinliyordu', ';', 'o', 'ufak', ',', 'gri', 'radyosundan', '."'],)
--- Logging error ---
Traceback (most recent call last):
  File "/sw/arch/Debian10/EB_production/2019/software/Anaconda3/2018.12/lib/python3.7/logging/__init__.py", line 1036, in emit
    stream.write(msg)
UnicodeEncodeError: 'latin-1' codec can't encode character '\u0131' in position 87: ordinal not in range(256)
Call stack:
  File "/sw/arch/Debian10/EB_production/2019/software/Anaconda3/2018.12/lib/python3.7/runpy.py", line 193, in _run_module_as_main
    "__main__", mod_spec)
  File "/sw/arch/Debian10/EB_production/2019/software/Anaconda3/2018.12/lib/python3.7/runpy.py", line 85, in _run_code
    exec(code, run_globals)
  File "/home/lcur0007/joeynmt/joeynmt/__main__.py", line 48, in <module>
    main()
  File "/home/lcur0007/joeynmt/joeynmt/__main__.py", line 35, in main
    train(cfg_file=args.config_path, skip_test=args.skip_test)
  File "/home/lcur0007/joeynmt/joeynmt/training.py", line 846, in train
    trainer.train_and_validate(train_data=train_data, valid_data=dev_data)
  File "/home/lcur0007/joeynmt/joeynmt/training.py", line 497, in train_and_validate
    valid_duration = self._validate(valid_data, epoch_no)
  File "/home/lcur0007/joeynmt/joeynmt/training.py", line 642, in _validate
    references=valid_references)
  File "/home/lcur0007/joeynmt/joeynmt/training.py", line 737, in _log_examples
    logger.info("\tSource:     %s", sources[p])
Message: '\tSource:     %s'
Arguments: ('"Babam BBC Haber kanal\u0131n\u0131 dinliyordu ; o ufak , gri radyosundan ."',)
2021-10-02 16:52:33,422 - INFO - joeynmt.training - 	Source:     "Babam BBC Haber kanal\u0131n\u0131 dinliyordu ; o ufak , gri radyosundan ."
2021-10-02 16:52:33,423 - INFO - joeynmt.training - 	Reference:  "My father was listening to BBC News on his small , gray radio ."
2021-10-02 16:52:33,423 - INFO - joeynmt.training - 	Hypothesis: "I was a little bit of the &quot; &quot; &quot; &quot; &quot; &quot; &quot; &quot; &quot; &quot; &quot; &quot; &quot; &quot; &quot; &quot; &quot; &quot; &quot; &quot; &quot; &quot; &quot; &quot; &quot; &quot; &quot; &quot; &quot; &quot; &quot; &quot; &quot; &quot; &quot; &quot; &quot; &quot; &quot; &quot; &quot; &quot; &quot; &quot; &quot; &quot; &quot; &quot; &quot; &quot; &quot; &quot; &quot; &quot; &quot; &quot; &quot; &quot; &quot; &quot; &quot; &quot; &quot; &quot; &quot; &quot; &quot; &quot; &quot; &quot; &quot; &quot; &quot; &quot; &quot; &quot; &quot; &quot; &quot; &quot; &quot; &quot; ."
2021-10-02 16:52:33,423 - INFO - joeynmt.training - Validation result (greedy) at epoch   1, step     1700: bleu:   3.02, loss: 411348.2188, ppl: 119.5429, duration: 32.1871s
2021-10-02 16:53:47,046 - WARNING - sacrebleu - That's 100 lines that end in a tokenized period ('.')
2021-10-02 16:53:47,046 - WARNING - sacrebleu - It looks like you forgot to detokenize your test data, which may hurt your score.
2021-10-02 16:53:47,046 - WARNING - sacrebleu - If you insist your data is detokenized, or don't care, you can suppress this message with the `force` parameter.
2021-10-02 16:53:47,076 - INFO - joeynmt.training - Hooray! New best validation result [eval_metric]!
2021-10-02 16:53:53,141 - INFO - joeynmt.helpers - delete models/test_big_boi_tr_en/900.ckpt
2021-10-02 16:53:53,543 - INFO - joeynmt.training - Example #0
2021-10-02 16:53:53,544 - INFO - joeynmt.training - 	Source:     tr
2021-10-02 16:53:53,544 - INFO - joeynmt.training - 	Reference:  en
2021-10-02 16:53:53,544 - INFO - joeynmt.training - 	Hypothesis: I &apos;m going to be a lot of .
2021-10-02 16:53:53,544 - INFO - joeynmt.training - Example #1
--- Logging error ---
Traceback (most recent call last):
  File "/sw/arch/Debian10/EB_production/2019/software/Anaconda3/2018.12/lib/python3.7/logging/__init__.py", line 1036, in emit
    stream.write(msg)
UnicodeEncodeError: 'latin-1' codec can't encode characters in position 80-81: ordinal not in range(256)
Call stack:
  File "/sw/arch/Debian10/EB_production/2019/software/Anaconda3/2018.12/lib/python3.7/runpy.py", line 193, in _run_module_as_main
    "__main__", mod_spec)
  File "/sw/arch/Debian10/EB_production/2019/software/Anaconda3/2018.12/lib/python3.7/runpy.py", line 85, in _run_code
    exec(code, run_globals)
  File "/home/lcur0007/joeynmt/joeynmt/__main__.py", line 48, in <module>
    main()
  File "/home/lcur0007/joeynmt/joeynmt/__main__.py", line 35, in main
    train(cfg_file=args.config_path, skip_test=args.skip_test)
  File "/home/lcur0007/joeynmt/joeynmt/training.py", line 846, in train
    trainer.train_and_validate(train_data=train_data, valid_data=dev_data)
  File "/home/lcur0007/joeynmt/joeynmt/training.py", line 497, in train_and_validate
    valid_duration = self._validate(valid_data, epoch_no)
  File "/home/lcur0007/joeynmt/joeynmt/training.py", line 642, in _validate
    references=valid_references)
  File "/home/lcur0007/joeynmt/joeynmt/training.py", line 731, in _log_examples
    logger.debug("\tRaw source:     %s", sources_raw[p])
Message: '\tRaw source:     %s'
Arguments: (['11', 'ya\u015f\u0131ndayken', 'bir', 'sabah', 'evimdeki', 'sevinç', 'ç\u0131\u011fl\u0131klar\u0131yla', 'uyand\u0131\u011f\u0131m\u0131', 'hat\u0131rl\u0131yorum', '.'],)
--- Logging error ---
Traceback (most recent call last):
  File "/sw/arch/Debian10/EB_production/2019/software/Anaconda3/2018.12/lib/python3.7/logging/__init__.py", line 1036, in emit
    stream.write(msg)
UnicodeEncodeError: 'latin-1' codec can't encode characters in position 70-71: ordinal not in range(256)
Call stack:
  File "/sw/arch/Debian10/EB_production/2019/software/Anaconda3/2018.12/lib/python3.7/runpy.py", line 193, in _run_module_as_main
    "__main__", mod_spec)
  File "/sw/arch/Debian10/EB_production/2019/software/Anaconda3/2018.12/lib/python3.7/runpy.py", line 85, in _run_code
    exec(code, run_globals)
  File "/home/lcur0007/joeynmt/joeynmt/__main__.py", line 48, in <module>
    main()
  File "/home/lcur0007/joeynmt/joeynmt/__main__.py", line 35, in main
    train(cfg_file=args.config_path, skip_test=args.skip_test)
  File "/home/lcur0007/joeynmt/joeynmt/training.py", line 846, in train
    trainer.train_and_validate(train_data=train_data, valid_data=dev_data)
  File "/home/lcur0007/joeynmt/joeynmt/training.py", line 497, in train_and_validate
    valid_duration = self._validate(valid_data, epoch_no)
  File "/home/lcur0007/joeynmt/joeynmt/training.py", line 642, in _validate
    references=valid_references)
  File "/home/lcur0007/joeynmt/joeynmt/training.py", line 737, in _log_examples
    logger.info("\tSource:     %s", sources[p])
Message: '\tSource:     %s'
Arguments: ('11 ya\u015f\u0131ndayken bir sabah evimdeki sevinç ç\u0131\u011fl\u0131klar\u0131yla uyand\u0131\u011f\u0131m\u0131 hat\u0131rl\u0131yorum .',)
2021-10-02 16:53:53,547 - INFO - joeynmt.training - 	Source:     11 ya\u015f\u0131ndayken bir sabah evimdeki sevinç ç\u0131\u011fl\u0131klar\u0131yla uyand\u0131\u011f\u0131m\u0131 hat\u0131rl\u0131yorum .
2021-10-02 16:53:53,547 - INFO - joeynmt.training - 	Reference:  "When I was 11 , I remember waking up one morning to the sound of joy in my house ."
2021-10-02 16:53:53,547 - INFO - joeynmt.training - 	Hypothesis: I &apos;m going to go to the first time in the University of the University of the University of the University of the United States .
2021-10-02 16:53:53,547 - INFO - joeynmt.training - Example #2
--- Logging error ---
Traceback (most recent call last):
  File "/sw/arch/Debian10/EB_production/2019/software/Anaconda3/2018.12/lib/python3.7/logging/__init__.py", line 1036, in emit
    stream.write(msg)
UnicodeEncodeError: 'latin-1' codec can't encode character '\u0131' in position 103: ordinal not in range(256)
Call stack:
  File "/sw/arch/Debian10/EB_production/2019/software/Anaconda3/2018.12/lib/python3.7/runpy.py", line 193, in _run_module_as_main
    "__main__", mod_spec)
  File "/sw/arch/Debian10/EB_production/2019/software/Anaconda3/2018.12/lib/python3.7/runpy.py", line 85, in _run_code
    exec(code, run_globals)
  File "/home/lcur0007/joeynmt/joeynmt/__main__.py", line 48, in <module>
    main()
  File "/home/lcur0007/joeynmt/joeynmt/__main__.py", line 35, in main
    train(cfg_file=args.config_path, skip_test=args.skip_test)
  File "/home/lcur0007/joeynmt/joeynmt/training.py", line 846, in train
    trainer.train_and_validate(train_data=train_data, valid_data=dev_data)
  File "/home/lcur0007/joeynmt/joeynmt/training.py", line 497, in train_and_validate
    valid_duration = self._validate(valid_data, epoch_no)
  File "/home/lcur0007/joeynmt/joeynmt/training.py", line 642, in _validate
    references=valid_references)
  File "/home/lcur0007/joeynmt/joeynmt/training.py", line 731, in _log_examples
    logger.debug("\tRaw source:     %s", sources_raw[p])
Message: '\tRaw source:     %s'
Arguments: (['"Babam', 'BBC', 'Haber', 'kanal\u0131n\u0131', 'dinliyordu', ';', 'o', 'ufak', ',', 'gri', 'radyosundan', '."'],)
--- Logging error ---
Traceback (most recent call last):
  File "/sw/arch/Debian10/EB_production/2019/software/Anaconda3/2018.12/lib/python3.7/logging/__init__.py", line 1036, in emit
    stream.write(msg)
UnicodeEncodeError: 'latin-1' codec can't encode character '\u0131' in position 87: ordinal not in range(256)
Call stack:
  File "/sw/arch/Debian10/EB_production/2019/software/Anaconda3/2018.12/lib/python3.7/runpy.py", line 193, in _run_module_as_main
    "__main__", mod_spec)
  File "/sw/arch/Debian10/EB_production/2019/software/Anaconda3/2018.12/lib/python3.7/runpy.py", line 85, in _run_code
    exec(code, run_globals)
  File "/home/lcur0007/joeynmt/joeynmt/__main__.py", line 48, in <module>
    main()
  File "/home/lcur0007/joeynmt/joeynmt/__main__.py", line 35, in main
    train(cfg_file=args.config_path, skip_test=args.skip_test)
  File "/home/lcur0007/joeynmt/joeynmt/training.py", line 846, in train
    trainer.train_and_validate(train_data=train_data, valid_data=dev_data)
  File "/home/lcur0007/joeynmt/joeynmt/training.py", line 497, in train_and_validate
    valid_duration = self._validate(valid_data, epoch_no)
  File "/home/lcur0007/joeynmt/joeynmt/training.py", line 642, in _validate
    references=valid_references)
  File "/home/lcur0007/joeynmt/joeynmt/training.py", line 737, in _log_examples
    logger.info("\tSource:     %s", sources[p])
Message: '\tSource:     %s'
Arguments: ('"Babam BBC Haber kanal\u0131n\u0131 dinliyordu ; o ufak , gri radyosundan ."',)
2021-10-02 16:53:53,548 - INFO - joeynmt.training - 	Source:     "Babam BBC Haber kanal\u0131n\u0131 dinliyordu ; o ufak , gri radyosundan ."
2021-10-02 16:53:53,548 - INFO - joeynmt.training - 	Reference:  "My father was listening to BBC News on his small , gray radio ."
2021-10-02 16:53:53,548 - INFO - joeynmt.training - 	Hypothesis: "I &apos;m going to be a little bit of the middle of the middle of the middle , which is a little bit of the middle ."
2021-10-02 16:53:53,548 - INFO - joeynmt.training - Validation result (greedy) at epoch   1, step     1800: bleu:   4.91, loss: 407820.4688, ppl: 114.7379, duration: 36.4286s
2021-10-02 16:55:07,600 - WARNING - sacrebleu - That's 100 lines that end in a tokenized period ('.')
2021-10-02 16:55:07,600 - WARNING - sacrebleu - It looks like you forgot to detokenize your test data, which may hurt your score.
2021-10-02 16:55:07,600 - WARNING - sacrebleu - If you insist your data is detokenized, or don't care, you can suppress this message with the `force` parameter.
2021-10-02 16:55:13,764 - INFO - joeynmt.helpers - delete models/test_big_boi_tr_en/1400.ckpt
2021-10-02 16:55:14,226 - INFO - joeynmt.training - Example #0
2021-10-02 16:55:14,226 - INFO - joeynmt.training - 	Source:     tr
2021-10-02 16:55:14,226 - INFO - joeynmt.training - 	Reference:  en
2021-10-02 16:55:14,227 - INFO - joeynmt.training - 	Hypothesis: I was going to be able to be able to be .
2021-10-02 16:55:14,227 - INFO - joeynmt.training - Example #1
--- Logging error ---
Traceback (most recent call last):
  File "/sw/arch/Debian10/EB_production/2019/software/Anaconda3/2018.12/lib/python3.7/logging/__init__.py", line 1036, in emit
    stream.write(msg)
UnicodeEncodeError: 'latin-1' codec can't encode characters in position 80-81: ordinal not in range(256)
Call stack:
  File "/sw/arch/Debian10/EB_production/2019/software/Anaconda3/2018.12/lib/python3.7/runpy.py", line 193, in _run_module_as_main
    "__main__", mod_spec)
  File "/sw/arch/Debian10/EB_production/2019/software/Anaconda3/2018.12/lib/python3.7/runpy.py", line 85, in _run_code
    exec(code, run_globals)
  File "/home/lcur0007/joeynmt/joeynmt/__main__.py", line 48, in <module>
    main()
  File "/home/lcur0007/joeynmt/joeynmt/__main__.py", line 35, in main
    train(cfg_file=args.config_path, skip_test=args.skip_test)
  File "/home/lcur0007/joeynmt/joeynmt/training.py", line 846, in train
    trainer.train_and_validate(train_data=train_data, valid_data=dev_data)
  File "/home/lcur0007/joeynmt/joeynmt/training.py", line 497, in train_and_validate
    valid_duration = self._validate(valid_data, epoch_no)
  File "/home/lcur0007/joeynmt/joeynmt/training.py", line 642, in _validate
    references=valid_references)
  File "/home/lcur0007/joeynmt/joeynmt/training.py", line 731, in _log_examples
    logger.debug("\tRaw source:     %s", sources_raw[p])
Message: '\tRaw source:     %s'
Arguments: (['11', 'ya\u015f\u0131ndayken', 'bir', 'sabah', 'evimdeki', 'sevinç', 'ç\u0131\u011fl\u0131klar\u0131yla', 'uyand\u0131\u011f\u0131m\u0131', 'hat\u0131rl\u0131yorum', '.'],)
--- Logging error ---
Traceback (most recent call last):
  File "/sw/arch/Debian10/EB_production/2019/software/Anaconda3/2018.12/lib/python3.7/logging/__init__.py", line 1036, in emit
    stream.write(msg)
UnicodeEncodeError: 'latin-1' codec can't encode characters in position 70-71: ordinal not in range(256)
Call stack:
  File "/sw/arch/Debian10/EB_production/2019/software/Anaconda3/2018.12/lib/python3.7/runpy.py", line 193, in _run_module_as_main
    "__main__", mod_spec)
  File "/sw/arch/Debian10/EB_production/2019/software/Anaconda3/2018.12/lib/python3.7/runpy.py", line 85, in _run_code
    exec(code, run_globals)
  File "/home/lcur0007/joeynmt/joeynmt/__main__.py", line 48, in <module>
    main()
  File "/home/lcur0007/joeynmt/joeynmt/__main__.py", line 35, in main
    train(cfg_file=args.config_path, skip_test=args.skip_test)
  File "/home/lcur0007/joeynmt/joeynmt/training.py", line 846, in train
    trainer.train_and_validate(train_data=train_data, valid_data=dev_data)
  File "/home/lcur0007/joeynmt/joeynmt/training.py", line 497, in train_and_validate
    valid_duration = self._validate(valid_data, epoch_no)
  File "/home/lcur0007/joeynmt/joeynmt/training.py", line 642, in _validate
    references=valid_references)
  File "/home/lcur0007/joeynmt/joeynmt/training.py", line 737, in _log_examples
    logger.info("\tSource:     %s", sources[p])
Message: '\tSource:     %s'
Arguments: ('11 ya\u015f\u0131ndayken bir sabah evimdeki sevinç ç\u0131\u011fl\u0131klar\u0131yla uyand\u0131\u011f\u0131m\u0131 hat\u0131rl\u0131yorum .',)
2021-10-02 16:55:14,230 - INFO - joeynmt.training - 	Source:     11 ya\u015f\u0131ndayken bir sabah evimdeki sevinç ç\u0131\u011fl\u0131klar\u0131yla uyand\u0131\u011f\u0131m\u0131 hat\u0131rl\u0131yorum .
2021-10-02 16:55:14,230 - INFO - joeynmt.training - 	Reference:  "When I was 11 , I remember waking up one morning to the sound of joy in my house ."
2021-10-02 16:55:14,230 - INFO - joeynmt.training - 	Hypothesis: I was a first of a man called the University of the University of the University of the University of the University .
2021-10-02 16:55:14,230 - INFO - joeynmt.training - Example #2
--- Logging error ---
Traceback (most recent call last):
  File "/sw/arch/Debian10/EB_production/2019/software/Anaconda3/2018.12/lib/python3.7/logging/__init__.py", line 1036, in emit
    stream.write(msg)
UnicodeEncodeError: 'latin-1' codec can't encode character '\u0131' in position 103: ordinal not in range(256)
Call stack:
  File "/sw/arch/Debian10/EB_production/2019/software/Anaconda3/2018.12/lib/python3.7/runpy.py", line 193, in _run_module_as_main
    "__main__", mod_spec)
  File "/sw/arch/Debian10/EB_production/2019/software/Anaconda3/2018.12/lib/python3.7/runpy.py", line 85, in _run_code
    exec(code, run_globals)
  File "/home/lcur0007/joeynmt/joeynmt/__main__.py", line 48, in <module>
    main()
  File "/home/lcur0007/joeynmt/joeynmt/__main__.py", line 35, in main
    train(cfg_file=args.config_path, skip_test=args.skip_test)
  File "/home/lcur0007/joeynmt/joeynmt/training.py", line 846, in train
    trainer.train_and_validate(train_data=train_data, valid_data=dev_data)
  File "/home/lcur0007/joeynmt/joeynmt/training.py", line 497, in train_and_validate
    valid_duration = self._validate(valid_data, epoch_no)
  File "/home/lcur0007/joeynmt/joeynmt/training.py", line 642, in _validate
    references=valid_references)
  File "/home/lcur0007/joeynmt/joeynmt/training.py", line 731, in _log_examples
    logger.debug("\tRaw source:     %s", sources_raw[p])
Message: '\tRaw source:     %s'
Arguments: (['"Babam', 'BBC', 'Haber', 'kanal\u0131n\u0131', 'dinliyordu', ';', 'o', 'ufak', ',', 'gri', 'radyosundan', '."'],)
--- Logging error ---
Traceback (most recent call last):
  File "/sw/arch/Debian10/EB_production/2019/software/Anaconda3/2018.12/lib/python3.7/logging/__init__.py", line 1036, in emit
    stream.write(msg)
UnicodeEncodeError: 'latin-1' codec can't encode character '\u0131' in position 87: ordinal not in range(256)
Call stack:
  File "/sw/arch/Debian10/EB_production/2019/software/Anaconda3/2018.12/lib/python3.7/runpy.py", line 193, in _run_module_as_main
    "__main__", mod_spec)
  File "/sw/arch/Debian10/EB_production/2019/software/Anaconda3/2018.12/lib/python3.7/runpy.py", line 85, in _run_code
    exec(code, run_globals)
  File "/home/lcur0007/joeynmt/joeynmt/__main__.py", line 48, in <module>
    main()
  File "/home/lcur0007/joeynmt/joeynmt/__main__.py", line 35, in main
    train(cfg_file=args.config_path, skip_test=args.skip_test)
  File "/home/lcur0007/joeynmt/joeynmt/training.py", line 846, in train
    trainer.train_and_validate(train_data=train_data, valid_data=dev_data)
  File "/home/lcur0007/joeynmt/joeynmt/training.py", line 497, in train_and_validate
    valid_duration = self._validate(valid_data, epoch_no)
  File "/home/lcur0007/joeynmt/joeynmt/training.py", line 642, in _validate
    references=valid_references)
  File "/home/lcur0007/joeynmt/joeynmt/training.py", line 737, in _log_examples
    logger.info("\tSource:     %s", sources[p])
Message: '\tSource:     %s'
Arguments: ('"Babam BBC Haber kanal\u0131n\u0131 dinliyordu ; o ufak , gri radyosundan ."',)
2021-10-02 16:55:14,231 - INFO - joeynmt.training - 	Source:     "Babam BBC Haber kanal\u0131n\u0131 dinliyordu ; o ufak , gri radyosundan ."
2021-10-02 16:55:14,231 - INFO - joeynmt.training - 	Reference:  "My father was listening to BBC News on his small , gray radio ."
2021-10-02 16:55:14,231 - INFO - joeynmt.training - 	Hypothesis: "I was a man , I was a little bit of the University of the University of the University of the ground ."
2021-10-02 16:55:14,231 - INFO - joeynmt.training - Validation result (greedy) at epoch   1, step     1900: bleu:   3.82, loss: 404131.6250, ppl: 109.9198, duration: 38.4240s
2021-10-02 16:55:56,384 - INFO - joeynmt.training - Epoch   1, Step:     2000, Batch Loss:    85.878067, Tokens per Sec:     3701, Lr: 0.000300
2021-10-02 16:56:28,514 - WARNING - sacrebleu - That's 100 lines that end in a tokenized period ('.')
2021-10-02 16:56:28,514 - WARNING - sacrebleu - It looks like you forgot to detokenize your test data, which may hurt your score.
2021-10-02 16:56:28,514 - WARNING - sacrebleu - If you insist your data is detokenized, or don't care, you can suppress this message with the `force` parameter.
2021-10-02 16:56:28,550 - INFO - joeynmt.training - Example #0
2021-10-02 16:56:28,550 - INFO - joeynmt.training - 	Source:     tr
2021-10-02 16:56:28,550 - INFO - joeynmt.training - 	Reference:  en
2021-10-02 16:56:28,550 - INFO - joeynmt.training - 	Hypothesis: I was going to be able to be able to be able to be able to be able to be able
2021-10-02 16:56:28,550 - INFO - joeynmt.training - Example #1
--- Logging error ---
Traceback (most recent call last):
  File "/sw/arch/Debian10/EB_production/2019/software/Anaconda3/2018.12/lib/python3.7/logging/__init__.py", line 1036, in emit
    stream.write(msg)
UnicodeEncodeError: 'latin-1' codec can't encode characters in position 80-81: ordinal not in range(256)
Call stack:
  File "/sw/arch/Debian10/EB_production/2019/software/Anaconda3/2018.12/lib/python3.7/runpy.py", line 193, in _run_module_as_main
    "__main__", mod_spec)
  File "/sw/arch/Debian10/EB_production/2019/software/Anaconda3/2018.12/lib/python3.7/runpy.py", line 85, in _run_code
    exec(code, run_globals)
  File "/home/lcur0007/joeynmt/joeynmt/__main__.py", line 48, in <module>
    main()
  File "/home/lcur0007/joeynmt/joeynmt/__main__.py", line 35, in main
    train(cfg_file=args.config_path, skip_test=args.skip_test)
  File "/home/lcur0007/joeynmt/joeynmt/training.py", line 846, in train
    trainer.train_and_validate(train_data=train_data, valid_data=dev_data)
  File "/home/lcur0007/joeynmt/joeynmt/training.py", line 497, in train_and_validate
    valid_duration = self._validate(valid_data, epoch_no)
  File "/home/lcur0007/joeynmt/joeynmt/training.py", line 642, in _validate
    references=valid_references)
  File "/home/lcur0007/joeynmt/joeynmt/training.py", line 731, in _log_examples
    logger.debug("\tRaw source:     %s", sources_raw[p])
Message: '\tRaw source:     %s'
Arguments: (['11', 'ya\u015f\u0131ndayken', 'bir', 'sabah', 'evimdeki', 'sevinç', 'ç\u0131\u011fl\u0131klar\u0131yla', 'uyand\u0131\u011f\u0131m\u0131', 'hat\u0131rl\u0131yorum', '.'],)
--- Logging error ---
Traceback (most recent call last):
  File "/sw/arch/Debian10/EB_production/2019/software/Anaconda3/2018.12/lib/python3.7/logging/__init__.py", line 1036, in emit
    stream.write(msg)
UnicodeEncodeError: 'latin-1' codec can't encode characters in position 70-71: ordinal not in range(256)
Call stack:
  File "/sw/arch/Debian10/EB_production/2019/software/Anaconda3/2018.12/lib/python3.7/runpy.py", line 193, in _run_module_as_main
    "__main__", mod_spec)
  File "/sw/arch/Debian10/EB_production/2019/software/Anaconda3/2018.12/lib/python3.7/runpy.py", line 85, in _run_code
    exec(code, run_globals)
  File "/home/lcur0007/joeynmt/joeynmt/__main__.py", line 48, in <module>
    main()
  File "/home/lcur0007/joeynmt/joeynmt/__main__.py", line 35, in main
    train(cfg_file=args.config_path, skip_test=args.skip_test)
  File "/home/lcur0007/joeynmt/joeynmt/training.py", line 846, in train
    trainer.train_and_validate(train_data=train_data, valid_data=dev_data)
  File "/home/lcur0007/joeynmt/joeynmt/training.py", line 497, in train_and_validate
    valid_duration = self._validate(valid_data, epoch_no)
  File "/home/lcur0007/joeynmt/joeynmt/training.py", line 642, in _validate
    references=valid_references)
  File "/home/lcur0007/joeynmt/joeynmt/training.py", line 737, in _log_examples
    logger.info("\tSource:     %s", sources[p])
Message: '\tSource:     %s'
Arguments: ('11 ya\u015f\u0131ndayken bir sabah evimdeki sevinç ç\u0131\u011fl\u0131klar\u0131yla uyand\u0131\u011f\u0131m\u0131 hat\u0131rl\u0131yorum .',)
2021-10-02 16:56:28,553 - INFO - joeynmt.training - 	Source:     11 ya\u015f\u0131ndayken bir sabah evimdeki sevinç ç\u0131\u011fl\u0131klar\u0131yla uyand\u0131\u011f\u0131m\u0131 hat\u0131rl\u0131yorum .
2021-10-02 16:56:28,553 - INFO - joeynmt.training - 	Reference:  "When I was 11 , I remember waking up one morning to the sound of joy in my house ."
2021-10-02 16:56:28,554 - INFO - joeynmt.training - 	Hypothesis: I was a few years ago I was a few years ago .
2021-10-02 16:56:28,554 - INFO - joeynmt.training - Example #2
--- Logging error ---
Traceback (most recent call last):
  File "/sw/arch/Debian10/EB_production/2019/software/Anaconda3/2018.12/lib/python3.7/logging/__init__.py", line 1036, in emit
    stream.write(msg)
UnicodeEncodeError: 'latin-1' codec can't encode character '\u0131' in position 103: ordinal not in range(256)
Call stack:
  File "/sw/arch/Debian10/EB_production/2019/software/Anaconda3/2018.12/lib/python3.7/runpy.py", line 193, in _run_module_as_main
    "__main__", mod_spec)
  File "/sw/arch/Debian10/EB_production/2019/software/Anaconda3/2018.12/lib/python3.7/runpy.py", line 85, in _run_code
    exec(code, run_globals)
  File "/home/lcur0007/joeynmt/joeynmt/__main__.py", line 48, in <module>
    main()
  File "/home/lcur0007/joeynmt/joeynmt/__main__.py", line 35, in main
    train(cfg_file=args.config_path, skip_test=args.skip_test)
  File "/home/lcur0007/joeynmt/joeynmt/training.py", line 846, in train
    trainer.train_and_validate(train_data=train_data, valid_data=dev_data)
  File "/home/lcur0007/joeynmt/joeynmt/training.py", line 497, in train_and_validate
    valid_duration = self._validate(valid_data, epoch_no)
  File "/home/lcur0007/joeynmt/joeynmt/training.py", line 642, in _validate
    references=valid_references)
  File "/home/lcur0007/joeynmt/joeynmt/training.py", line 731, in _log_examples
    logger.debug("\tRaw source:     %s", sources_raw[p])
Message: '\tRaw source:     %s'
Arguments: (['"Babam', 'BBC', 'Haber', 'kanal\u0131n\u0131', 'dinliyordu', ';', 'o', 'ufak', ',', 'gri', 'radyosundan', '."'],)
--- Logging error ---
Traceback (most recent call last):
  File "/sw/arch/Debian10/EB_production/2019/software/Anaconda3/2018.12/lib/python3.7/logging/__init__.py", line 1036, in emit
    stream.write(msg)
UnicodeEncodeError: 'latin-1' codec can't encode character '\u0131' in position 87: ordinal not in range(256)
Call stack:
  File "/sw/arch/Debian10/EB_production/2019/software/Anaconda3/2018.12/lib/python3.7/runpy.py", line 193, in _run_module_as_main
    "__main__", mod_spec)
  File "/sw/arch/Debian10/EB_production/2019/software/Anaconda3/2018.12/lib/python3.7/runpy.py", line 85, in _run_code
    exec(code, run_globals)
  File "/home/lcur0007/joeynmt/joeynmt/__main__.py", line 48, in <module>
    main()
  File "/home/lcur0007/joeynmt/joeynmt/__main__.py", line 35, in main
    train(cfg_file=args.config_path, skip_test=args.skip_test)
  File "/home/lcur0007/joeynmt/joeynmt/training.py", line 846, in train
    trainer.train_and_validate(train_data=train_data, valid_data=dev_data)
  File "/home/lcur0007/joeynmt/joeynmt/training.py", line 497, in train_and_validate
    valid_duration = self._validate(valid_data, epoch_no)
  File "/home/lcur0007/joeynmt/joeynmt/training.py", line 642, in _validate
    references=valid_references)
  File "/home/lcur0007/joeynmt/joeynmt/training.py", line 737, in _log_examples
    logger.info("\tSource:     %s", sources[p])
Message: '\tSource:     %s'
Arguments: ('"Babam BBC Haber kanal\u0131n\u0131 dinliyordu ; o ufak , gri radyosundan ."',)
2021-10-02 16:56:28,554 - INFO - joeynmt.training - 	Source:     "Babam BBC Haber kanal\u0131n\u0131 dinliyordu ; o ufak , gri radyosundan ."
2021-10-02 16:56:28,554 - INFO - joeynmt.training - 	Reference:  "My father was listening to BBC News on his small , gray radio ."
2021-10-02 16:56:28,554 - INFO - joeynmt.training - 	Hypothesis: "I was a kid , I was a little bit of my father , the first time ."
2021-10-02 16:56:28,555 - INFO - joeynmt.training - Validation result (greedy) at epoch   1, step     2000: bleu:   3.26, loss: 400169.0000, ppl: 104.9695, duration: 32.1703s
2021-10-02 16:57:43,442 - WARNING - sacrebleu - That's 100 lines that end in a tokenized period ('.')
2021-10-02 16:57:43,443 - WARNING - sacrebleu - It looks like you forgot to detokenize your test data, which may hurt your score.
2021-10-02 16:57:43,443 - WARNING - sacrebleu - If you insist your data is detokenized, or don't care, you can suppress this message with the `force` parameter.
2021-10-02 16:57:49,439 - INFO - joeynmt.helpers - delete models/test_big_boi_tr_en/1900.ckpt
2021-10-02 16:57:49,804 - INFO - joeynmt.helpers - delete /home/lcur0007/joeynmt/models/test_big_boi_tr_en/1900.ckpt
2021-10-02 16:57:49,805 - WARNING - joeynmt.helpers - Wanted to delete old checkpoint /home/lcur0007/joeynmt/models/test_big_boi_tr_en/1900.ckpt but file does not exist. ([Errno 2] No such file or directory: '/home/lcur0007/joeynmt/models/test_big_boi_tr_en/1900.ckpt')
2021-10-02 16:57:49,809 - INFO - joeynmt.training - Example #0
2021-10-02 16:57:49,809 - INFO - joeynmt.training - 	Source:     tr
2021-10-02 16:57:49,809 - INFO - joeynmt.training - 	Reference:  en
2021-10-02 16:57:49,809 - INFO - joeynmt.training - 	Hypothesis: I was going to be able to be able to be able to be .
2021-10-02 16:57:49,810 - INFO - joeynmt.training - Example #1
--- Logging error ---
Traceback (most recent call last):
  File "/sw/arch/Debian10/EB_production/2019/software/Anaconda3/2018.12/lib/python3.7/logging/__init__.py", line 1036, in emit
    stream.write(msg)
UnicodeEncodeError: 'latin-1' codec can't encode characters in position 80-81: ordinal not in range(256)
Call stack:
  File "/sw/arch/Debian10/EB_production/2019/software/Anaconda3/2018.12/lib/python3.7/runpy.py", line 193, in _run_module_as_main
    "__main__", mod_spec)
  File "/sw/arch/Debian10/EB_production/2019/software/Anaconda3/2018.12/lib/python3.7/runpy.py", line 85, in _run_code
    exec(code, run_globals)
  File "/home/lcur0007/joeynmt/joeynmt/__main__.py", line 48, in <module>
    main()
  File "/home/lcur0007/joeynmt/joeynmt/__main__.py", line 35, in main
    train(cfg_file=args.config_path, skip_test=args.skip_test)
  File "/home/lcur0007/joeynmt/joeynmt/training.py", line 846, in train
    trainer.train_and_validate(train_data=train_data, valid_data=dev_data)
  File "/home/lcur0007/joeynmt/joeynmt/training.py", line 497, in train_and_validate
    valid_duration = self._validate(valid_data, epoch_no)
  File "/home/lcur0007/joeynmt/joeynmt/training.py", line 642, in _validate
    references=valid_references)
  File "/home/lcur0007/joeynmt/joeynmt/training.py", line 731, in _log_examples
    logger.debug("\tRaw source:     %s", sources_raw[p])
Message: '\tRaw source:     %s'
Arguments: (['11', 'ya\u015f\u0131ndayken', 'bir', 'sabah', 'evimdeki', 'sevinç', 'ç\u0131\u011fl\u0131klar\u0131yla', 'uyand\u0131\u011f\u0131m\u0131', 'hat\u0131rl\u0131yorum', '.'],)
--- Logging error ---
Traceback (most recent call last):
  File "/sw/arch/Debian10/EB_production/2019/software/Anaconda3/2018.12/lib/python3.7/logging/__init__.py", line 1036, in emit
    stream.write(msg)
UnicodeEncodeError: 'latin-1' codec can't encode characters in position 70-71: ordinal not in range(256)
Call stack:
  File "/sw/arch/Debian10/EB_production/2019/software/Anaconda3/2018.12/lib/python3.7/runpy.py", line 193, in _run_module_as_main
    "__main__", mod_spec)
  File "/sw/arch/Debian10/EB_production/2019/software/Anaconda3/2018.12/lib/python3.7/runpy.py", line 85, in _run_code
    exec(code, run_globals)
  File "/home/lcur0007/joeynmt/joeynmt/__main__.py", line 48, in <module>
    main()
  File "/home/lcur0007/joeynmt/joeynmt/__main__.py", line 35, in main
    train(cfg_file=args.config_path, skip_test=args.skip_test)
  File "/home/lcur0007/joeynmt/joeynmt/training.py", line 846, in train
    trainer.train_and_validate(train_data=train_data, valid_data=dev_data)
  File "/home/lcur0007/joeynmt/joeynmt/training.py", line 497, in train_and_validate
    valid_duration = self._validate(valid_data, epoch_no)
  File "/home/lcur0007/joeynmt/joeynmt/training.py", line 642, in _validate
    references=valid_references)
  File "/home/lcur0007/joeynmt/joeynmt/training.py", line 737, in _log_examples
    logger.info("\tSource:     %s", sources[p])
Message: '\tSource:     %s'
Arguments: ('11 ya\u015f\u0131ndayken bir sabah evimdeki sevinç ç\u0131\u011fl\u0131klar\u0131yla uyand\u0131\u011f\u0131m\u0131 hat\u0131rl\u0131yorum .',)
2021-10-02 16:57:49,813 - INFO - joeynmt.training - 	Source:     11 ya\u015f\u0131ndayken bir sabah evimdeki sevinç ç\u0131\u011fl\u0131klar\u0131yla uyand\u0131\u011f\u0131m\u0131 hat\u0131rl\u0131yorum .
2021-10-02 16:57:49,813 - INFO - joeynmt.training - 	Reference:  "When I was 11 , I remember waking up one morning to the sound of joy in my house ."
2021-10-02 16:57:49,813 - INFO - joeynmt.training - 	Hypothesis: I was a girl in New York . &quot; &quot; The first ) I was going to be a little bit of the first .
2021-10-02 16:57:49,813 - INFO - joeynmt.training - Example #2
--- Logging error ---
Traceback (most recent call last):
  File "/sw/arch/Debian10/EB_production/2019/software/Anaconda3/2018.12/lib/python3.7/logging/__init__.py", line 1036, in emit
    stream.write(msg)
UnicodeEncodeError: 'latin-1' codec can't encode character '\u0131' in position 103: ordinal not in range(256)
Call stack:
  File "/sw/arch/Debian10/EB_production/2019/software/Anaconda3/2018.12/lib/python3.7/runpy.py", line 193, in _run_module_as_main
    "__main__", mod_spec)
  File "/sw/arch/Debian10/EB_production/2019/software/Anaconda3/2018.12/lib/python3.7/runpy.py", line 85, in _run_code
    exec(code, run_globals)
  File "/home/lcur0007/joeynmt/joeynmt/__main__.py", line 48, in <module>
    main()
  File "/home/lcur0007/joeynmt/joeynmt/__main__.py", line 35, in main
    train(cfg_file=args.config_path, skip_test=args.skip_test)
  File "/home/lcur0007/joeynmt/joeynmt/training.py", line 846, in train
    trainer.train_and_validate(train_data=train_data, valid_data=dev_data)
  File "/home/lcur0007/joeynmt/joeynmt/training.py", line 497, in train_and_validate
    valid_duration = self._validate(valid_data, epoch_no)
  File "/home/lcur0007/joeynmt/joeynmt/training.py", line 642, in _validate
    references=valid_references)
  File "/home/lcur0007/joeynmt/joeynmt/training.py", line 731, in _log_examples
    logger.debug("\tRaw source:     %s", sources_raw[p])
Message: '\tRaw source:     %s'
Arguments: (['"Babam', 'BBC', 'Haber', 'kanal\u0131n\u0131', 'dinliyordu', ';', 'o', 'ufak', ',', 'gri', 'radyosundan', '."'],)
--- Logging error ---
Traceback (most recent call last):
  File "/sw/arch/Debian10/EB_production/2019/software/Anaconda3/2018.12/lib/python3.7/logging/__init__.py", line 1036, in emit
    stream.write(msg)
UnicodeEncodeError: 'latin-1' codec can't encode character '\u0131' in position 87: ordinal not in range(256)
Call stack:
  File "/sw/arch/Debian10/EB_production/2019/software/Anaconda3/2018.12/lib/python3.7/runpy.py", line 193, in _run_module_as_main
    "__main__", mod_spec)
  File "/sw/arch/Debian10/EB_production/2019/software/Anaconda3/2018.12/lib/python3.7/runpy.py", line 85, in _run_code
    exec(code, run_globals)
  File "/home/lcur0007/joeynmt/joeynmt/__main__.py", line 48, in <module>
    main()
  File "/home/lcur0007/joeynmt/joeynmt/__main__.py", line 35, in main
    train(cfg_file=args.config_path, skip_test=args.skip_test)
  File "/home/lcur0007/joeynmt/joeynmt/training.py", line 846, in train
    trainer.train_and_validate(train_data=train_data, valid_data=dev_data)
  File "/home/lcur0007/joeynmt/joeynmt/training.py", line 497, in train_and_validate
    valid_duration = self._validate(valid_data, epoch_no)
  File "/home/lcur0007/joeynmt/joeynmt/training.py", line 642, in _validate
    references=valid_references)
  File "/home/lcur0007/joeynmt/joeynmt/training.py", line 737, in _log_examples
    logger.info("\tSource:     %s", sources[p])
Message: '\tSource:     %s'
Arguments: ('"Babam BBC Haber kanal\u0131n\u0131 dinliyordu ; o ufak , gri radyosundan ."',)
2021-10-02 16:57:49,814 - INFO - joeynmt.training - 	Source:     "Babam BBC Haber kanal\u0131n\u0131 dinliyordu ; o ufak , gri radyosundan ."
2021-10-02 16:57:49,814 - INFO - joeynmt.training - 	Reference:  "My father was listening to BBC News on his small , gray radio ."
2021-10-02 16:57:49,814 - INFO - joeynmt.training - 	Hypothesis: "I &apos;m going to be a little bit of the book , which is a little bit of the book , the Netherlands ."
2021-10-02 16:57:49,814 - INFO - joeynmt.training - Validation result (greedy) at epoch   1, step     2100: bleu:   4.28, loss: 397062.0625, ppl: 101.2445, duration: 38.5961s
2021-10-02 16:58:23,758 - INFO - joeynmt.training - Epoch   1: total training loss 227050.60
2021-10-02 16:58:23,758 - INFO - joeynmt.training - EPOCH 2
2021-10-02 16:59:04,061 - WARNING - sacrebleu - That's 100 lines that end in a tokenized period ('.')
2021-10-02 16:59:04,061 - WARNING - sacrebleu - It looks like you forgot to detokenize your test data, which may hurt your score.
2021-10-02 16:59:04,061 - WARNING - sacrebleu - If you insist your data is detokenized, or don't care, you can suppress this message with the `force` parameter.
2021-10-02 16:59:10,830 - INFO - joeynmt.helpers - delete models/test_big_boi_tr_en/1200.ckpt
2021-10-02 16:59:11,160 - INFO - joeynmt.training - Example #0
2021-10-02 16:59:11,161 - INFO - joeynmt.training - 	Source:     tr
2021-10-02 16:59:11,161 - INFO - joeynmt.training - 	Reference:  en
2021-10-02 16:59:11,161 - INFO - joeynmt.training - 	Hypothesis: They &apos;re going to be able to be .
2021-10-02 16:59:11,161 - INFO - joeynmt.training - Example #1
--- Logging error ---
Traceback (most recent call last):
  File "/sw/arch/Debian10/EB_production/2019/software/Anaconda3/2018.12/lib/python3.7/logging/__init__.py", line 1036, in emit
    stream.write(msg)
UnicodeEncodeError: 'latin-1' codec can't encode characters in position 80-81: ordinal not in range(256)
Call stack:
  File "/sw/arch/Debian10/EB_production/2019/software/Anaconda3/2018.12/lib/python3.7/runpy.py", line 193, in _run_module_as_main
    "__main__", mod_spec)
  File "/sw/arch/Debian10/EB_production/2019/software/Anaconda3/2018.12/lib/python3.7/runpy.py", line 85, in _run_code
    exec(code, run_globals)
  File "/home/lcur0007/joeynmt/joeynmt/__main__.py", line 48, in <module>
    main()
  File "/home/lcur0007/joeynmt/joeynmt/__main__.py", line 35, in main
    train(cfg_file=args.config_path, skip_test=args.skip_test)
  File "/home/lcur0007/joeynmt/joeynmt/training.py", line 846, in train
    trainer.train_and_validate(train_data=train_data, valid_data=dev_data)
  File "/home/lcur0007/joeynmt/joeynmt/training.py", line 497, in train_and_validate
    valid_duration = self._validate(valid_data, epoch_no)
  File "/home/lcur0007/joeynmt/joeynmt/training.py", line 642, in _validate
    references=valid_references)
  File "/home/lcur0007/joeynmt/joeynmt/training.py", line 731, in _log_examples
    logger.debug("\tRaw source:     %s", sources_raw[p])
Message: '\tRaw source:     %s'
Arguments: (['11', 'ya\u015f\u0131ndayken', 'bir', 'sabah', 'evimdeki', 'sevinç', 'ç\u0131\u011fl\u0131klar\u0131yla', 'uyand\u0131\u011f\u0131m\u0131', 'hat\u0131rl\u0131yorum', '.'],)
--- Logging error ---
Traceback (most recent call last):
  File "/sw/arch/Debian10/EB_production/2019/software/Anaconda3/2018.12/lib/python3.7/logging/__init__.py", line 1036, in emit
    stream.write(msg)
UnicodeEncodeError: 'latin-1' codec can't encode characters in position 70-71: ordinal not in range(256)
Call stack:
  File "/sw/arch/Debian10/EB_production/2019/software/Anaconda3/2018.12/lib/python3.7/runpy.py", line 193, in _run_module_as_main
    "__main__", mod_spec)
  File "/sw/arch/Debian10/EB_production/2019/software/Anaconda3/2018.12/lib/python3.7/runpy.py", line 85, in _run_code
    exec(code, run_globals)
  File "/home/lcur0007/joeynmt/joeynmt/__main__.py", line 48, in <module>
    main()
  File "/home/lcur0007/joeynmt/joeynmt/__main__.py", line 35, in main
    train(cfg_file=args.config_path, skip_test=args.skip_test)
  File "/home/lcur0007/joeynmt/joeynmt/training.py", line 846, in train
    trainer.train_and_validate(train_data=train_data, valid_data=dev_data)
  File "/home/lcur0007/joeynmt/joeynmt/training.py", line 497, in train_and_validate
    valid_duration = self._validate(valid_data, epoch_no)
  File "/home/lcur0007/joeynmt/joeynmt/training.py", line 642, in _validate
    references=valid_references)
  File "/home/lcur0007/joeynmt/joeynmt/training.py", line 737, in _log_examples
    logger.info("\tSource:     %s", sources[p])
Message: '\tSource:     %s'
Arguments: ('11 ya\u015f\u0131ndayken bir sabah evimdeki sevinç ç\u0131\u011fl\u0131klar\u0131yla uyand\u0131\u011f\u0131m\u0131 hat\u0131rl\u0131yorum .',)
2021-10-02 16:59:11,164 - INFO - joeynmt.training - 	Source:     11 ya\u015f\u0131ndayken bir sabah evimdeki sevinç ç\u0131\u011fl\u0131klar\u0131yla uyand\u0131\u011f\u0131m\u0131 hat\u0131rl\u0131yorum .
2021-10-02 16:59:11,165 - INFO - joeynmt.training - 	Reference:  "When I was 11 , I remember waking up one morning to the sound of joy in my house ."
2021-10-02 16:59:11,165 - INFO - joeynmt.training - 	Hypothesis: I was a girl in New York . I was going to go to the first time .
2021-10-02 16:59:11,165 - INFO - joeynmt.training - Example #2
--- Logging error ---
Traceback (most recent call last):
  File "/sw/arch/Debian10/EB_production/2019/software/Anaconda3/2018.12/lib/python3.7/logging/__init__.py", line 1036, in emit
    stream.write(msg)
UnicodeEncodeError: 'latin-1' codec can't encode character '\u0131' in position 103: ordinal not in range(256)
Call stack:
  File "/sw/arch/Debian10/EB_production/2019/software/Anaconda3/2018.12/lib/python3.7/runpy.py", line 193, in _run_module_as_main
    "__main__", mod_spec)
  File "/sw/arch/Debian10/EB_production/2019/software/Anaconda3/2018.12/lib/python3.7/runpy.py", line 85, in _run_code
    exec(code, run_globals)
  File "/home/lcur0007/joeynmt/joeynmt/__main__.py", line 48, in <module>
    main()
  File "/home/lcur0007/joeynmt/joeynmt/__main__.py", line 35, in main
    train(cfg_file=args.config_path, skip_test=args.skip_test)
  File "/home/lcur0007/joeynmt/joeynmt/training.py", line 846, in train
    trainer.train_and_validate(train_data=train_data, valid_data=dev_data)
  File "/home/lcur0007/joeynmt/joeynmt/training.py", line 497, in train_and_validate
    valid_duration = self._validate(valid_data, epoch_no)
  File "/home/lcur0007/joeynmt/joeynmt/training.py", line 642, in _validate
    references=valid_references)
  File "/home/lcur0007/joeynmt/joeynmt/training.py", line 731, in _log_examples
    logger.debug("\tRaw source:     %s", sources_raw[p])
Message: '\tRaw source:     %s'
Arguments: (['"Babam', 'BBC', 'Haber', 'kanal\u0131n\u0131', 'dinliyordu', ';', 'o', 'ufak', ',', 'gri', 'radyosundan', '."'],)
--- Logging error ---
Traceback (most recent call last):
  File "/sw/arch/Debian10/EB_production/2019/software/Anaconda3/2018.12/lib/python3.7/logging/__init__.py", line 1036, in emit
    stream.write(msg)
UnicodeEncodeError: 'latin-1' codec can't encode character '\u0131' in position 87: ordinal not in range(256)
Call stack:
  File "/sw/arch/Debian10/EB_production/2019/software/Anaconda3/2018.12/lib/python3.7/runpy.py", line 193, in _run_module_as_main
    "__main__", mod_spec)
  File "/sw/arch/Debian10/EB_production/2019/software/Anaconda3/2018.12/lib/python3.7/runpy.py", line 85, in _run_code
    exec(code, run_globals)
  File "/home/lcur0007/joeynmt/joeynmt/__main__.py", line 48, in <module>
    main()
  File "/home/lcur0007/joeynmt/joeynmt/__main__.py", line 35, in main
    train(cfg_file=args.config_path, skip_test=args.skip_test)
  File "/home/lcur0007/joeynmt/joeynmt/training.py", line 846, in train
    trainer.train_and_validate(train_data=train_data, valid_data=dev_data)
  File "/home/lcur0007/joeynmt/joeynmt/training.py", line 497, in train_and_validate
    valid_duration = self._validate(valid_data, epoch_no)
  File "/home/lcur0007/joeynmt/joeynmt/training.py", line 642, in _validate
    references=valid_references)
  File "/home/lcur0007/joeynmt/joeynmt/training.py", line 737, in _log_examples
    logger.info("\tSource:     %s", sources[p])
Message: '\tSource:     %s'
Arguments: ('"Babam BBC Haber kanal\u0131n\u0131 dinliyordu ; o ufak , gri radyosundan ."',)
2021-10-02 16:59:11,165 - INFO - joeynmt.training - 	Source:     "Babam BBC Haber kanal\u0131n\u0131 dinliyordu ; o ufak , gri radyosundan ."
2021-10-02 16:59:11,165 - INFO - joeynmt.training - 	Reference:  "My father was listening to BBC News on his small , gray radio ."
2021-10-02 16:59:11,166 - INFO - joeynmt.training - 	Hypothesis: "I was a little bit of my father , I was a little bit of my head , you can &apos;t be able to be ."
2021-10-02 16:59:11,166 - INFO - joeynmt.training - Validation result (greedy) at epoch   2, step     2200: bleu:   4.11, loss: 394420.2500, ppl:  98.1813, duration: 39.2148s
2021-10-02 17:00:24,453 - WARNING - sacrebleu - That's 100 lines that end in a tokenized period ('.')
2021-10-02 17:00:24,454 - WARNING - sacrebleu - It looks like you forgot to detokenize your test data, which may hurt your score.
2021-10-02 17:00:24,454 - WARNING - sacrebleu - If you insist your data is detokenized, or don't care, you can suppress this message with the `force` parameter.
2021-10-02 17:00:24,484 - INFO - joeynmt.training - Hooray! New best validation result [eval_metric]!
2021-10-02 17:00:30,674 - INFO - joeynmt.helpers - delete models/test_big_boi_tr_en/2200.ckpt
2021-10-02 17:00:31,057 - INFO - joeynmt.training - Example #0
2021-10-02 17:00:31,057 - INFO - joeynmt.training - 	Source:     tr
2021-10-02 17:00:31,057 - INFO - joeynmt.training - 	Reference:  en
2021-10-02 17:00:31,057 - INFO - joeynmt.training - 	Hypothesis: They were going to be able to be able to be .
2021-10-02 17:00:31,057 - INFO - joeynmt.training - Example #1
--- Logging error ---
Traceback (most recent call last):
  File "/sw/arch/Debian10/EB_production/2019/software/Anaconda3/2018.12/lib/python3.7/logging/__init__.py", line 1036, in emit
    stream.write(msg)
UnicodeEncodeError: 'latin-1' codec can't encode characters in position 80-81: ordinal not in range(256)
Call stack:
  File "/sw/arch/Debian10/EB_production/2019/software/Anaconda3/2018.12/lib/python3.7/runpy.py", line 193, in _run_module_as_main
    "__main__", mod_spec)
  File "/sw/arch/Debian10/EB_production/2019/software/Anaconda3/2018.12/lib/python3.7/runpy.py", line 85, in _run_code
    exec(code, run_globals)
  File "/home/lcur0007/joeynmt/joeynmt/__main__.py", line 48, in <module>
    main()
  File "/home/lcur0007/joeynmt/joeynmt/__main__.py", line 35, in main
    train(cfg_file=args.config_path, skip_test=args.skip_test)
  File "/home/lcur0007/joeynmt/joeynmt/training.py", line 846, in train
    trainer.train_and_validate(train_data=train_data, valid_data=dev_data)
  File "/home/lcur0007/joeynmt/joeynmt/training.py", line 497, in train_and_validate
    valid_duration = self._validate(valid_data, epoch_no)
  File "/home/lcur0007/joeynmt/joeynmt/training.py", line 642, in _validate
    references=valid_references)
  File "/home/lcur0007/joeynmt/joeynmt/training.py", line 731, in _log_examples
    logger.debug("\tRaw source:     %s", sources_raw[p])
Message: '\tRaw source:     %s'
Arguments: (['11', 'ya\u015f\u0131ndayken', 'bir', 'sabah', 'evimdeki', 'sevinç', 'ç\u0131\u011fl\u0131klar\u0131yla', 'uyand\u0131\u011f\u0131m\u0131', 'hat\u0131rl\u0131yorum', '.'],)
--- Logging error ---
Traceback (most recent call last):
  File "/sw/arch/Debian10/EB_production/2019/software/Anaconda3/2018.12/lib/python3.7/logging/__init__.py", line 1036, in emit
    stream.write(msg)
UnicodeEncodeError: 'latin-1' codec can't encode characters in position 70-71: ordinal not in range(256)
Call stack:
  File "/sw/arch/Debian10/EB_production/2019/software/Anaconda3/2018.12/lib/python3.7/runpy.py", line 193, in _run_module_as_main
    "__main__", mod_spec)
  File "/sw/arch/Debian10/EB_production/2019/software/Anaconda3/2018.12/lib/python3.7/runpy.py", line 85, in _run_code
    exec(code, run_globals)
  File "/home/lcur0007/joeynmt/joeynmt/__main__.py", line 48, in <module>
    main()
  File "/home/lcur0007/joeynmt/joeynmt/__main__.py", line 35, in main
    train(cfg_file=args.config_path, skip_test=args.skip_test)
  File "/home/lcur0007/joeynmt/joeynmt/training.py", line 846, in train
    trainer.train_and_validate(train_data=train_data, valid_data=dev_data)
  File "/home/lcur0007/joeynmt/joeynmt/training.py", line 497, in train_and_validate
    valid_duration = self._validate(valid_data, epoch_no)
  File "/home/lcur0007/joeynmt/joeynmt/training.py", line 642, in _validate
    references=valid_references)
  File "/home/lcur0007/joeynmt/joeynmt/training.py", line 737, in _log_examples
    logger.info("\tSource:     %s", sources[p])
Message: '\tSource:     %s'
Arguments: ('11 ya\u015f\u0131ndayken bir sabah evimdeki sevinç ç\u0131\u011fl\u0131klar\u0131yla uyand\u0131\u011f\u0131m\u0131 hat\u0131rl\u0131yorum .',)
2021-10-02 17:00:31,060 - INFO - joeynmt.training - 	Source:     11 ya\u015f\u0131ndayken bir sabah evimdeki sevinç ç\u0131\u011fl\u0131klar\u0131yla uyand\u0131\u011f\u0131m\u0131 hat\u0131rl\u0131yorum .
2021-10-02 17:00:31,060 - INFO - joeynmt.training - 	Reference:  "When I was 11 , I remember waking up one morning to the sound of joy in my house ."
2021-10-02 17:00:31,060 - INFO - joeynmt.training - 	Hypothesis: I was going to go to the New York Times .
2021-10-02 17:00:31,060 - INFO - joeynmt.training - Example #2
--- Logging error ---
Traceback (most recent call last):
  File "/sw/arch/Debian10/EB_production/2019/software/Anaconda3/2018.12/lib/python3.7/logging/__init__.py", line 1036, in emit
    stream.write(msg)
UnicodeEncodeError: 'latin-1' codec can't encode character '\u0131' in position 103: ordinal not in range(256)
Call stack:
  File "/sw/arch/Debian10/EB_production/2019/software/Anaconda3/2018.12/lib/python3.7/runpy.py", line 193, in _run_module_as_main
    "__main__", mod_spec)
  File "/sw/arch/Debian10/EB_production/2019/software/Anaconda3/2018.12/lib/python3.7/runpy.py", line 85, in _run_code
    exec(code, run_globals)
  File "/home/lcur0007/joeynmt/joeynmt/__main__.py", line 48, in <module>
    main()
  File "/home/lcur0007/joeynmt/joeynmt/__main__.py", line 35, in main
    train(cfg_file=args.config_path, skip_test=args.skip_test)
  File "/home/lcur0007/joeynmt/joeynmt/training.py", line 846, in train
    trainer.train_and_validate(train_data=train_data, valid_data=dev_data)
  File "/home/lcur0007/joeynmt/joeynmt/training.py", line 497, in train_and_validate
    valid_duration = self._validate(valid_data, epoch_no)
  File "/home/lcur0007/joeynmt/joeynmt/training.py", line 642, in _validate
    references=valid_references)
  File "/home/lcur0007/joeynmt/joeynmt/training.py", line 731, in _log_examples
    logger.debug("\tRaw source:     %s", sources_raw[p])
Message: '\tRaw source:     %s'
Arguments: (['"Babam', 'BBC', 'Haber', 'kanal\u0131n\u0131', 'dinliyordu', ';', 'o', 'ufak', ',', 'gri', 'radyosundan', '."'],)
--- Logging error ---
Traceback (most recent call last):
  File "/sw/arch/Debian10/EB_production/2019/software/Anaconda3/2018.12/lib/python3.7/logging/__init__.py", line 1036, in emit
    stream.write(msg)
UnicodeEncodeError: 'latin-1' codec can't encode character '\u0131' in position 87: ordinal not in range(256)
Call stack:
  File "/sw/arch/Debian10/EB_production/2019/software/Anaconda3/2018.12/lib/python3.7/runpy.py", line 193, in _run_module_as_main
    "__main__", mod_spec)
  File "/sw/arch/Debian10/EB_production/2019/software/Anaconda3/2018.12/lib/python3.7/runpy.py", line 85, in _run_code
    exec(code, run_globals)
  File "/home/lcur0007/joeynmt/joeynmt/__main__.py", line 48, in <module>
    main()
  File "/home/lcur0007/joeynmt/joeynmt/__main__.py", line 35, in main
    train(cfg_file=args.config_path, skip_test=args.skip_test)
  File "/home/lcur0007/joeynmt/joeynmt/training.py", line 846, in train
    trainer.train_and_validate(train_data=train_data, valid_data=dev_data)
  File "/home/lcur0007/joeynmt/joeynmt/training.py", line 497, in train_and_validate
    valid_duration = self._validate(valid_data, epoch_no)
  File "/home/lcur0007/joeynmt/joeynmt/training.py", line 642, in _validate
    references=valid_references)
  File "/home/lcur0007/joeynmt/joeynmt/training.py", line 737, in _log_examples
    logger.info("\tSource:     %s", sources[p])
Message: '\tSource:     %s'
Arguments: ('"Babam BBC Haber kanal\u0131n\u0131 dinliyordu ; o ufak , gri radyosundan ."',)
2021-10-02 17:00:31,061 - INFO - joeynmt.training - 	Source:     "Babam BBC Haber kanal\u0131n\u0131 dinliyordu ; o ufak , gri radyosundan ."
2021-10-02 17:00:31,061 - INFO - joeynmt.training - 	Reference:  "My father was listening to BBC News on his small , gray radio ."
2021-10-02 17:00:31,061 - INFO - joeynmt.training - 	Hypothesis: "My name is a friend of the University of the University of the morning , the name of the water ."
2021-10-02 17:00:31,061 - INFO - joeynmt.training - Validation result (greedy) at epoch   2, step     2300: bleu:   5.09, loss: 393399.8438, ppl:  97.0231, duration: 38.1322s
2021-10-02 17:01:44,845 - WARNING - sacrebleu - That's 100 lines that end in a tokenized period ('.')
2021-10-02 17:01:44,845 - WARNING - sacrebleu - It looks like you forgot to detokenize your test data, which may hurt your score.
2021-10-02 17:01:44,845 - WARNING - sacrebleu - If you insist your data is detokenized, or don't care, you can suppress this message with the `force` parameter.
2021-10-02 17:01:50,855 - INFO - joeynmt.helpers - delete models/test_big_boi_tr_en/1500.ckpt
2021-10-02 17:01:51,224 - INFO - joeynmt.training - Example #0
2021-10-02 17:01:51,225 - INFO - joeynmt.training - 	Source:     tr
2021-10-02 17:01:51,225 - INFO - joeynmt.training - 	Reference:  en
2021-10-02 17:01:51,225 - INFO - joeynmt.training - 	Hypothesis: We &apos;re going to be able to be .
2021-10-02 17:01:51,225 - INFO - joeynmt.training - Example #1
--- Logging error ---
Traceback (most recent call last):
  File "/sw/arch/Debian10/EB_production/2019/software/Anaconda3/2018.12/lib/python3.7/logging/__init__.py", line 1036, in emit
    stream.write(msg)
UnicodeEncodeError: 'latin-1' codec can't encode characters in position 80-81: ordinal not in range(256)
Call stack:
  File "/sw/arch/Debian10/EB_production/2019/software/Anaconda3/2018.12/lib/python3.7/runpy.py", line 193, in _run_module_as_main
    "__main__", mod_spec)
  File "/sw/arch/Debian10/EB_production/2019/software/Anaconda3/2018.12/lib/python3.7/runpy.py", line 85, in _run_code
    exec(code, run_globals)
  File "/home/lcur0007/joeynmt/joeynmt/__main__.py", line 48, in <module>
    main()
  File "/home/lcur0007/joeynmt/joeynmt/__main__.py", line 35, in main
    train(cfg_file=args.config_path, skip_test=args.skip_test)
  File "/home/lcur0007/joeynmt/joeynmt/training.py", line 846, in train
    trainer.train_and_validate(train_data=train_data, valid_data=dev_data)
  File "/home/lcur0007/joeynmt/joeynmt/training.py", line 497, in train_and_validate
    valid_duration = self._validate(valid_data, epoch_no)
  File "/home/lcur0007/joeynmt/joeynmt/training.py", line 642, in _validate
    references=valid_references)
  File "/home/lcur0007/joeynmt/joeynmt/training.py", line 731, in _log_examples
    logger.debug("\tRaw source:     %s", sources_raw[p])
Message: '\tRaw source:     %s'
Arguments: (['11', 'ya\u015f\u0131ndayken', 'bir', 'sabah', 'evimdeki', 'sevinç', 'ç\u0131\u011fl\u0131klar\u0131yla', 'uyand\u0131\u011f\u0131m\u0131', 'hat\u0131rl\u0131yorum', '.'],)
--- Logging error ---
Traceback (most recent call last):
  File "/sw/arch/Debian10/EB_production/2019/software/Anaconda3/2018.12/lib/python3.7/logging/__init__.py", line 1036, in emit
    stream.write(msg)
UnicodeEncodeError: 'latin-1' codec can't encode characters in position 70-71: ordinal not in range(256)
Call stack:
  File "/sw/arch/Debian10/EB_production/2019/software/Anaconda3/2018.12/lib/python3.7/runpy.py", line 193, in _run_module_as_main
    "__main__", mod_spec)
  File "/sw/arch/Debian10/EB_production/2019/software/Anaconda3/2018.12/lib/python3.7/runpy.py", line 85, in _run_code
    exec(code, run_globals)
  File "/home/lcur0007/joeynmt/joeynmt/__main__.py", line 48, in <module>
    main()
  File "/home/lcur0007/joeynmt/joeynmt/__main__.py", line 35, in main
    train(cfg_file=args.config_path, skip_test=args.skip_test)
  File "/home/lcur0007/joeynmt/joeynmt/training.py", line 846, in train
    trainer.train_and_validate(train_data=train_data, valid_data=dev_data)
  File "/home/lcur0007/joeynmt/joeynmt/training.py", line 497, in train_and_validate
    valid_duration = self._validate(valid_data, epoch_no)
  File "/home/lcur0007/joeynmt/joeynmt/training.py", line 642, in _validate
    references=valid_references)
  File "/home/lcur0007/joeynmt/joeynmt/training.py", line 737, in _log_examples
    logger.info("\tSource:     %s", sources[p])
Message: '\tSource:     %s'
Arguments: ('11 ya\u015f\u0131ndayken bir sabah evimdeki sevinç ç\u0131\u011fl\u0131klar\u0131yla uyand\u0131\u011f\u0131m\u0131 hat\u0131rl\u0131yorum .',)
2021-10-02 17:01:51,228 - INFO - joeynmt.training - 	Source:     11 ya\u015f\u0131ndayken bir sabah evimdeki sevinç ç\u0131\u011fl\u0131klar\u0131yla uyand\u0131\u011f\u0131m\u0131 hat\u0131rl\u0131yorum .
2021-10-02 17:01:51,228 - INFO - joeynmt.training - 	Reference:  "When I was 11 , I remember waking up one morning to the sound of joy in my house ."
2021-10-02 17:01:51,228 - INFO - joeynmt.training - 	Hypothesis: I &apos;m going to go to the New York Times . I &apos;m going to go to the first time .
2021-10-02 17:01:51,228 - INFO - joeynmt.training - Example #2
--- Logging error ---
Traceback (most recent call last):
  File "/sw/arch/Debian10/EB_production/2019/software/Anaconda3/2018.12/lib/python3.7/logging/__init__.py", line 1036, in emit
    stream.write(msg)
UnicodeEncodeError: 'latin-1' codec can't encode character '\u0131' in position 103: ordinal not in range(256)
Call stack:
  File "/sw/arch/Debian10/EB_production/2019/software/Anaconda3/2018.12/lib/python3.7/runpy.py", line 193, in _run_module_as_main
    "__main__", mod_spec)
  File "/sw/arch/Debian10/EB_production/2019/software/Anaconda3/2018.12/lib/python3.7/runpy.py", line 85, in _run_code
    exec(code, run_globals)
  File "/home/lcur0007/joeynmt/joeynmt/__main__.py", line 48, in <module>
    main()
  File "/home/lcur0007/joeynmt/joeynmt/__main__.py", line 35, in main
    train(cfg_file=args.config_path, skip_test=args.skip_test)
  File "/home/lcur0007/joeynmt/joeynmt/training.py", line 846, in train
    trainer.train_and_validate(train_data=train_data, valid_data=dev_data)
  File "/home/lcur0007/joeynmt/joeynmt/training.py", line 497, in train_and_validate
    valid_duration = self._validate(valid_data, epoch_no)
  File "/home/lcur0007/joeynmt/joeynmt/training.py", line 642, in _validate
    references=valid_references)
  File "/home/lcur0007/joeynmt/joeynmt/training.py", line 731, in _log_examples
    logger.debug("\tRaw source:     %s", sources_raw[p])
Message: '\tRaw source:     %s'
Arguments: (['"Babam', 'BBC', 'Haber', 'kanal\u0131n\u0131', 'dinliyordu', ';', 'o', 'ufak', ',', 'gri', 'radyosundan', '."'],)
--- Logging error ---
Traceback (most recent call last):
  File "/sw/arch/Debian10/EB_production/2019/software/Anaconda3/2018.12/lib/python3.7/logging/__init__.py", line 1036, in emit
    stream.write(msg)
UnicodeEncodeError: 'latin-1' codec can't encode character '\u0131' in position 87: ordinal not in range(256)
Call stack:
  File "/sw/arch/Debian10/EB_production/2019/software/Anaconda3/2018.12/lib/python3.7/runpy.py", line 193, in _run_module_as_main
    "__main__", mod_spec)
  File "/sw/arch/Debian10/EB_production/2019/software/Anaconda3/2018.12/lib/python3.7/runpy.py", line 85, in _run_code
    exec(code, run_globals)
  File "/home/lcur0007/joeynmt/joeynmt/__main__.py", line 48, in <module>
    main()
  File "/home/lcur0007/joeynmt/joeynmt/__main__.py", line 35, in main
    train(cfg_file=args.config_path, skip_test=args.skip_test)
  File "/home/lcur0007/joeynmt/joeynmt/training.py", line 846, in train
    trainer.train_and_validate(train_data=train_data, valid_data=dev_data)
  File "/home/lcur0007/joeynmt/joeynmt/training.py", line 497, in train_and_validate
    valid_duration = self._validate(valid_data, epoch_no)
  File "/home/lcur0007/joeynmt/joeynmt/training.py", line 642, in _validate
    references=valid_references)
  File "/home/lcur0007/joeynmt/joeynmt/training.py", line 737, in _log_examples
    logger.info("\tSource:     %s", sources[p])
Message: '\tSource:     %s'
Arguments: ('"Babam BBC Haber kanal\u0131n\u0131 dinliyordu ; o ufak , gri radyosundan ."',)
2021-10-02 17:01:51,229 - INFO - joeynmt.training - 	Source:     "Babam BBC Haber kanal\u0131n\u0131 dinliyordu ; o ufak , gri radyosundan ."
2021-10-02 17:01:51,229 - INFO - joeynmt.training - 	Reference:  "My father was listening to BBC News on his small , gray radio ."
2021-10-02 17:01:51,229 - INFO - joeynmt.training - 	Hypothesis: "He was a friend of the University of the University of the University of the University , the name is the same ."
2021-10-02 17:01:51,229 - INFO - joeynmt.training - Validation result (greedy) at epoch   2, step     2400: bleu:   4.54, loss: 391271.9375, ppl:  94.6516, duration: 38.4608s
